{"meta": {"format": 3, "version": "7.15.0", "timestamp": "2026-07-09T18:58:10.079634", "branch_coverage": true, "show_contexts": false}, "files": {"jsonpickle/__init__.py": {"executed_lines": [70, 71, 72, 73, 74, 75, 76, 77, 78, 80, 83, 86, 87, 88, 89, 90, 91, 94, 95], "summary": {"covered_lines": 19, "num_statements": 19, "percent_covered": 100.0, "percent_covered_display": "100", "missing_lines": 0, "excluded_lines": 0, "percent_statements_covered": 100.0, "percent_statements_covered_display": "100", "num_branches": 0, "num_partial_branches": 0, "covered_branches": 0, "missing_branches": 0, "percent_branches_covered": 100.0, "percent_branches_covered_display": "100"}, "missing_lines": [], "excluded_lines": [], "executed_branches": [], "missing_branches": [], "functions": {"": {"executed_lines": [70, 71, 72, 73, 74, 75, 76, 77, 78, 80, 83, 86, 87, 88, 89, 90, 91, 94, 95], "summary": {"covered_lines": 19, "num_statements": 19, "percent_covered": 100.0, "percent_covered_display": "100", "missing_lines": 0, "excluded_lines": 0, "percent_statements_covered": 100.0, "percent_statements_covered_display": "100", "num_branches": 0, "num_partial_branches": 0, "covered_branches": 0, "missing_branches": 0, "percent_branches_covered": 100.0, "percent_branches_covered_display": "100"}, "missing_lines": [], "excluded_lines": [], "start_line": 1, "executed_branches": [], "missing_branches": []}}, "classes": {"": {"executed_lines": [70, 71, 72, 73, 74, 75, 76, 77, 78, 80, 83, 86, 87, 88, 89, 90, 91, 94, 95], "summary": {"covered_lines": 19, "num_statements": 19, "percent_covered": 100.0, "percent_covered_display": "100", "missing_lines": 0, "excluded_lines": 0, "percent_statements_covered": 100.0, "percent_statements_covered_display": "100", "num_branches": 0, "num_partial_branches": 0, "covered_branches": 0, "missing_branches": 0, "percent_branches_covered": 100.0, "percent_branches_covered_display": "100"}, "missing_lines": [], "excluded_lines": [], "start_line": 1, "executed_branches": [], "missing_branches": []}}}, "jsonpickle/backend.py": {"executed_lines": [1, 2, 5, 16, 18, 19, 20, 22, 32, 34, 35, 36, 38, 39, 40, 43, 44, 45, 48, 50, 58, 60, 61, 62, 64, 65, 66, 67, 68, 69, 71, 74, 76, 78, 80, 83, 84, 87, 90, 93, 96, 98, 99, 100, 103, 104, 111, 128, 131, 132, 133, 134, 135, 136, 138, 165, 167, 168, 169, 172, 173, 178, 181, 183, 185, 189, 192, 193, 196, 199, 200, 202, 204, 205, 206, 207, 208, 209, 210, 211, 213, 220, 221, 222, 223, 224, 225, 226, 227, 229, 230, 231, 232, 234, 252, 253, 254, 256, 257, 259, 278, 280, 296, 299], "summary": {"covered_lines": 104, "num_statements": 109, "percent_covered": 93.5251798561151, "percent_covered_display": "94", "missing_lines": 5, "excluded_lines": 0, "percent_statements_covered": 95.41284403669725, "percent_statements_covered_display": "95", "num_branches": 30, "num_partial_branches": 4, "covered_branches": 26, "missing_branches": 4, "percent_branches_covered": 86.66666666666667, "percent_branches_covered_display": "87"}, "missing_lines": [126, 174, 175, 176, 186], "excluded_lines": [], "executed_branches": [[18, 19], [18, 20], [34, 35], [34, 38], [38, 39], [44, 38], [44, 45], [60, 61], [60, 64], [64, 65], [68, 69], [68, 71], [173, 178], [178, 181], [178, 183], [183, 185], [183, 189], [185, 192], [209, 210], [209, 211], [222, 223], [222, 224], [224, 225], [224, 226], [252, 253], [252, 256]], "missing_branches": [[38, -22], [64, -50], [173, 174], [185, 186]], "functions": {"JSONBackend._verify": {"executed_lines": [18, 19, 20], "summary": {"covered_lines": 3, "num_statements": 3, "percent_covered": 100.0, "percent_covered_display": "100", "missing_lines": 0, "excluded_lines": 0, "percent_statements_covered": 100.0, "percent_statements_covered_display": "100", "num_branches": 2, "num_partial_branches": 0, "covered_branches": 2, "missing_branches": 0, "percent_branches_covered": 100.0, "percent_branches_covered_display": "100"}, "missing_lines": [], "excluded_lines": [], "start_line": 16, "executed_branches": [[18, 19], [18, 20]], "missing_branches": []}, "JSONBackend.encode": {"executed_lines": [32, 34, 35, 36, 38, 39, 40, 43, 44, 45], "summary": {"covered_lines": 10, "num_statements": 10, "percent_covered": 93.75, "percent_covered_display": "94", "missing_lines": 0, "excluded_lines": 0, "percent_statements_covered": 100.0, "percent_statements_covered_display": "100", "num_branches": 6, "num_partial_branches": 1, "covered_branches": 5, "missing_branches": 1, "percent_branches_covered": 83.33333333333333, "percent_branches_covered_display": "83"}, "missing_lines": [], "excluded_lines": [], "start_line": 22, "executed_branches": [[34, 35], [34, 38], [38, 39], [44, 38], [44, 45]], "missing_branches": [[38, -22]]}, "JSONBackend.decode": {"executed_lines": [58, 60, 61, 62, 64, 65, 66, 67, 68, 69, 71], "summary": {"covered_lines": 11, "num_statements": 11, "percent_covered": 94.11764705882354, "percent_covered_display": "94", "missing_lines": 0, "excluded_lines": 0, "percent_statements_covered": 100.0, "percent_statements_covered_display": "100", "num_branches": 6, "num_partial_branches": 1, "covered_branches": 5, "missing_branches": 1, "percent_branches_covered": 83.33333333333333, "percent_branches_covered_display": "83"}, "missing_lines": [], "excluded_lines": [], "start_line": 50, "executed_branches": [[60, 61], [60, 64], [64, 65], [68, 69], [68, 71]], "missing_branches": [[64, -50]]}, "JSONBackend.__init__": {"executed_lines": [78, 80, 83, 84, 87, 90, 93, 96, 98, 99, 100, 103, 104], "summary": {"covered_lines": 13, "num_statements": 13, "percent_covered": 100.0, "percent_covered_display": "100", "missing_lines": 0, "excluded_lines": 0, "percent_statements_covered": 100.0, "percent_statements_covered_display": "100", "num_branches": 0, "num_partial_branches": 0, "covered_branches": 0, "missing_branches": 0, "percent_branches_covered": 100.0, "percent_branches_covered_display": "100"}, "missing_lines": [], "excluded_lines": [], "start_line": 76, "executed_branches": [], "missing_branches": []}, "JSONBackend.enable_fallthrough": {"executed_lines": [], "summary": {"covered_lines": 0, "num_statements": 1, "percent_covered": 0.0, "percent_covered_display": "0", "missing_lines": 1, "excluded_lines": 0, "percent_statements_covered": 0.0, "percent_statements_covered_display": "0", "num_branches": 0, "num_partial_branches": 0, "covered_branches": 0, "missing_branches": 0, "percent_branches_covered": 100.0, "percent_branches_covered_display": "100"}, "missing_lines": [126], "excluded_lines": [], "start_line": 111, "executed_branches": [], "missing_branches": []}, "JSONBackend._store": {"executed_lines": [131, 132, 133, 134, 135, 136], "summary": {"covered_lines": 6, "num_statements": 6, "percent_covered": 100.0, "percent_covered_display": "100", "missing_lines": 0, "excluded_lines": 0, "percent_statements_covered": 100.0, "percent_statements_covered_display": "100", "num_branches": 0, "num_partial_branches": 0, "covered_branches": 0, "missing_branches": 0, "percent_branches_covered": 100.0, "percent_branches_covered_display": "100"}, "missing_lines": [], "excluded_lines": [], "start_line": 128, "executed_branches": [], "missing_branches": []}, "JSONBackend.load_backend": {"executed_lines": [165, 167, 168, 169, 172, 173, 178, 181, 183, 185, 189, 192, 193, 196, 199, 200], "summary": {"covered_lines": 16, "num_statements": 20, "percent_covered": 78.57142857142857, "percent_covered_display": "79", "missing_lines": 4, "excluded_lines": 0, "percent_statements_covered": 80.0, "percent_statements_covered_display": "80", "num_branches": 8, "num_partial_branches": 2, "covered_branches": 6, "missing_branches": 2, "percent_branches_covered": 75.0, "percent_branches_covered_display": "75"}, "missing_lines": [174, 175, 176, 186], "excluded_lines": [], "start_line": 138, "executed_branches": [[173, 178], [178, 181], [178, 183], [183, 185], [183, 189], [185, 192]], "missing_branches": [[173, 174], [185, 186]]}, "JSONBackend.remove_backend": {"executed_lines": [204, 205, 206, 207, 208, 209, 210, 211], "summary": {"covered_lines": 8, "num_statements": 8, "percent_covered": 100.0, "percent_covered_display": "100", "missing_lines": 0, "excluded_lines": 0, "percent_statements_covered": 100.0, "percent_statements_covered_display": "100", "num_branches": 2, "num_partial_branches": 0, "covered_branches": 2, "missing_branches": 0, "percent_branches_covered": 100.0, "percent_branches_covered_display": "100"}, "missing_lines": [], "excluded_lines": [], "start_line": 202, "executed_branches": [[209, 210], [209, 211]], "missing_branches": []}, "JSONBackend.backend_encode": {"executed_lines": [220, 221, 222, 223, 224, 225, 226, 227], "summary": {"covered_lines": 8, "num_statements": 8, "percent_covered": 100.0, "percent_covered_display": "100", "missing_lines": 0, "excluded_lines": 0, "percent_statements_covered": 100.0, "percent_statements_covered_display": "100", "num_branches": 4, "num_partial_branches": 0, "covered_branches": 4, "missing_branches": 0, "percent_branches_covered": 100.0, "percent_branches_covered_display": "100"}, "missing_lines": [], "excluded_lines": [], "start_line": 213, "executed_branches": [[222, 223], [222, 224], [224, 225], [224, 226]], "missing_branches": []}, "JSONBackend.backend_decode": {"executed_lines": [230, 231, 232], "summary": {"covered_lines": 3, "num_statements": 3, "percent_covered": 100.0, "percent_covered_display": "100", "missing_lines": 0, "excluded_lines": 0, "percent_statements_covered": 100.0, "percent_statements_covered_display": "100", "num_branches": 0, "num_partial_branches": 0, "covered_branches": 0, "missing_branches": 0, "percent_branches_covered": 100.0, "percent_branches_covered_display": "100"}, "missing_lines": [], "excluded_lines": [], "start_line": 229, "executed_branches": [], "missing_branches": []}, "JSONBackend.set_preferred_backend": {"executed_lines": [252, 253, 254, 256, 257], "summary": {"covered_lines": 5, "num_statements": 5, "percent_covered": 100.0, "percent_covered_display": "100", "missing_lines": 0, "excluded_lines": 0, "percent_statements_covered": 100.0, "percent_statements_covered_display": "100", "num_branches": 2, "num_partial_branches": 0, "covered_branches": 2, "missing_branches": 0, "percent_branches_covered": 100.0, "percent_branches_covered_display": "100"}, "missing_lines": [], "excluded_lines": [], "start_line": 234, "executed_branches": [[252, 253], [252, 256]], "missing_branches": []}, "JSONBackend.set_encoder_options": {"executed_lines": [278], "summary": {"covered_lines": 1, "num_statements": 1, "percent_covered": 100.0, "percent_covered_display": "100", "missing_lines": 0, "excluded_lines": 0, "percent_statements_covered": 100.0, "percent_statements_covered_display": "100", "num_branches": 0, "num_partial_branches": 0, "covered_branches": 0, "missing_branches": 0, "percent_branches_covered": 100.0, "percent_branches_covered_display": "100"}, "missing_lines": [], "excluded_lines": [], "start_line": 259, "executed_branches": [], "missing_branches": []}, "JSONBackend.set_decoder_options": {"executed_lines": [296], "summary": {"covered_lines": 1, "num_statements": 1, "percent_covered": 100.0, "percent_covered_display": "100", "missing_lines": 0, "excluded_lines": 0, "percent_statements_covered": 100.0, "percent_statements_covered_display": "100", "num_branches": 0, "num_partial_branches": 0, "covered_branches": 0, "missing_branches": 0, "percent_branches_covered": 100.0, "percent_branches_covered_display": "100"}, "missing_lines": [], "excluded_lines": [], "start_line": 280, "executed_branches": [], "missing_branches": []}, "": {"executed_lines": [1, 2, 5, 16, 22, 48, 50, 74, 76, 111, 128, 138, 202, 213, 229, 234, 259, 280, 299], "summary": {"covered_lines": 19, "num_statements": 19, "percent_covered": 100.0, "percent_covered_display": "100", "missing_lines": 0, "excluded_lines": 0, "percent_statements_covered": 100.0, "percent_statements_covered_display": "100", "num_branches": 0, "num_partial_branches": 0, "covered_branches": 0, "missing_branches": 0, "percent_branches_covered": 100.0, "percent_branches_covered_display": "100"}, "missing_lines": [], "excluded_lines": [], "start_line": 1, "executed_branches": [], "missing_branches": []}}, "classes": {"JSONBackend": {"executed_lines": [18, 19, 20, 32, 34, 35, 36, 38, 39, 40, 43, 44, 45, 58, 60, 61, 62, 64, 65, 66, 67, 68, 69, 71, 78, 80, 83, 84, 87, 90, 93, 96, 98, 99, 100, 103, 104, 131, 132, 133, 134, 135, 136, 165, 167, 168, 169, 172, 173, 178, 181, 183, 185, 189, 192, 193, 196, 199, 200, 204, 205, 206, 207, 208, 209, 210, 211, 220, 221, 222, 223, 224, 225, 226, 227, 230, 231, 232, 252, 253, 254, 256, 257, 278, 296], "summary": {"covered_lines": 85, "num_statements": 90, "percent_covered": 92.5, "percent_covered_display": "92", "missing_lines": 5, "excluded_lines": 0, "percent_statements_covered": 94.44444444444444, "percent_statements_covered_display": "94", "num_branches": 30, "num_partial_branches": 4, "covered_branches": 26, "missing_branches": 4, "percent_branches_covered": 86.66666666666667, "percent_branches_covered_display": "87"}, "missing_lines": [126, 174, 175, 176, 186], "excluded_lines": [], "start_line": 5, "executed_branches": [[18, 19], [18, 20], [34, 35], [34, 38], [38, 39], [44, 38], [44, 45], [60, 61], [60, 64], [64, 65], [68, 69], [68, 71], [173, 178], [178, 181], [178, 183], [183, 185], [183, 189], [185, 192], [209, 210], [209, 211], [222, 223], [222, 224], [224, 225], [224, 226], [252, 253], [252, 256]], "missing_branches": [[38, -22], [64, -50], [173, 174], [185, 186]]}, "": {"executed_lines": [1, 2, 5, 16, 22, 48, 50, 74, 76, 111, 128, 138, 202, 213, 229, 234, 259, 280, 299], "summary": {"covered_lines": 19, "num_statements": 19, "percent_covered": 100.0, "percent_covered_display": "100", "missing_lines": 0, "excluded_lines": 0, "percent_statements_covered": 100.0, "percent_statements_covered_display": "100", "num_branches": 0, "num_partial_branches": 0, "covered_branches": 0, "missing_branches": 0, "percent_branches_covered": 100.0, "percent_branches_covered_display": "100"}, "missing_lines": [], "excluded_lines": [], "start_line": 1, "executed_branches": [], "missing_branches": []}}}, "jsonpickle/compat.py": {"executed_lines": [], "summary": {"covered_lines": 0, "num_statements": 11, "percent_covered": 0.0, "percent_covered_display": "0", "missing_lines": 11, "excluded_lines": 0, "percent_statements_covered": 0.0, "percent_statements_covered_display": "0", "num_branches": 0, "num_partial_branches": 0, "covered_branches": 0, "missing_branches": 0, "percent_branches_covered": 100.0, "percent_branches_covered_display": "100"}, "missing_lines": [3, 4, 5, 7, 9, 10, 12, 13, 14, 17, 18], "excluded_lines": [], "executed_branches": [], "missing_branches": [], "functions": {"iterator": {"executed_lines": [], "summary": {"covered_lines": 0, "num_statements": 1, "percent_covered": 0.0, "percent_covered_display": "0", "missing_lines": 1, "excluded_lines": 0, "percent_statements_covered": 0.0, "percent_statements_covered_display": "0", "num_branches": 0, "num_partial_branches": 0, "covered_branches": 0, "missing_branches": 0, "percent_branches_covered": 100.0, "percent_branches_covered_display": "100"}, "missing_lines": [18], "excluded_lines": [], "start_line": 17, "executed_branches": [], "missing_branches": []}, "": {"executed_lines": [], "summary": {"covered_lines": 0, "num_statements": 10, "percent_covered": 0.0, "percent_covered_display": "0", "missing_lines": 10, "excluded_lines": 0, "percent_statements_covered": 0.0, "percent_statements_covered_display": "0", "num_branches": 0, "num_partial_branches": 0, "covered_branches": 0, "missing_branches": 0, "percent_branches_covered": 100.0, "percent_branches_covered_display": "100"}, "missing_lines": [3, 4, 5, 7, 9, 10, 12, 13, 14, 17], "excluded_lines": [], "start_line": 1, "executed_branches": [], "missing_branches": []}}, "classes": {"": {"executed_lines": [], "summary": {"covered_lines": 0, "num_statements": 11, "percent_covered": 0.0, "percent_covered_display": "0", "missing_lines": 11, "excluded_lines": 0, "percent_statements_covered": 0.0, "percent_statements_covered_display": "0", "num_branches": 0, "num_partial_branches": 0, "covered_branches": 0, "missing_branches": 0, "percent_branches_covered": 100.0, "percent_branches_covered_display": "100"}, "missing_lines": [3, 4, 5, 7, 9, 10, 12, 13, 14, 17, 18], "excluded_lines": [], "start_line": 1, "executed_branches": [], "missing_branches": []}}}, "jsonpickle/errors.py": {"executed_lines": [5, 8, 9, 10], "summary": {"covered_lines": 4, "num_statements": 4, "percent_covered": 100.0, "percent_covered_display": "100", "missing_lines": 0, "excluded_lines": 0, "percent_statements_covered": 100.0, "percent_statements_covered_display": "100", "num_branches": 0, "num_partial_branches": 0, "covered_branches": 0, "missing_branches": 0, "percent_branches_covered": 100.0, "percent_branches_covered_display": "100"}, "missing_lines": [], "excluded_lines": [], "executed_branches": [], "missing_branches": [], "functions": {"ClassNotFoundError.__init__": {"executed_lines": [10], "summary": {"covered_lines": 1, "num_statements": 1, "percent_covered": 100.0, "percent_covered_display": "100", "missing_lines": 0, "excluded_lines": 0, "percent_statements_covered": 100.0, "percent_statements_covered_display": "100", "num_branches": 0, "num_partial_branches": 0, "covered_branches": 0, "missing_branches": 0, "percent_branches_covered": 100.0, "percent_branches_covered_display": "100"}, "missing_lines": [], "excluded_lines": [], "start_line": 9, "executed_branches": [], "missing_branches": []}, "": {"executed_lines": [5, 8, 9], "summary": {"covered_lines": 3, "num_statements": 3, "percent_covered": 100.0, "percent_covered_display": "100", "missing_lines": 0, "excluded_lines": 0, "percent_statements_covered": 100.0, "percent_statements_covered_display": "100", "num_branches": 0, "num_partial_branches": 0, "covered_branches": 0, "missing_branches": 0, "percent_branches_covered": 100.0, "percent_branches_covered_display": "100"}, "missing_lines": [], "excluded_lines": [], "start_line": 1, "executed_branches": [], "missing_branches": []}}, "classes": {"ClassNotFoundError": {"executed_lines": [10], "summary": {"covered_lines": 1, "num_statements": 1, "percent_covered": 100.0, "percent_covered_display": "100", "missing_lines": 0, "excluded_lines": 0, "percent_statements_covered": 100.0, "percent_statements_covered_display": "100", "num_branches": 0, "num_partial_branches": 0, "covered_branches": 0, "missing_branches": 0, "percent_branches_covered": 100.0, "percent_branches_covered_display": "100"}, "missing_lines": [], "excluded_lines": [], "start_line": 8, "executed_branches": [], "missing_branches": []}, "": {"executed_lines": [5, 8, 9], "summary": {"covered_lines": 3, "num_statements": 3, "percent_covered": 100.0, "percent_covered_display": "100", "missing_lines": 0, "excluded_lines": 0, "percent_statements_covered": 100.0, "percent_statements_covered_display": "100", "num_branches": 0, "num_partial_branches": 0, "covered_branches": 0, "missing_branches": 0, "percent_branches_covered": 100.0, "percent_branches_covered_display": "100"}, "missing_lines": [], "excluded_lines": [], "start_line": 1, "executed_branches": [], "missing_branches": []}}}, "jsonpickle/ext/__init__.py": {"executed_lines": [], "summary": {"covered_lines": 0, "num_statements": 0, "percent_covered": 100.0, "percent_covered_display": "100", "missing_lines": 0, "excluded_lines": 0, "percent_statements_covered": 100.0, "percent_statements_covered_display": "100", "num_branches": 0, "num_partial_branches": 0, "covered_branches": 0, "missing_branches": 0, "percent_branches_covered": 100.0, "percent_branches_covered_display": "100"}, "missing_lines": [], "excluded_lines": [], "executed_branches": [], "missing_branches": [], "functions": {"": {"executed_lines": [], "summary": {"covered_lines": 0, "num_statements": 0, "percent_covered": 100.0, "percent_covered_display": "100", "missing_lines": 0, "excluded_lines": 0, "percent_statements_covered": 100.0, "percent_statements_covered_display": "100", "num_branches": 0, "num_partial_branches": 0, "covered_branches": 0, "missing_branches": 0, "percent_branches_covered": 100.0, "percent_branches_covered_display": "100"}, "missing_lines": [], "excluded_lines": [], "start_line": 1, "executed_branches": [], "missing_branches": []}}, "classes": {"": {"executed_lines": [], "summary": {"covered_lines": 0, "num_statements": 0, "percent_covered": 100.0, "percent_covered_display": "100", "missing_lines": 0, "excluded_lines": 0, "percent_statements_covered": 100.0, "percent_statements_covered_display": "100", "num_branches": 0, "num_partial_branches": 0, "covered_branches": 0, "missing_branches": 0, "percent_branches_covered": 100.0, "percent_branches_covered_display": "100"}, "missing_lines": [], "excluded_lines": [], "start_line": 1, "executed_branches": [], "missing_branches": []}}}, "jsonpickle/ext/gmpy.py": {"executed_lines": [], "summary": {"covered_lines": 0, "num_statements": 19, "percent_covered": 0.0, "percent_covered_display": "0", "missing_lines": 19, "excluded_lines": 0, "percent_statements_covered": 0.0, "percent_statements_covered_display": "0", "num_branches": 4, "num_partial_branches": 0, "covered_branches": 0, "missing_branches": 4, "percent_branches_covered": 0.0, "percent_branches_covered_display": "0"}, "missing_lines": [1, 2, 3, 4, 6, 8, 10, 13, 14, 15, 16, 18, 19, 22, 23, 24, 27, 28, 29], "excluded_lines": [], "executed_branches": [], "missing_branches": [[23, -22], [23, 24], [28, -27], [28, 29]], "functions": {"GmpyMPZHandler.flatten": {"executed_lines": [], "summary": {"covered_lines": 0, "num_statements": 2, "percent_covered": 0.0, "percent_covered_display": "0", "missing_lines": 2, "excluded_lines": 0, "percent_statements_covered": 0.0, "percent_statements_covered_display": "0", "num_branches": 0, "num_partial_branches": 0, "covered_branches": 0, "missing_branches": 0, "percent_branches_covered": 100.0, "percent_branches_covered_display": "100"}, "missing_lines": [15, 16], "excluded_lines": [], "start_line": 14, "executed_branches": [], "missing_branches": []}, "GmpyMPZHandler.restore": {"executed_lines": [], "summary": {"covered_lines": 0, "num_statements": 1, "percent_covered": 0.0, "percent_covered_display": "0", "missing_lines": 1, "excluded_lines": 0, "percent_statements_covered": 0.0, "percent_statements_covered_display": "0", "num_branches": 0, "num_partial_branches": 0, "covered_branches": 0, "missing_branches": 0, "percent_branches_covered": 100.0, "percent_branches_covered_display": "100"}, "missing_lines": [19], "excluded_lines": [], "start_line": 18, "executed_branches": [], "missing_branches": []}, "register_handlers": {"executed_lines": [], "summary": {"covered_lines": 0, "num_statements": 2, "percent_covered": 0.0, "percent_covered_display": "0", "missing_lines": 2, "excluded_lines": 0, "percent_statements_covered": 0.0, "percent_statements_covered_display": "0", "num_branches": 2, "num_partial_branches": 0, "covered_branches": 0, "missing_branches": 2, "percent_branches_covered": 0.0, "percent_branches_covered_display": "0"}, "missing_lines": [23, 24], "excluded_lines": [], "start_line": 22, "executed_branches": [], "missing_branches": [[23, -22], [23, 24]]}, "unregister_handlers": {"executed_lines": [], "summary": {"covered_lines": 0, "num_statements": 2, "percent_covered": 0.0, "percent_covered_display": "0", "missing_lines": 2, "excluded_lines": 0, "percent_statements_covered": 0.0, "percent_statements_covered_display": "0", "num_branches": 2, "num_partial_branches": 0, "covered_branches": 0, "missing_branches": 2, "percent_branches_covered": 0.0, "percent_branches_covered_display": "0"}, "missing_lines": [28, 29], "excluded_lines": [], "start_line": 27, "executed_branches": [], "missing_branches": [[28, -27], [28, 29]]}, "": {"executed_lines": [], "summary": {"covered_lines": 0, "num_statements": 12, "percent_covered": 0.0, "percent_covered_display": "0", "missing_lines": 12, "excluded_lines": 0, "percent_statements_covered": 0.0, "percent_statements_covered_display": "0", "num_branches": 0, "num_partial_branches": 0, "covered_branches": 0, "missing_branches": 0, "percent_branches_covered": 100.0, "percent_branches_covered_display": "100"}, "missing_lines": [1, 2, 3, 4, 6, 8, 10, 13, 14, 18, 22, 27], "excluded_lines": [], "start_line": 1, "executed_branches": [], "missing_branches": []}}, "classes": {"GmpyMPZHandler": {"executed_lines": [], "summary": {"covered_lines": 0, "num_statements": 3, "percent_covered": 0.0, "percent_covered_display": "0", "missing_lines": 3, "excluded_lines": 0, "percent_statements_covered": 0.0, "percent_statements_covered_display": "0", "num_branches": 0, "num_partial_branches": 0, "covered_branches": 0, "missing_branches": 0, "percent_branches_covered": 100.0, "percent_branches_covered_display": "100"}, "missing_lines": [15, 16, 19], "excluded_lines": [], "start_line": 13, "executed_branches": [], "missing_branches": []}, "": {"executed_lines": [], "summary": {"covered_lines": 0, "num_statements": 16, "percent_covered": 0.0, "percent_covered_display": "0", "missing_lines": 16, "excluded_lines": 0, "percent_statements_covered": 0.0, "percent_statements_covered_display": "0", "num_branches": 4, "num_partial_branches": 0, "covered_branches": 0, "missing_branches": 4, "percent_branches_covered": 0.0, "percent_branches_covered_display": "0"}, "missing_lines": [1, 2, 3, 4, 6, 8, 10, 13, 14, 18, 22, 23, 24, 27, 28, 29], "excluded_lines": [], "start_line": 1, "executed_branches": [], "missing_branches": [[23, -22], [23, 24], [28, -27], [28, 29]]}}}, "jsonpickle/ext/numpy.py": {"executed_lines": [], "summary": {"covered_lines": 0, "num_statements": 242, "percent_covered": 0.0, "percent_covered_display": "0", "missing_lines": 242, "excluded_lines": 4, "percent_statements_covered": 0.0, "percent_statements_covered_display": "0", "num_branches": 92, "num_partial_branches": 0, "covered_branches": 0, "missing_branches": 92, "percent_branches_covered": 0.0, "percent_branches_covered_display": "0"}, "missing_lines": [1, 3, 4, 5, 6, 7, 8, 9, 11, 12, 14, 15, 17, 21, 26, 29, 31, 32, 35, 36, 37, 38, 40, 41, 42, 43, 44, 46, 47, 48, 49, 50, 53, 54, 55, 56, 58, 59, 62, 63, 64, 65, 66, 68, 69, 70, 73, 76, 77, 78, 79, 80, 81, 84, 91, 92, 93, 95, 97, 98, 101, 104, 105, 106, 108, 109, 110, 112, 113, 114, 115, 116, 119, 120, 122, 123, 124, 127, 128, 129, 131, 132, 135, 145, 157, 158, 160, 161, 162, 163, 165, 166, 167, 168, 170, 172, 174, 177, 191, 192, 195, 198, 199, 200, 201, 202, 203, 204, 205, 207, 208, 210, 212, 214, 215, 217, 218, 220, 223, 224, 225, 226, 229, 230, 231, 232, 233, 234, 236, 242, 243, 245, 248, 270, 288, 289, 291, 293, 294, 295, 297, 300, 301, 302, 304, 306, 307, 308, 310, 311, 313, 314, 315, 317, 318, 319, 320, 322, 325, 326, 327, 328, 329, 330, 332, 333, 334, 335, 337, 339, 340, 341, 342, 343, 344, 346, 348, 350, 351, 352, 354, 355, 357, 358, 359, 361, 362, 364, 367, 369, 371, 373, 375, 376, 382, 383, 384, 388, 389, 391, 393, 395, 396, 398, 401, 403, 404, 405, 406, 409, 410, 411, 412, 416, 424, 426, 429, 430, 431, 432, 434, 437, 440, 451, 456, 457, 458, 460, 461, 462, 463, 464, 466, 469, 471, 472, 473, 475, 476, 477, 478, 480], "excluded_lines": [22, 23, 24, 25], "executed_branches": [], "missing_branches": [[37, 38], [37, 40], [42, 43], [42, 44], [48, 49], [48, 50], [79, 80], [79, 81], [92, 93], [92, 95], [105, -104], [105, 106], [109, -108], [109, 110], [116, 119], [116, 120], [128, 129], [128, 131], [162, -160], [162, 163], [167, -165], [167, 168], [172, 174], [172, 177], [177, 191], [177, 192], [192, 195], [192, 198], [199, 200], [199, 201], [207, 208], [207, 210], [215, 217], [215, 218], [218, 220], [218, 223], [225, 226], [225, 229], [229, 230], [229, 236], [233, 234], [233, 243], [295, 297], [295, 302], [300, 301], [300, 373], [302, 304], [302, 326], [307, 308], [307, 310], [310, 311], [310, 313], [317, 318], [317, 322], [319, 320], [319, 322], [322, 325], [322, 373], [326, 327], [326, 371], [333, 334], [333, 339], [334, 335], [334, 337], [339, 340], [339, 369], [341, 342], [341, 343], [343, 344], [343, 346], [351, 352], [351, 354], [354, 355], [354, 357], [361, 362], [361, 364], [364, 367], [364, 373], [373, 375], [373, 391], [375, 376], [375, 383], [383, 384], [383, 389], [396, 398], [396, 401], [403, 404], [403, 405], [405, 406], [405, 409], [411, 412], [411, 416]], "functions": {"_HasDType.dtype": {"executed_lines": [], "summary": {"covered_lines": 0, "num_statements": 0, "percent_covered": 100.0, "percent_covered_display": "100", "missing_lines": 0, "excluded_lines": 1, "percent_statements_covered": 100.0, "percent_statements_covered_display": "100", "num_branches": 0, "num_partial_branches": 0, "covered_branches": 0, "missing_branches": 0, "percent_branches_covered": 100.0, "percent_branches_covered_display": "100"}, "missing_lines": [], "excluded_lines": [23], "start_line": 23, "executed_branches": [], "missing_branches": []}, "get_byteorder": {"executed_lines": [], "summary": {"covered_lines": 0, "num_statements": 2, "percent_covered": 0.0, "percent_covered_display": "0", "missing_lines": 2, "excluded_lines": 0, "percent_statements_covered": 0.0, "percent_statements_covered_display": "0", "num_branches": 0, "num_partial_branches": 0, "covered_branches": 0, "missing_branches": 0, "percent_branches_covered": 100.0, "percent_branches_covered_display": "100"}, "missing_lines": [31, 32], "excluded_lines": [], "start_line": 29, "executed_branches": [], "missing_branches": []}, "NumpyBaseHandler.flatten_dtype": {"executed_lines": [], "summary": {"covered_lines": 0, "num_statements": 7, "percent_covered": 0.0, "percent_covered_display": "0", "missing_lines": 7, "excluded_lines": 0, "percent_statements_covered": 0.0, "percent_statements_covered_display": "0", "num_branches": 4, "num_partial_branches": 0, "covered_branches": 0, "missing_branches": 4, "percent_branches_covered": 0.0, "percent_branches_covered_display": "0"}, "missing_lines": [37, 38, 40, 41, 42, 43, 44], "excluded_lines": [], "start_line": 36, "executed_branches": [], "missing_branches": [[37, 38], [37, 40], [42, 43], [42, 44]]}, "NumpyBaseHandler.restore_dtype": {"executed_lines": [], "summary": {"covered_lines": 0, "num_statements": 4, "percent_covered": 0.0, "percent_covered_display": "0", "missing_lines": 4, "excluded_lines": 0, "percent_statements_covered": 0.0, "percent_statements_covered_display": "0", "num_branches": 2, "num_partial_branches": 0, "covered_branches": 0, "missing_branches": 2, "percent_branches_covered": 0.0, "percent_branches_covered_display": "0"}, "missing_lines": [47, 48, 49, 50], "excluded_lines": [], "start_line": 46, "executed_branches": [], "missing_branches": [[48, 49], [48, 50]]}, "NumpyDTypeHandler.flatten": {"executed_lines": [], "summary": {"covered_lines": 0, "num_statements": 2, "percent_covered": 0.0, "percent_covered_display": "0", "missing_lines": 2, "excluded_lines": 0, "percent_statements_covered": 0.0, "percent_statements_covered_display": "0", "num_branches": 0, "num_partial_branches": 0, "covered_branches": 0, "missing_branches": 0, "percent_branches_covered": 100.0, "percent_branches_covered_display": "100"}, "missing_lines": [55, 56], "excluded_lines": [], "start_line": 54, "executed_branches": [], "missing_branches": []}, "NumpyDTypeHandler.restore": {"executed_lines": [], "summary": {"covered_lines": 0, "num_statements": 1, "percent_covered": 0.0, "percent_covered_display": "0", "missing_lines": 1, "excluded_lines": 0, "percent_statements_covered": 0.0, "percent_statements_covered_display": "0", "num_branches": 0, "num_partial_branches": 0, "covered_branches": 0, "missing_branches": 0, "percent_branches_covered": 100.0, "percent_branches_covered_display": "100"}, "missing_lines": [59], "excluded_lines": [], "start_line": 58, "executed_branches": [], "missing_branches": []}, "NumpyGenericHandler.flatten": {"executed_lines": [], "summary": {"covered_lines": 0, "num_statements": 3, "percent_covered": 0.0, "percent_covered_display": "0", "missing_lines": 3, "excluded_lines": 0, "percent_statements_covered": 0.0, "percent_statements_covered_display": "0", "num_branches": 0, "num_partial_branches": 0, "covered_branches": 0, "missing_branches": 0, "percent_branches_covered": 100.0, "percent_branches_covered_display": "100"}, "missing_lines": [64, 65, 66], "excluded_lines": [], "start_line": 63, "executed_branches": [], "missing_branches": []}, "NumpyGenericHandler.restore": {"executed_lines": [], "summary": {"covered_lines": 0, "num_statements": 2, "percent_covered": 0.0, "percent_covered_display": "0", "missing_lines": 2, "excluded_lines": 0, "percent_statements_covered": 0.0, "percent_statements_covered_display": "0", "num_branches": 0, "num_partial_branches": 0, "covered_branches": 0, "missing_branches": 0, "percent_branches_covered": 100.0, "percent_branches_covered_display": "100"}, "missing_lines": [69, 70], "excluded_lines": [], "start_line": 68, "executed_branches": [], "missing_branches": []}, "NumpyDatetimeHandler.restore": {"executed_lines": [], "summary": {"covered_lines": 0, "num_statements": 5, "percent_covered": 0.0, "percent_covered_display": "0", "missing_lines": 5, "excluded_lines": 0, "percent_statements_covered": 0.0, "percent_statements_covered_display": "0", "num_branches": 2, "num_partial_branches": 0, "covered_branches": 0, "missing_branches": 2, "percent_branches_covered": 0.0, "percent_branches_covered_display": "0"}, "missing_lines": [77, 78, 79, 80, 81], "excluded_lines": [], "start_line": 76, "executed_branches": [], "missing_branches": [[79, 80], [79, 81]]}, "UnpickleableNumpyGenericHandler.flatten": {"executed_lines": [], "summary": {"covered_lines": 0, "num_statements": 3, "percent_covered": 0.0, "percent_covered_display": "0", "missing_lines": 3, "excluded_lines": 0, "percent_statements_covered": 0.0, "percent_statements_covered_display": "0", "num_branches": 2, "num_partial_branches": 0, "covered_branches": 0, "missing_branches": 2, "percent_branches_covered": 0.0, "percent_branches_covered_display": "0"}, "missing_lines": [92, 93, 95], "excluded_lines": [], "start_line": 91, "executed_branches": [], "missing_branches": [[92, 93], [92, 95]]}, "UnpickleableNumpyGenericHandler.restore": {"executed_lines": [], "summary": {"covered_lines": 0, "num_statements": 1, "percent_covered": 0.0, "percent_covered_display": "0", "missing_lines": 1, "excluded_lines": 0, "percent_statements_covered": 0.0, "percent_statements_covered_display": "0", "num_branches": 0, "num_partial_branches": 0, "covered_branches": 0, "missing_branches": 0, "percent_branches_covered": 100.0, "percent_branches_covered_display": "100"}, "missing_lines": [98], "excluded_lines": [], "start_line": 97, "executed_branches": [], "missing_branches": []}, "NumpyNDArrayHandler.flatten_flags": {"executed_lines": [], "summary": {"covered_lines": 0, "num_statements": 2, "percent_covered": 0.0, "percent_covered_display": "0", "missing_lines": 2, "excluded_lines": 0, "percent_statements_covered": 0.0, "percent_statements_covered_display": "0", "num_branches": 2, "num_partial_branches": 0, "covered_branches": 0, "missing_branches": 2, "percent_branches_covered": 0.0, "percent_branches_covered_display": "0"}, "missing_lines": [105, 106], "excluded_lines": [], "start_line": 104, "executed_branches": [], "missing_branches": [[105, -104], [105, 106]]}, "NumpyNDArrayHandler.restore_flags": {"executed_lines": [], "summary": {"covered_lines": 0, "num_statements": 2, "percent_covered": 0.0, "percent_covered_display": "0", "missing_lines": 2, "excluded_lines": 0, "percent_statements_covered": 0.0, "percent_statements_covered_display": "0", "num_branches": 2, "num_partial_branches": 0, "covered_branches": 0, "missing_branches": 2, "percent_branches_covered": 0.0, "percent_branches_covered_display": "0"}, "missing_lines": [109, 110], "excluded_lines": [], "start_line": 108, "executed_branches": [], "missing_branches": [[109, -108], [109, 110]]}, "NumpyNDArrayHandler.flatten": {"executed_lines": [], "summary": {"covered_lines": 0, "num_statements": 6, "percent_covered": 0.0, "percent_covered_display": "0", "missing_lines": 6, "excluded_lines": 0, "percent_statements_covered": 0.0, "percent_statements_covered_display": "0", "num_branches": 2, "num_partial_branches": 0, "covered_branches": 0, "missing_branches": 2, "percent_branches_covered": 0.0, "percent_branches_covered_display": "0"}, "missing_lines": [113, 114, 115, 116, 119, 120], "excluded_lines": [], "start_line": 112, "executed_branches": [], "missing_branches": [[116, 119], [116, 120]]}, "NumpyNDArrayHandler.restore": {"executed_lines": [], "summary": {"covered_lines": 0, "num_statements": 7, "percent_covered": 0.0, "percent_covered_display": "0", "missing_lines": 7, "excluded_lines": 0, "percent_statements_covered": 0.0, "percent_statements_covered_display": "0", "num_branches": 2, "num_partial_branches": 0, "covered_branches": 0, "missing_branches": 2, "percent_branches_covered": 0.0, "percent_branches_covered_display": "0"}, "missing_lines": [123, 124, 127, 128, 129, 131, 132], "excluded_lines": [], "start_line": 122, "executed_branches": [], "missing_branches": [[128, 129], [128, 131]]}, "NumpyNDArrayHandlerBinary.__init__": {"executed_lines": [], "summary": {"covered_lines": 0, "num_statements": 2, "percent_covered": 0.0, "percent_covered_display": "0", "missing_lines": 2, "excluded_lines": 0, "percent_statements_covered": 0.0, "percent_statements_covered_display": "0", "num_branches": 0, "num_partial_branches": 0, "covered_branches": 0, "missing_branches": 0, "percent_branches_covered": 100.0, "percent_branches_covered_display": "100"}, "missing_lines": [157, 158], "excluded_lines": [], "start_line": 145, "executed_branches": [], "missing_branches": []}, "NumpyNDArrayHandlerBinary.flatten_byteorder": {"executed_lines": [], "summary": {"covered_lines": 0, "num_statements": 3, "percent_covered": 0.0, "percent_covered_display": "0", "missing_lines": 3, "excluded_lines": 0, "percent_statements_covered": 0.0, "percent_statements_covered_display": "0", "num_branches": 2, "num_partial_branches": 0, "covered_branches": 0, "missing_branches": 2, "percent_branches_covered": 0.0, "percent_branches_covered_display": "0"}, "missing_lines": [161, 162, 163], "excluded_lines": [], "start_line": 160, "executed_branches": [], "missing_branches": [[162, -160], [162, 163]]}, "NumpyNDArrayHandlerBinary.restore_byteorder": {"executed_lines": [], "summary": {"covered_lines": 0, "num_statements": 3, "percent_covered": 0.0, "percent_covered_display": "0", "missing_lines": 3, "excluded_lines": 0, "percent_statements_covered": 0.0, "percent_statements_covered_display": "0", "num_branches": 2, "num_partial_branches": 0, "covered_branches": 0, "missing_branches": 2, "percent_branches_covered": 0.0, "percent_branches_covered_display": "0"}, "missing_lines": [166, 167, 168], "excluded_lines": [], "start_line": 165, "executed_branches": [], "missing_branches": [[167, -165], [167, 168]]}, "NumpyNDArrayHandlerBinary.flatten": {"executed_lines": [], "summary": {"covered_lines": 0, "num_statements": 17, "percent_covered": 0.0, "percent_covered_display": "0", "missing_lines": 17, "excluded_lines": 0, "percent_statements_covered": 0.0, "percent_statements_covered_display": "0", "num_branches": 10, "num_partial_branches": 0, "covered_branches": 0, "missing_branches": 10, "percent_branches_covered": 0.0, "percent_branches_covered_display": "0"}, "missing_lines": [172, 174, 177, 191, 192, 195, 198, 199, 200, 201, 202, 203, 204, 205, 207, 208, 210], "excluded_lines": [], "start_line": 170, "executed_branches": [], "missing_branches": [[172, 174], [172, 177], [177, 191], [177, 192], [192, 195], [192, 198], [199, 200], [199, 201], [207, 208], [207, 210]]}, "NumpyNDArrayHandlerBinary.restore": {"executed_lines": [], "summary": {"covered_lines": 0, "num_statements": 19, "percent_covered": 0.0, "percent_covered_display": "0", "missing_lines": 19, "excluded_lines": 0, "percent_statements_covered": 0.0, "percent_statements_covered_display": "0", "num_branches": 10, "num_partial_branches": 0, "covered_branches": 0, "missing_branches": 10, "percent_branches_covered": 0.0, "percent_branches_covered_display": "0"}, "missing_lines": [214, 215, 217, 218, 220, 223, 224, 225, 226, 229, 230, 231, 232, 233, 234, 236, 242, 243, 245], "excluded_lines": [], "start_line": 212, "executed_branches": [], "missing_branches": [[215, 217], [215, 218], [218, 220], [218, 223], [225, 226], [225, 229], [229, 230], [229, 236], [233, 234], [233, 243]]}, "NumpyNDArrayHandlerView.__init__": {"executed_lines": [], "summary": {"covered_lines": 0, "num_statements": 2, "percent_covered": 0.0, "percent_covered_display": "0", "missing_lines": 2, "excluded_lines": 0, "percent_statements_covered": 0.0, "percent_statements_covered_display": "0", "num_branches": 0, "num_partial_branches": 0, "covered_branches": 0, "missing_branches": 0, "percent_branches_covered": 100.0, "percent_branches_covered_display": "100"}, "missing_lines": [288, 289], "excluded_lines": [], "start_line": 270, "executed_branches": [], "missing_branches": []}, "NumpyNDArrayHandlerView.flatten": {"executed_lines": [], "summary": {"covered_lines": 0, "num_statements": 63, "percent_covered": 0.0, "percent_covered_display": "0", "missing_lines": 63, "excluded_lines": 0, "percent_statements_covered": 0.0, "percent_statements_covered_display": "0", "num_branches": 42, "num_partial_branches": 0, "covered_branches": 0, "missing_branches": 42, "percent_branches_covered": 0.0, "percent_branches_covered_display": "0"}, "missing_lines": [293, 294, 295, 297, 300, 301, 302, 304, 306, 307, 308, 310, 311, 313, 314, 315, 317, 318, 319, 320, 322, 325, 326, 327, 328, 329, 330, 332, 333, 334, 335, 337, 339, 340, 341, 342, 343, 344, 346, 348, 350, 351, 352, 354, 355, 357, 358, 359, 361, 362, 364, 367, 369, 371, 373, 375, 376, 382, 383, 384, 388, 389, 391], "excluded_lines": [], "start_line": 291, "executed_branches": [], "missing_branches": [[295, 297], [295, 302], [300, 301], [300, 373], [302, 304], [302, 326], [307, 308], [307, 310], [310, 311], [310, 313], [317, 318], [317, 322], [319, 320], [319, 322], [322, 325], [322, 373], [326, 327], [326, 371], [333, 334], [333, 339], [334, 335], [334, 337], [339, 340], [339, 369], [341, 342], [341, 343], [343, 344], [343, 346], [351, 352], [351, 354], [354, 355], [354, 357], [361, 362], [361, 364], [364, 367], [364, 373], [373, 375], [373, 391], [375, 376], [375, 383], [383, 384], [383, 389]]}, "NumpyNDArrayHandlerView.restore": {"executed_lines": [], "summary": {"covered_lines": 0, "num_statements": 15, "percent_covered": 0.0, "percent_covered_display": "0", "missing_lines": 15, "excluded_lines": 0, "percent_statements_covered": 0.0, "percent_statements_covered_display": "0", "num_branches": 8, "num_partial_branches": 0, "covered_branches": 0, "missing_branches": 8, "percent_branches_covered": 0.0, "percent_branches_covered_display": "0"}, "missing_lines": [395, 396, 398, 401, 403, 404, 405, 406, 409, 410, 411, 412, 416, 424, 426], "excluded_lines": [], "start_line": 393, "executed_branches": [], "missing_branches": [[396, 398], [396, 401], [403, 404], [403, 405], [405, 406], [405, 409], [411, 412], [411, 416]]}, "NumpyUfuncHandler.flatten": {"executed_lines": [], "summary": {"covered_lines": 0, "num_statements": 2, "percent_covered": 0.0, "percent_covered_display": "0", "missing_lines": 2, "excluded_lines": 0, "percent_statements_covered": 0.0, "percent_statements_covered_display": "0", "num_branches": 0, "num_partial_branches": 0, "covered_branches": 0, "missing_branches": 0, "percent_branches_covered": 100.0, "percent_branches_covered_display": "100"}, "missing_lines": [431, 432], "excluded_lines": [], "start_line": 430, "executed_branches": [], "missing_branches": []}, "NumpyUfuncHandler.restore": {"executed_lines": [], "summary": {"covered_lines": 0, "num_statements": 1, "percent_covered": 0.0, "percent_covered_display": "0", "missing_lines": 1, "excluded_lines": 0, "percent_statements_covered": 0.0, "percent_statements_covered_display": "0", "num_branches": 0, "num_partial_branches": 0, "covered_branches": 0, "missing_branches": 0, "percent_branches_covered": 100.0, "percent_branches_covered_display": "100"}, "missing_lines": [437], "excluded_lines": [], "start_line": 434, "executed_branches": [], "missing_branches": []}, "register_handlers": {"executed_lines": [], "summary": {"covered_lines": 0, "num_statements": 10, "percent_covered": 0.0, "percent_covered_display": "0", "missing_lines": 10, "excluded_lines": 0, "percent_statements_covered": 0.0, "percent_statements_covered_display": "0", "num_branches": 0, "num_partial_branches": 0, "covered_branches": 0, "missing_branches": 0, "percent_branches_covered": 100.0, "percent_branches_covered_display": "100"}, "missing_lines": [451, 456, 457, 458, 460, 461, 462, 463, 464, 466], "excluded_lines": [], "start_line": 440, "executed_branches": [], "missing_branches": []}, "unregister_handlers": {"executed_lines": [], "summary": {"covered_lines": 0, "num_statements": 8, "percent_covered": 0.0, "percent_covered_display": "0", "missing_lines": 8, "excluded_lines": 0, "percent_statements_covered": 0.0, "percent_statements_covered_display": "0", "num_branches": 0, "num_partial_branches": 0, "covered_branches": 0, "missing_branches": 0, "percent_branches_covered": 100.0, "percent_branches_covered_display": "100"}, "missing_lines": [471, 472, 473, 475, 476, 477, 478, 480], "excluded_lines": [], "start_line": 469, "executed_branches": [], "missing_branches": []}, "": {"executed_lines": [], "summary": {"covered_lines": 0, "num_statements": 50, "percent_covered": 0.0, "percent_covered_display": "0", "missing_lines": 50, "excluded_lines": 3, "percent_statements_covered": 0.0, "percent_statements_covered_display": "0", "num_branches": 0, "num_partial_branches": 0, "covered_branches": 0, "missing_branches": 0, "percent_branches_covered": 100.0, "percent_branches_covered_display": "100"}, "missing_lines": [1, 3, 4, 5, 6, 7, 8, 9, 11, 12, 14, 15, 17, 21, 26, 29, 35, 36, 46, 53, 54, 58, 62, 63, 68, 73, 76, 84, 91, 97, 101, 104, 108, 112, 122, 135, 145, 160, 165, 170, 212, 248, 270, 291, 393, 429, 430, 434, 440, 469], "excluded_lines": [22, 24, 25], "start_line": 1, "executed_branches": [], "missing_branches": []}}, "classes": {"_HasDType": {"executed_lines": [], "summary": {"covered_lines": 0, "num_statements": 0, "percent_covered": 100.0, "percent_covered_display": "100", "missing_lines": 0, "excluded_lines": 1, "percent_statements_covered": 100.0, "percent_statements_covered_display": "100", "num_branches": 0, "num_partial_branches": 0, "covered_branches": 0, "missing_branches": 0, "percent_branches_covered": 100.0, "percent_branches_covered_display": "100"}, "missing_lines": [], "excluded_lines": [23], "start_line": 21, "executed_branches": [], "missing_branches": []}, "NumpyBaseHandler": {"executed_lines": [], "summary": {"covered_lines": 0, "num_statements": 11, "percent_covered": 0.0, "percent_covered_display": "0", "missing_lines": 11, "excluded_lines": 0, "percent_statements_covered": 0.0, "percent_statements_covered_display": "0", "num_branches": 6, "num_partial_branches": 0, "covered_branches": 0, "missing_branches": 6, "percent_branches_covered": 0.0, "percent_branches_covered_display": "0"}, "missing_lines": [37, 38, 40, 41, 42, 43, 44, 47, 48, 49, 50], "excluded_lines": [], "start_line": 35, "executed_branches": [], "missing_branches": [[37, 38], [37, 40], [42, 43], [42, 44], [48, 49], [48, 50]]}, "NumpyDTypeHandler": {"executed_lines": [], "summary": {"covered_lines": 0, "num_statements": 3, "percent_covered": 0.0, "percent_covered_display": "0", "missing_lines": 3, "excluded_lines": 0, "percent_statements_covered": 0.0, "percent_statements_covered_display": "0", "num_branches": 0, "num_partial_branches": 0, "covered_branches": 0, "missing_branches": 0, "percent_branches_covered": 100.0, "percent_branches_covered_display": "100"}, "missing_lines": [55, 56, 59], "excluded_lines": [], "start_line": 53, "executed_branches": [], "missing_branches": []}, "NumpyGenericHandler": {"executed_lines": [], "summary": {"covered_lines": 0, "num_statements": 5, "percent_covered": 0.0, "percent_covered_display": "0", "missing_lines": 5, "excluded_lines": 0, "percent_statements_covered": 0.0, "percent_statements_covered_display": "0", "num_branches": 0, "num_partial_branches": 0, "covered_branches": 0, "missing_branches": 0, "percent_branches_covered": 100.0, "percent_branches_covered_display": "100"}, "missing_lines": [64, 65, 66, 69, 70], "excluded_lines": [], "start_line": 62, "executed_branches": [], "missing_branches": []}, "NumpyDatetimeHandler": {"executed_lines": [], "summary": {"covered_lines": 0, "num_statements": 5, "percent_covered": 0.0, "percent_covered_display": "0", "missing_lines": 5, "excluded_lines": 0, "percent_statements_covered": 0.0, "percent_statements_covered_display": "0", "num_branches": 2, "num_partial_branches": 0, "covered_branches": 0, "missing_branches": 2, "percent_branches_covered": 0.0, "percent_branches_covered_display": "0"}, "missing_lines": [77, 78, 79, 80, 81], "excluded_lines": [], "start_line": 73, "executed_branches": [], "missing_branches": [[79, 80], [79, 81]]}, "UnpickleableNumpyGenericHandler": {"executed_lines": [], "summary": {"covered_lines": 0, "num_statements": 4, "percent_covered": 0.0, "percent_covered_display": "0", "missing_lines": 4, "excluded_lines": 0, "percent_statements_covered": 0.0, "percent_statements_covered_display": "0", "num_branches": 2, "num_partial_branches": 0, "covered_branches": 0, "missing_branches": 2, "percent_branches_covered": 0.0, "percent_branches_covered_display": "0"}, "missing_lines": [92, 93, 95, 98], "excluded_lines": [], "start_line": 84, "executed_branches": [], "missing_branches": [[92, 93], [92, 95]]}, "NumpyNDArrayHandler": {"executed_lines": [], "summary": {"covered_lines": 0, "num_statements": 17, "percent_covered": 0.0, "percent_covered_display": "0", "missing_lines": 17, "excluded_lines": 0, "percent_statements_covered": 0.0, "percent_statements_covered_display": "0", "num_branches": 8, "num_partial_branches": 0, "covered_branches": 0, "missing_branches": 8, "percent_branches_covered": 0.0, "percent_branches_covered_display": "0"}, "missing_lines": [105, 106, 109, 110, 113, 114, 115, 116, 119, 120, 123, 124, 127, 128, 129, 131, 132], "excluded_lines": [], "start_line": 101, "executed_branches": [], "missing_branches": [[105, -104], [105, 106], [109, -108], [109, 110], [116, 119], [116, 120], [128, 129], [128, 131]]}, "NumpyNDArrayHandlerBinary": {"executed_lines": [], "summary": {"covered_lines": 0, "num_statements": 44, "percent_covered": 0.0, "percent_covered_display": "0", "missing_lines": 44, "excluded_lines": 0, "percent_statements_covered": 0.0, "percent_statements_covered_display": "0", "num_branches": 24, "num_partial_branches": 0, "covered_branches": 0, "missing_branches": 24, "percent_branches_covered": 0.0, "percent_branches_covered_display": "0"}, "missing_lines": [157, 158, 161, 162, 163, 166, 167, 168, 172, 174, 177, 191, 192, 195, 198, 199, 200, 201, 202, 203, 204, 205, 207, 208, 210, 214, 215, 217, 218, 220, 223, 224, 225, 226, 229, 230, 231, 232, 233, 234, 236, 242, 243, 245], "excluded_lines": [], "start_line": 135, "executed_branches": [], "missing_branches": [[162, -160], [162, 163], [167, -165], [167, 168], [172, 174], [172, 177], [177, 191], [177, 192], [192, 195], [192, 198], [199, 200], [199, 201], [207, 208], [207, 210], [215, 217], [215, 218], [218, 220], [218, 223], [225, 226], [225, 229], [229, 230], [229, 236], [233, 234], [233, 243]]}, "NumpyNDArrayHandlerView": {"executed_lines": [], "summary": {"covered_lines": 0, "num_statements": 80, "percent_covered": 0.0, "percent_covered_display": "0", "missing_lines": 80, "excluded_lines": 0, "percent_statements_covered": 0.0, "percent_statements_covered_display": "0", "num_branches": 50, "num_partial_branches": 0, "covered_branches": 0, "missing_branches": 50, "percent_branches_covered": 0.0, "percent_branches_covered_display": "0"}, "missing_lines": [288, 289, 293, 294, 295, 297, 300, 301, 302, 304, 306, 307, 308, 310, 311, 313, 314, 315, 317, 318, 319, 320, 322, 325, 326, 327, 328, 329, 330, 332, 333, 334, 335, 337, 339, 340, 341, 342, 343, 344, 346, 348, 350, 351, 352, 354, 355, 357, 358, 359, 361, 362, 364, 367, 369, 371, 373, 375, 376, 382, 383, 384, 388, 389, 391, 395, 396, 398, 401, 403, 404, 405, 406, 409, 410, 411, 412, 416, 424, 426], "excluded_lines": [], "start_line": 248, "executed_branches": [], "missing_branches": [[295, 297], [295, 302], [300, 301], [300, 373], [302, 304], [302, 326], [307, 308], [307, 310], [310, 311], [310, 313], [317, 318], [317, 322], [319, 320], [319, 322], [322, 325], [322, 373], [326, 327], [326, 371], [333, 334], [333, 339], [334, 335], [334, 337], [339, 340], [339, 369], [341, 342], [341, 343], [343, 344], [343, 346], [351, 352], [351, 354], [354, 355], [354, 357], [361, 362], [361, 364], [364, 367], [364, 373], [373, 375], [373, 391], [375, 376], [375, 383], [383, 384], [383, 389], [396, 398], [396, 401], [403, 404], [403, 405], [405, 406], [405, 409], [411, 412], [411, 416]]}, "NumpyUfuncHandler": {"executed_lines": [], "summary": {"covered_lines": 0, "num_statements": 3, "percent_covered": 0.0, "percent_covered_display": "0", "missing_lines": 3, "excluded_lines": 0, "percent_statements_covered": 0.0, "percent_statements_covered_display": "0", "num_branches": 0, "num_partial_branches": 0, "covered_branches": 0, "missing_branches": 0, "percent_branches_covered": 100.0, "percent_branches_covered_display": "100"}, "missing_lines": [431, 432, 437], "excluded_lines": [], "start_line": 429, "executed_branches": [], "missing_branches": []}, "": {"executed_lines": [], "summary": {"covered_lines": 0, "num_statements": 70, "percent_covered": 0.0, "percent_covered_display": "0", "missing_lines": 70, "excluded_lines": 3, "percent_statements_covered": 0.0, "percent_statements_covered_display": "0", "num_branches": 0, "num_partial_branches": 0, "covered_branches": 0, "missing_branches": 0, "percent_branches_covered": 100.0, "percent_branches_covered_display": "100"}, "missing_lines": [1, 3, 4, 5, 6, 7, 8, 9, 11, 12, 14, 15, 17, 21, 26, 29, 31, 32, 35, 36, 46, 53, 54, 58, 62, 63, 68, 73, 76, 84, 91, 97, 101, 104, 108, 112, 122, 135, 145, 160, 165, 170, 212, 248, 270, 291, 393, 429, 430, 434, 440, 451, 456, 457, 458, 460, 461, 462, 463, 464, 466, 469, 471, 472, 473, 475, 476, 477, 478, 480], "excluded_lines": [22, 24, 25], "start_line": 1, "executed_branches": [], "missing_branches": []}}}, "jsonpickle/ext/pandas.py": {"executed_lines": [], "summary": {"covered_lines": 0, "num_statements": 274, "percent_covered": 0.0, "percent_covered_display": "0", "missing_lines": 274, "excluded_lines": 0, "percent_statements_covered": 0.0, "percent_statements_covered_display": "0", "num_branches": 56, "num_partial_branches": 0, "covered_branches": 0, "missing_branches": 56, "percent_branches_covered": 0.0, "percent_branches_covered_display": "0"}, "missing_lines": [1, 2, 3, 4, 5, 7, 8, 10, 11, 12, 13, 14, 15, 17, 22, 23, 25, 26, 30, 31, 34, 38, 39, 41, 42, 43, 45, 46, 47, 49, 50, 51, 52, 54, 57, 61, 62, 63, 64, 67, 68, 80, 81, 83, 86, 87, 88, 89, 91, 92, 94, 95, 97, 98, 100, 101, 103, 105, 106, 107, 108, 109, 112, 116, 119, 120, 121, 122, 124, 125, 126, 127, 128, 129, 130, 131, 132, 133, 134, 136, 138, 147, 148, 150, 151, 153, 154, 157, 160, 162, 163, 164, 167, 168, 169, 170, 172, 173, 174, 176, 177, 178, 179, 180, 182, 184, 188, 189, 190, 193, 194, 197, 198, 201, 203, 205, 216, 219, 220, 222, 223, 224, 225, 226, 228, 236, 239, 240, 241, 243, 250, 251, 254, 255, 256, 260, 263, 264, 265, 266, 267, 269, 270, 272, 274, 275, 278, 279, 282, 283, 284, 285, 286, 287, 288, 293, 296, 297, 298, 302, 303, 306, 307, 308, 309, 311, 313, 315, 316, 317, 320, 321, 326, 327, 328, 330, 332, 333, 336, 339, 340, 342, 344, 346, 347, 348, 350, 352, 353, 354, 355, 358, 359, 360, 362, 363, 365, 366, 367, 368, 369, 370, 372, 373, 374, 375, 380, 381, 384, 385, 388, 389, 390, 391, 392, 395, 396, 398, 399, 400, 401, 402, 404, 405, 406, 407, 408, 411, 412, 414, 415, 419, 420, 421, 423, 424, 425, 426, 427, 428, 431, 432, 434, 435, 440, 441, 442, 444, 445, 446, 447, 448, 449, 450, 453, 454, 455, 456, 457, 458, 459, 460, 461, 462, 465, 466, 467, 468, 469, 470, 471, 472, 473, 474], "excluded_lines": [], "executed_branches": [], "missing_branches": [[23, 25], [23, 26], [38, 39], [38, 41], [45, 46], [45, 52], [46, 47], [46, 49], [62, 63], [62, 64], [86, 87], [86, 94], [87, 88], [87, 91], [101, 103], [101, 105], [106, 107], [106, 108], [126, 127], [126, 138], [127, 128], [127, 130], [130, 131], [130, 132], [132, 133], [132, 136], [153, 154], [153, 162], [167, 168], [167, 172], [178, 179], [178, 201], [182, 184], [182, 197], [184, 188], [184, 193], [255, 256], [255, 260], [265, 266], [265, 278], [267, 269], [267, 272], [282, 283], [282, 296], [297, 298], [297, 302], [306, 307], [306, 313], [307, 308], [307, 311], [326, 327], [326, 328], [332, 333], [332, 336], [390, 391], [390, 392]], "functions": {"pd_encode": {"executed_lines": [], "summary": {"covered_lines": 0, "num_statements": 3, "percent_covered": 0.0, "percent_covered_display": "0", "missing_lines": 3, "excluded_lines": 0, "percent_statements_covered": 0.0, "percent_statements_covered_display": "0", "num_branches": 2, "num_partial_branches": 0, "covered_branches": 0, "missing_branches": 2, "percent_branches_covered": 0.0, "percent_branches_covered_display": "0"}, "missing_lines": [23, 25, 26], "excluded_lines": [], "start_line": 22, "executed_branches": [], "missing_branches": [[23, 25], [23, 26]]}, "pd_decode": {"executed_lines": [], "summary": {"covered_lines": 0, "num_statements": 1, "percent_covered": 0.0, "percent_covered_display": "0", "missing_lines": 1, "excluded_lines": 0, "percent_statements_covered": 0.0, "percent_statements_covered_display": "0", "num_branches": 0, "num_partial_branches": 0, "covered_branches": 0, "missing_branches": 0, "percent_branches_covered": 100.0, "percent_branches_covered_display": "100"}, "missing_lines": [31], "excluded_lines": [], "start_line": 30, "executed_branches": [], "missing_branches": []}, "rle_encode": {"executed_lines": [], "summary": {"covered_lines": 0, "num_statements": 13, "percent_covered": 0.0, "percent_covered_display": "0", "missing_lines": 13, "excluded_lines": 0, "percent_statements_covered": 0.0, "percent_statements_covered_display": "0", "num_branches": 6, "num_partial_branches": 0, "covered_branches": 0, "missing_branches": 6, "percent_branches_covered": 0.0, "percent_branches_covered_display": "0"}, "missing_lines": [38, 39, 41, 42, 43, 45, 46, 47, 49, 50, 51, 52, 54], "excluded_lines": [], "start_line": 34, "executed_branches": [], "missing_branches": [[38, 39], [38, 41], [45, 46], [45, 52], [46, 47], [46, 49]]}, "rle_decode": {"executed_lines": [], "summary": {"covered_lines": 0, "num_statements": 4, "percent_covered": 0.0, "percent_covered_display": "0", "missing_lines": 4, "excluded_lines": 0, "percent_statements_covered": 0.0, "percent_statements_covered_display": "0", "num_branches": 2, "num_partial_branches": 0, "covered_branches": 0, "missing_branches": 2, "percent_branches_covered": 0.0, "percent_branches_covered_display": "0"}, "missing_lines": [61, 62, 63, 64], "excluded_lines": [], "start_line": 57, "executed_branches": [], "missing_branches": [[62, 63], [62, 64]]}, "PandasProcessor.__init__": {"executed_lines": [], "summary": {"covered_lines": 0, "num_statements": 2, "percent_covered": 0.0, "percent_covered_display": "0", "missing_lines": 2, "excluded_lines": 0, "percent_statements_covered": 0.0, "percent_statements_covered_display": "0", "num_branches": 0, "num_partial_branches": 0, "covered_branches": 0, "missing_branches": 0, "percent_branches_covered": 100.0, "percent_branches_covered_display": "100"}, "missing_lines": [80, 81], "excluded_lines": [], "start_line": 68, "executed_branches": [], "missing_branches": []}, "PandasProcessor.flatten_pandas": {"executed_lines": [], "summary": {"covered_lines": 0, "num_statements": 10, "percent_covered": 0.0, "percent_covered_display": "0", "missing_lines": 10, "excluded_lines": 0, "percent_statements_covered": 0.0, "percent_statements_covered_display": "0", "num_branches": 4, "num_partial_branches": 0, "covered_branches": 0, "missing_branches": 4, "percent_branches_covered": 0.0, "percent_branches_covered_display": "0"}, "missing_lines": [86, 87, 88, 89, 91, 92, 94, 95, 97, 98], "excluded_lines": [], "start_line": 83, "executed_branches": [], "missing_branches": [[86, 87], [86, 94], [87, 88], [87, 91]]}, "PandasProcessor.restore_pandas": {"executed_lines": [], "summary": {"covered_lines": 0, "num_statements": 7, "percent_covered": 0.0, "percent_covered_display": "0", "missing_lines": 7, "excluded_lines": 0, "percent_statements_covered": 0.0, "percent_statements_covered_display": "0", "num_branches": 4, "num_partial_branches": 0, "covered_branches": 0, "missing_branches": 4, "percent_branches_covered": 0.0, "percent_branches_covered_display": "0"}, "missing_lines": [101, 103, 105, 106, 107, 108, 109], "excluded_lines": [], "start_line": 100, "executed_branches": [], "missing_branches": [[101, 103], [101, 105], [106, 107], [106, 108]]}, "make_read_csv_params": {"executed_lines": [], "summary": {"covered_lines": 0, "num_statements": 18, "percent_covered": 0.0, "percent_covered_display": "0", "missing_lines": 18, "excluded_lines": 0, "percent_statements_covered": 0.0, "percent_statements_covered_display": "0", "num_branches": 8, "num_partial_branches": 0, "covered_branches": 0, "missing_branches": 8, "percent_branches_covered": 0.0, "percent_branches_covered_display": "0"}, "missing_lines": [116, 119, 120, 121, 122, 124, 125, 126, 127, 128, 129, 130, 131, 132, 133, 134, 136, 138], "excluded_lines": [], "start_line": 112, "executed_branches": [], "missing_branches": [[126, 127], [126, 138], [127, 128], [127, 130], [130, 131], [130, 132], [132, 133], [132, 136]]}, "PandasDfHandler.flatten": {"executed_lines": [], "summary": {"covered_lines": 0, "num_statements": 35, "percent_covered": 0.0, "percent_covered_display": "0", "missing_lines": 35, "excluded_lines": 0, "percent_statements_covered": 0.0, "percent_statements_covered_display": "0", "num_branches": 10, "num_partial_branches": 0, "covered_branches": 0, "missing_branches": 10, "percent_branches_covered": 0.0, "percent_branches_covered_display": "0"}, "missing_lines": [151, 153, 154, 157, 160, 162, 163, 164, 167, 168, 169, 170, 172, 173, 174, 176, 177, 178, 179, 180, 182, 184, 188, 189, 190, 193, 194, 197, 198, 201, 203, 205, 216, 219, 220], "excluded_lines": [], "start_line": 150, "executed_branches": [], "missing_branches": [[153, 154], [153, 162], [167, 168], [167, 172], [178, 179], [178, 201], [182, 184], [182, 197], [184, 188], [184, 193]]}, "PandasDfHandler.restore": {"executed_lines": [], "summary": {"covered_lines": 0, "num_statements": 47, "percent_covered": 0.0, "percent_covered_display": "0", "missing_lines": 47, "excluded_lines": 0, "percent_statements_covered": 0.0, "percent_statements_covered_display": "0", "num_branches": 14, "num_partial_branches": 0, "covered_branches": 0, "missing_branches": 14, "percent_branches_covered": 0.0, "percent_branches_covered_display": "0"}, "missing_lines": [223, 224, 225, 226, 228, 236, 239, 240, 241, 243, 250, 251, 254, 255, 256, 260, 263, 264, 265, 266, 267, 269, 270, 272, 274, 275, 278, 279, 282, 283, 284, 285, 286, 287, 288, 293, 296, 297, 298, 302, 303, 306, 307, 308, 309, 311, 313], "excluded_lines": [], "start_line": 222, "executed_branches": [], "missing_branches": [[255, 256], [255, 260], [265, 266], [265, 278], [267, 269], [267, 272], [282, 283], [282, 296], [297, 298], [297, 302], [306, 307], [306, 313], [307, 308], [307, 311]]}, "PandasDfHandler.restore_v3_3": {"executed_lines": [], "summary": {"covered_lines": 0, "num_statements": 11, "percent_covered": 0.0, "percent_covered_display": "0", "missing_lines": 11, "excluded_lines": 0, "percent_statements_covered": 0.0, "percent_statements_covered_display": "0", "num_branches": 4, "num_partial_branches": 0, "covered_branches": 0, "missing_branches": 4, "percent_branches_covered": 0.0, "percent_branches_covered_display": "0"}, "missing_lines": [316, 317, 320, 321, 326, 327, 328, 330, 332, 333, 336], "excluded_lines": [], "start_line": 315, "executed_branches": [], "missing_branches": [[326, 327], [326, 328], [332, 333], [332, 336]]}, "PandasSeriesHandler.flatten": {"executed_lines": [], "summary": {"covered_lines": 0, "num_statements": 4, "percent_covered": 0.0, "percent_covered_display": "0", "missing_lines": 4, "excluded_lines": 0, "percent_statements_covered": 0.0, "percent_statements_covered_display": "0", "num_branches": 0, "num_partial_branches": 0, "covered_branches": 0, "missing_branches": 0, "percent_branches_covered": 100.0, "percent_branches_covered_display": "100"}, "missing_lines": [344, 346, 347, 348], "excluded_lines": [], "start_line": 342, "executed_branches": [], "missing_branches": []}, "PandasSeriesHandler.restore": {"executed_lines": [], "summary": {"covered_lines": 0, "num_statements": 4, "percent_covered": 0.0, "percent_covered_display": "0", "missing_lines": 4, "excluded_lines": 0, "percent_statements_covered": 0.0, "percent_statements_covered_display": "0", "num_branches": 0, "num_partial_branches": 0, "covered_branches": 0, "missing_branches": 0, "percent_branches_covered": 100.0, "percent_branches_covered_display": "100"}, "missing_lines": [352, 353, 354, 355], "excluded_lines": [], "start_line": 350, "executed_branches": [], "missing_branches": []}, "PandasIndexHandler.name_bundler": {"executed_lines": [], "summary": {"covered_lines": 0, "num_statements": 1, "percent_covered": 0.0, "percent_covered_display": "0", "missing_lines": 1, "excluded_lines": 0, "percent_statements_covered": 0.0, "percent_statements_covered_display": "0", "num_branches": 0, "num_partial_branches": 0, "covered_branches": 0, "missing_branches": 0, "percent_branches_covered": 100.0, "percent_branches_covered_display": "100"}, "missing_lines": [363], "excluded_lines": [], "start_line": 362, "executed_branches": [], "missing_branches": []}, "PandasIndexHandler.flatten": {"executed_lines": [], "summary": {"covered_lines": 0, "num_statements": 5, "percent_covered": 0.0, "percent_covered_display": "0", "missing_lines": 5, "excluded_lines": 0, "percent_statements_covered": 0.0, "percent_statements_covered_display": "0", "num_branches": 0, "num_partial_branches": 0, "covered_branches": 0, "missing_branches": 0, "percent_branches_covered": 100.0, "percent_branches_covered_display": "100"}, "missing_lines": [366, 367, 368, 369, 370], "excluded_lines": [], "start_line": 365, "executed_branches": [], "missing_branches": []}, "PandasIndexHandler.restore": {"executed_lines": [], "summary": {"covered_lines": 0, "num_statements": 5, "percent_covered": 0.0, "percent_covered_display": "0", "missing_lines": 5, "excluded_lines": 0, "percent_statements_covered": 0.0, "percent_statements_covered_display": "0", "num_branches": 0, "num_partial_branches": 0, "covered_branches": 0, "missing_branches": 0, "percent_branches_covered": 100.0, "percent_branches_covered_display": "100"}, "missing_lines": [373, 374, 375, 380, 381], "excluded_lines": [], "start_line": 372, "executed_branches": [], "missing_branches": []}, "PandasMultiIndexHandler.name_bundler": {"executed_lines": [], "summary": {"covered_lines": 0, "num_statements": 3, "percent_covered": 0.0, "percent_covered_display": "0", "missing_lines": 3, "excluded_lines": 0, "percent_statements_covered": 0.0, "percent_statements_covered_display": "0", "num_branches": 2, "num_partial_branches": 0, "covered_branches": 0, "missing_branches": 2, "percent_branches_covered": 0.0, "percent_branches_covered_display": "0"}, "missing_lines": [390, 391, 392], "excluded_lines": [], "start_line": 389, "executed_branches": [], "missing_branches": [[390, 391], [390, 392]]}, "PandasTimestampHandler.flatten": {"executed_lines": [], "summary": {"covered_lines": 0, "num_statements": 4, "percent_covered": 0.0, "percent_covered_display": "0", "missing_lines": 4, "excluded_lines": 0, "percent_statements_covered": 0.0, "percent_statements_covered_display": "0", "num_branches": 0, "num_partial_branches": 0, "covered_branches": 0, "missing_branches": 0, "percent_branches_covered": 100.0, "percent_branches_covered_display": "100"}, "missing_lines": [399, 400, 401, 402], "excluded_lines": [], "start_line": 398, "executed_branches": [], "missing_branches": []}, "PandasTimestampHandler.restore": {"executed_lines": [], "summary": {"covered_lines": 0, "num_statements": 4, "percent_covered": 0.0, "percent_covered_display": "0", "missing_lines": 4, "excluded_lines": 0, "percent_statements_covered": 0.0, "percent_statements_covered_display": "0", "num_branches": 0, "num_partial_branches": 0, "covered_branches": 0, "missing_branches": 0, "percent_branches_covered": 100.0, "percent_branches_covered_display": "100"}, "missing_lines": [405, 406, 407, 408], "excluded_lines": [], "start_line": 404, "executed_branches": [], "missing_branches": []}, "PandasPeriodHandler.flatten": {"executed_lines": [], "summary": {"covered_lines": 0, "num_statements": 4, "percent_covered": 0.0, "percent_covered_display": "0", "missing_lines": 4, "excluded_lines": 0, "percent_statements_covered": 0.0, "percent_statements_covered_display": "0", "num_branches": 0, "num_partial_branches": 0, "covered_branches": 0, "missing_branches": 0, "percent_branches_covered": 100.0, "percent_branches_covered_display": "100"}, "missing_lines": [415, 419, 420, 421], "excluded_lines": [], "start_line": 414, "executed_branches": [], "missing_branches": []}, "PandasPeriodHandler.restore": {"executed_lines": [], "summary": {"covered_lines": 0, "num_statements": 5, "percent_covered": 0.0, "percent_covered_display": "0", "missing_lines": 5, "excluded_lines": 0, "percent_statements_covered": 0.0, "percent_statements_covered_display": "0", "num_branches": 0, "num_partial_branches": 0, "covered_branches": 0, "missing_branches": 0, "percent_branches_covered": 100.0, "percent_branches_covered_display": "100"}, "missing_lines": [424, 425, 426, 427, 428], "excluded_lines": [], "start_line": 423, "executed_branches": [], "missing_branches": []}, "PandasIntervalHandler.flatten": {"executed_lines": [], "summary": {"covered_lines": 0, "num_statements": 4, "percent_covered": 0.0, "percent_covered_display": "0", "missing_lines": 4, "excluded_lines": 0, "percent_statements_covered": 0.0, "percent_statements_covered_display": "0", "num_branches": 0, "num_partial_branches": 0, "covered_branches": 0, "missing_branches": 0, "percent_branches_covered": 100.0, "percent_branches_covered_display": "100"}, "missing_lines": [435, 440, 441, 442], "excluded_lines": [], "start_line": 434, "executed_branches": [], "missing_branches": []}, "PandasIntervalHandler.restore": {"executed_lines": [], "summary": {"covered_lines": 0, "num_statements": 6, "percent_covered": 0.0, "percent_covered_display": "0", "missing_lines": 6, "excluded_lines": 0, "percent_statements_covered": 0.0, "percent_statements_covered_display": "0", "num_branches": 0, "num_partial_branches": 0, "covered_branches": 0, "missing_branches": 0, "percent_branches_covered": 100.0, "percent_branches_covered_display": "100"}, "missing_lines": [445, 446, 447, 448, 449, 450], "excluded_lines": [], "start_line": 444, "executed_branches": [], "missing_branches": []}, "register_handlers": {"executed_lines": [], "summary": {"covered_lines": 0, "num_statements": 9, "percent_covered": 0.0, "percent_covered_display": "0", "missing_lines": 9, "excluded_lines": 0, "percent_statements_covered": 0.0, "percent_statements_covered_display": "0", "num_branches": 0, "num_partial_branches": 0, "covered_branches": 0, "missing_branches": 0, "percent_branches_covered": 100.0, "percent_branches_covered_display": "100"}, "missing_lines": [454, 455, 456, 457, 458, 459, 460, 461, 462], "excluded_lines": [], "start_line": 453, "executed_branches": [], "missing_branches": []}, "unregister_handlers": {"executed_lines": [], "summary": {"covered_lines": 0, "num_statements": 9, "percent_covered": 0.0, "percent_covered_display": "0", "missing_lines": 9, "excluded_lines": 0, "percent_statements_covered": 0.0, "percent_statements_covered_display": "0", "num_branches": 0, "num_partial_branches": 0, "covered_branches": 0, "missing_branches": 0, "percent_branches_covered": 100.0, "percent_branches_covered_display": "100"}, "missing_lines": [466, 467, 468, 469, 470, 471, 472, 473, 474], "excluded_lines": [], "start_line": 465, "executed_branches": [], "missing_branches": []}, "": {"executed_lines": [], "summary": {"covered_lines": 0, "num_statements": 56, "percent_covered": 0.0, "percent_covered_display": "0", "missing_lines": 56, "excluded_lines": 0, "percent_statements_covered": 0.0, "percent_statements_covered_display": "0", "num_branches": 0, "num_partial_branches": 0, "covered_branches": 0, "missing_branches": 0, "percent_branches_covered": 100.0, "percent_branches_covered_display": "100"}, "missing_lines": [1, 2, 3, 4, 5, 7, 8, 10, 11, 12, 13, 14, 15, 17, 22, 30, 34, 57, 67, 68, 83, 100, 112, 147, 148, 150, 222, 315, 339, 340, 342, 350, 358, 359, 360, 362, 365, 372, 384, 385, 388, 389, 395, 396, 398, 404, 411, 412, 414, 423, 431, 432, 434, 444, 453, 465], "excluded_lines": [], "start_line": 1, "executed_branches": [], "missing_branches": []}}, "classes": {"PandasProcessor": {"executed_lines": [], "summary": {"covered_lines": 0, "num_statements": 19, "percent_covered": 0.0, "percent_covered_display": "0", "missing_lines": 19, "excluded_lines": 0, "percent_statements_covered": 0.0, "percent_statements_covered_display": "0", "num_branches": 8, "num_partial_branches": 0, "covered_branches": 0, "missing_branches": 8, "percent_branches_covered": 0.0, "percent_branches_covered_display": "0"}, "missing_lines": [80, 81, 86, 87, 88, 89, 91, 92, 94, 95, 97, 98, 101, 103, 105, 106, 107, 108, 109], "excluded_lines": [], "start_line": 67, "executed_branches": [], "missing_branches": [[86, 87], [86, 94], [87, 88], [87, 91], [101, 103], [101, 105], [106, 107], [106, 108]]}, "PandasDfHandler": {"executed_lines": [], "summary": {"covered_lines": 0, "num_statements": 93, "percent_covered": 0.0, "percent_covered_display": "0", "missing_lines": 93, "excluded_lines": 0, "percent_statements_covered": 0.0, "percent_statements_covered_display": "0", "num_branches": 28, "num_partial_branches": 0, "covered_branches": 0, "missing_branches": 28, "percent_branches_covered": 0.0, "percent_branches_covered_display": "0"}, "missing_lines": [151, 153, 154, 157, 160, 162, 163, 164, 167, 168, 169, 170, 172, 173, 174, 176, 177, 178, 179, 180, 182, 184, 188, 189, 190, 193, 194, 197, 198, 201, 203, 205, 216, 219, 220, 223, 224, 225, 226, 228, 236, 239, 240, 241, 243, 250, 251, 254, 255, 256, 260, 263, 264, 265, 266, 267, 269, 270, 272, 274, 275, 278, 279, 282, 283, 284, 285, 286, 287, 288, 293, 296, 297, 298, 302, 303, 306, 307, 308, 309, 311, 313, 316, 317, 320, 321, 326, 327, 328, 330, 332, 333, 336], "excluded_lines": [], "start_line": 147, "executed_branches": [], "missing_branches": [[153, 154], [153, 162], [167, 168], [167, 172], [178, 179], [178, 201], [182, 184], [182, 197], [184, 188], [184, 193], [255, 256], [255, 260], [265, 266], [265, 278], [267, 269], [267, 272], [282, 283], [282, 296], [297, 298], [297, 302], [306, 307], [306, 313], [307, 308], [307, 311], [326, 327], [326, 328], [332, 333], [332, 336]]}, "PandasSeriesHandler": {"executed_lines": [], "summary": {"covered_lines": 0, "num_statements": 8, "percent_covered": 0.0, "percent_covered_display": "0", "missing_lines": 8, "excluded_lines": 0, "percent_statements_covered": 0.0, "percent_statements_covered_display": "0", "num_branches": 0, "num_partial_branches": 0, "covered_branches": 0, "missing_branches": 0, "percent_branches_covered": 100.0, "percent_branches_covered_display": "100"}, "missing_lines": [344, 346, 347, 348, 352, 353, 354, 355], "excluded_lines": [], "start_line": 339, "executed_branches": [], "missing_branches": []}, "PandasIndexHandler": {"executed_lines": [], "summary": {"covered_lines": 0, "num_statements": 11, "percent_covered": 0.0, "percent_covered_display": "0", "missing_lines": 11, "excluded_lines": 0, "percent_statements_covered": 0.0, "percent_statements_covered_display": "0", "num_branches": 0, "num_partial_branches": 0, "covered_branches": 0, "missing_branches": 0, "percent_branches_covered": 100.0, "percent_branches_covered_display": "100"}, "missing_lines": [363, 366, 367, 368, 369, 370, 373, 374, 375, 380, 381], "excluded_lines": [], "start_line": 358, "executed_branches": [], "missing_branches": []}, "PandasPeriodIndexHandler": {"executed_lines": [], "summary": {"covered_lines": 0, "num_statements": 0, "percent_covered": 100.0, "percent_covered_display": "100", "missing_lines": 0, "excluded_lines": 0, "percent_statements_covered": 100.0, "percent_statements_covered_display": "100", "num_branches": 0, "num_partial_branches": 0, "covered_branches": 0, "missing_branches": 0, "percent_branches_covered": 100.0, "percent_branches_covered_display": "100"}, "missing_lines": [], "excluded_lines": [], "start_line": 384, "executed_branches": [], "missing_branches": []}, "PandasMultiIndexHandler": {"executed_lines": [], "summary": {"covered_lines": 0, "num_statements": 3, "percent_covered": 0.0, "percent_covered_display": "0", "missing_lines": 3, "excluded_lines": 0, "percent_statements_covered": 0.0, "percent_statements_covered_display": "0", "num_branches": 2, "num_partial_branches": 0, "covered_branches": 0, "missing_branches": 2, "percent_branches_covered": 0.0, "percent_branches_covered_display": "0"}, "missing_lines": [390, 391, 392], "excluded_lines": [], "start_line": 388, "executed_branches": [], "missing_branches": [[390, 391], [390, 392]]}, "PandasTimestampHandler": {"executed_lines": [], "summary": {"covered_lines": 0, "num_statements": 8, "percent_covered": 0.0, "percent_covered_display": "0", "missing_lines": 8, "excluded_lines": 0, "percent_statements_covered": 0.0, "percent_statements_covered_display": "0", "num_branches": 0, "num_partial_branches": 0, "covered_branches": 0, "missing_branches": 0, "percent_branches_covered": 100.0, "percent_branches_covered_display": "100"}, "missing_lines": [399, 400, 401, 402, 405, 406, 407, 408], "excluded_lines": [], "start_line": 395, "executed_branches": [], "missing_branches": []}, "PandasPeriodHandler": {"executed_lines": [], "summary": {"covered_lines": 0, "num_statements": 9, "percent_covered": 0.0, "percent_covered_display": "0", "missing_lines": 9, "excluded_lines": 0, "percent_statements_covered": 0.0, "percent_statements_covered_display": "0", "num_branches": 0, "num_partial_branches": 0, "covered_branches": 0, "missing_branches": 0, "percent_branches_covered": 100.0, "percent_branches_covered_display": "100"}, "missing_lines": [415, 419, 420, 421, 424, 425, 426, 427, 428], "excluded_lines": [], "start_line": 411, "executed_branches": [], "missing_branches": []}, "PandasIntervalHandler": {"executed_lines": [], "summary": {"covered_lines": 0, "num_statements": 10, "percent_covered": 0.0, "percent_covered_display": "0", "missing_lines": 10, "excluded_lines": 0, "percent_statements_covered": 0.0, "percent_statements_covered_display": "0", "num_branches": 0, "num_partial_branches": 0, "covered_branches": 0, "missing_branches": 0, "percent_branches_covered": 100.0, "percent_branches_covered_display": "100"}, "missing_lines": [435, 440, 441, 442, 445, 446, 447, 448, 449, 450], "excluded_lines": [], "start_line": 431, "executed_branches": [], "missing_bra
[...]
ines": [], "start_line": 239, "executed_branches": [], "missing_branches": []}, "_is_picklable": {"executed_lines": [275, 276, 277], "summary": {"covered_lines": 3, "num_statements": 3, "percent_covered": 100.0, "percent_covered_display": "100", "missing_lines": 0, "excluded_lines": 0, "percent_statements_covered": 100.0, "percent_statements_covered_display": "100", "num_branches": 2, "num_partial_branches": 0, "covered_branches": 2, "missing_branches": 0, "percent_branches_covered": 100.0, "percent_branches_covered_display": "100"}, "missing_lines": [], "excluded_lines": [], "start_line": 260, "executed_branches": [[275, 276], [275, 277]], "missing_branches": []}, "_is_installed": {"executed_lines": [], "summary": {"covered_lines": 0, "num_statements": 5, "percent_covered": 0.0, "percent_covered_display": "0", "missing_lines": 5, "excluded_lines": 0, "percent_statements_covered": 0.0, "percent_statements_covered_display": "0", "num_branches": 0, "num_partial_branches": 0, "covered_branches": 0, "missing_branches": 0, "percent_branches_covered": 100.0, "percent_branches_covered_display": "100"}, "missing_lines": [289, 290, 291, 292, 293], "excluded_lines": [], "start_line": 280, "executed_branches": [], "missing_branches": []}, "_is_list_like": {"executed_lines": [297], "summary": {"covered_lines": 1, "num_statements": 1, "percent_covered": 100.0, "percent_covered_display": "100", "missing_lines": 0, "excluded_lines": 0, "percent_statements_covered": 100.0, "percent_statements_covered_display": "100", "num_branches": 0, "num_partial_branches": 0, "covered_branches": 0, "missing_branches": 0, "percent_branches_covered": 100.0, "percent_branches_covered_display": "100"}, "missing_lines": [], "excluded_lines": [], "start_line": 296, "executed_branches": [], "missing_branches": []}, "_is_iterator": {"executed_lines": [301], "summary": {"covered_lines": 1, "num_statements": 1, "percent_covered": 100.0, "percent_covered_display": "100", "missing_lines": 0, "excluded_lines": 0, "percent_statements_covered": 100.0, "percent_statements_covered_display": "100", "num_branches": 0, "num_partial_branches": 0, "covered_branches": 0, "missing_branches": 0, "percent_branches_covered": 100.0, "percent_branches_covered_display": "100"}, "missing_lines": [], "excluded_lines": [], "start_line": 300, "executed_branches": [], "missing_branches": []}, "_is_collections": {"executed_lines": [305, 306], "summary": {"covered_lines": 2, "num_statements": 4, "percent_covered": 50.0, "percent_covered_display": "50", "missing_lines": 2, "excluded_lines": 0, "percent_statements_covered": 50.0, "percent_statements_covered_display": "50", "num_branches": 0, "num_partial_branches": 0, "covered_branches": 0, "missing_branches": 0, "percent_branches_covered": 100.0, "percent_branches_covered_display": "100"}, "missing_lines": [307, 308], "excluded_lines": [], "start_line": 304, "executed_branches": [], "missing_branches": []}, "_is_reducible_sequence_subclass": {"executed_lines": [312], "summary": {"covered_lines": 1, "num_statements": 1, "percent_covered": 100.0, "percent_covered_display": "100", "missing_lines": 0, "excluded_lines": 0, "percent_statements_covered": 100.0, "percent_statements_covered_display": "100", "num_branches": 0, "num_partial_branches": 0, "covered_branches": 0, "missing_branches": 0, "percent_branches_covered": 100.0, "percent_branches_covered_display": "100"}, "missing_lines": [], "excluded_lines": [], "start_line": 311, "executed_branches": [], "missing_branches": []}, "_is_reducible": {"executed_lines": [321, 322, 323, 333, 334], "summary": {"covered_lines": 5, "num_statements": 5, "percent_covered": 100.0, "percent_covered_display": "100", "missing_lines": 0, "excluded_lines": 0, "percent_statements_covered": 100.0, "percent_statements_covered_display": "100", "num_branches": 4, "num_partial_branches": 0, "covered_branches": 4, "missing_branches": 0, "percent_branches_covered": 100.0, "percent_branches_covered_display": "100"}, "missing_lines": [], "excluded_lines": [], "start_line": 315, "executed_branches": [[321, 322], [321, 323], [323, 333], [323, 334]], "missing_branches": []}, "_is_cython_function": {"executed_lines": [339], "summary": {"covered_lines": 1, "num_statements": 1, "percent_covered": 100.0, "percent_covered_display": "100", "missing_lines": 0, "excluded_lines": 0, "percent_statements_covered": 100.0, "percent_statements_covered_display": "100", "num_branches": 0, "num_partial_branches": 0, "covered_branches": 0, "missing_branches": 0, "percent_branches_covered": 100.0, "percent_branches_covered_display": "100"}, "missing_lines": [], "excluded_lines": [], "start_line": 337, "executed_branches": [], "missing_branches": []}, "_is_readonly": {"executed_lines": [348, 349, 351, 353], "summary": {"covered_lines": 4, "num_statements": 7, "percent_covered": 57.142857142857146, "percent_covered_display": "57", "missing_lines": 3, "excluded_lines": 0, "percent_statements_covered": 57.142857142857146, "percent_statements_covered_display": "57", "num_branches": 0, "num_partial_branches": 0, "covered_branches": 0, "missing_branches": 0, "percent_branches_covered": 100.0, "percent_branches_covered_display": "100"}, "missing_lines": [350, 354, 357], "excluded_lines": [], "start_line": 346, "executed_branches": [], "missing_branches": []}, "in_dict": {"executed_lines": [365], "summary": {"covered_lines": 1, "num_statements": 1, "percent_covered": 100.0, "percent_covered_display": "100", "missing_lines": 0, "excluded_lines": 0, "percent_statements_covered": 100.0, "percent_statements_covered_display": "100", "num_branches": 0, "num_partial_branches": 0, "covered_branches": 0, "missing_branches": 0, "percent_branches_covered": 100.0, "percent_branches_covered_display": "100"}, "missing_lines": [], "excluded_lines": [], "start_line": 360, "executed_branches": [], "missing_branches": []}, "in_slots": {"executed_lines": [373], "summary": {"covered_lines": 1, "num_statements": 1, "percent_covered": 100.0, "percent_covered_display": "100", "missing_lines": 0, "excluded_lines": 0, "percent_statements_covered": 100.0, "percent_statements_covered_display": "100", "num_branches": 0, "num_partial_branches": 0, "covered_branches": 0, "missing_branches": 0, "percent_branches_covered": 100.0, "percent_branches_covered_display": "100"}, "missing_lines": [], "excluded_lines": [], "start_line": 368, "executed_branches": [], "missing_branches": []}, "has_reduce": {"executed_lines": [384, 385, 390, 393, 394, 396, 397, 400, 401, 404, 405, 406, 407, 408, 413, 414, 415, 416, 417, 418, 421, 422, 423, 426], "summary": {"covered_lines": 24, "num_statements": 28, "percent_covered": 80.43478260869566, "percent_covered_display": "80", "missing_lines": 4, "excluded_lines": 0, "percent_statements_covered": 85.71428571428571, "percent_statements_covered_display": "86", "num_branches": 18, "num_partial_branches": 5, "covered_branches": 13, "missing_branches": 5, "percent_branches_covered": 72.22222222222223, "percent_branches_covered_display": "72"}, "missing_lines": [391, 409, 419, 424], "excluded_lines": [], "start_line": 376, "executed_branches": [[384, 385], [384, 390], [390, 393], [404, 405], [404, 413], [405, 406], [405, 408], [408, 404], [416, 417], [416, 421], [418, 421], [421, 422], [423, 426]], "missing_branches": [[390, 391], [408, 409], [418, 419], [421, 426], [423, 424]]}, "translate_module_name": {"executed_lines": [444, 445], "summary": {"covered_lines": 2, "num_statements": 2, "percent_covered": 100.0, "percent_covered_display": "100", "missing_lines": 0, "excluded_lines": 0, "percent_statements_covered": 100.0, "percent_statements_covered_display": "100", "num_branches": 0, "num_partial_branches": 0, "covered_branches": 0, "missing_branches": 0, "percent_branches_covered": 100.0, "percent_branches_covered_display": "100"}, "missing_lines": [], "excluded_lines": [], "start_line": 429, "executed_branches": [], "missing_branches": []}, "_0_9_6_compat_untranslate": {"executed_lines": [452, 453], "summary": {"covered_lines": 2, "num_statements": 2, "percent_covered": 100.0, "percent_covered_display": "100", "missing_lines": 0, "excluded_lines": 0, "percent_statements_covered": 100.0, "percent_statements_covered_display": "100", "num_branches": 0, "num_partial_branches": 0, "covered_branches": 0, "missing_branches": 0, "percent_branches_covered": 100.0, "percent_branches_covered_display": "100"}, "missing_lines": [], "excluded_lines": [], "start_line": 448, "executed_branches": [], "missing_branches": []}, "untranslate_module_name": {"executed_lines": [463], "summary": {"covered_lines": 1, "num_statements": 1, "percent_covered": 100.0, "percent_covered_display": "100", "missing_lines": 0, "excluded_lines": 0, "percent_statements_covered": 100.0, "percent_statements_covered_display": "100", "num_branches": 0, "num_partial_branches": 0, "covered_branches": 0, "missing_branches": 0, "percent_branches_covered": 100.0, "percent_branches_covered_display": "100"}, "missing_lines": [], "excluded_lines": [], "start_line": 456, "executed_branches": [], "missing_branches": []}, "importable_name": {"executed_lines": [487, 488, 492, 493, 494, 495, 496, 497, 500], "summary": {"covered_lines": 9, "num_statements": 11, "percent_covered": 73.6842105263158, "percent_covered_display": "74", "missing_lines": 2, "excluded_lines": 0, "percent_statements_covered": 81.81818181818181, "percent_statements_covered_display": "82", "num_branches": 8, "num_partial_branches": 3, "covered_branches": 5, "missing_branches": 3, "percent_branches_covered": 62.5, "percent_branches_covered_display": "62"}, "missing_lines": [489, 499], "excluded_lines": [], "start_line": 466, "executed_branches": [[488, 492], [494, 495], [494, 500], [495, 496], [496, 497]], "missing_branches": [[488, 489], [495, 500], [496, 499]]}, "b64encode": {"executed_lines": [507], "summary": {"covered_lines": 1, "num_statements": 1, "percent_covered": 100.0, "percent_covered_display": "100", "missing_lines": 0, "excluded_lines": 0, "percent_statements_covered": 100.0, "percent_statements_covered_display": "100", "num_branches": 0, "num_partial_branches": 0, "covered_branches": 0, "missing_branches": 0, "percent_branches_covered": 100.0, "percent_branches_covered_display": "100"}, "missing_lines": [], "excluded_lines": [], "start_line": 503, "executed_branches": [], "missing_branches": []}, "b64decode": {"executed_lines": [514, 515], "summary": {"covered_lines": 2, "num_statements": 4, "percent_covered": 50.0, "percent_covered_display": "50", "missing_lines": 2, "excluded_lines": 0, "percent_statements_covered": 50.0, "percent_statements_covered_display": "50", "num_branches": 0, "num_partial_branches": 0, "covered_branches": 0, "missing_branches": 0, "percent_branches_covered": 100.0, "percent_branches_covered_display": "100"}, "missing_lines": [516, 517], "excluded_lines": [], "start_line": 510, "executed_branches": [], "missing_branches": []}, "b85encode": {"executed_lines": [524], "summary": {"covered_lines": 1, "num_statements": 1, "percent_covered": 100.0, "percent_covered_display": "100", "missing_lines": 0, "excluded_lines": 0, "percent_statements_covered": 100.0, "percent_statements_covered_display": "100", "num_branches": 0, "num_partial_branches": 0, "covered_branches": 0, "missing_branches": 0, "percent_branches_covered": 100.0, "percent_branches_covered_display": "100"}, "missing_lines": [], "excluded_lines": [], "start_line": 520, "executed_branches": [], "missing_branches": []}, "b85decode": {"executed_lines": [531, 532], "summary": {"covered_lines": 2, "num_statements": 4, "percent_covered": 50.0, "percent_covered_display": "50", "missing_lines": 2, "excluded_lines": 0, "percent_statements_covered": 50.0, "percent_statements_covered_display": "50", "num_branches": 0, "num_partial_branches": 0, "covered_branches": 0, "missing_branches": 0, "percent_branches_covered": 100.0, "percent_branches_covered_display": "100"}, "missing_lines": [533, 534], "excluded_lines": [], "start_line": 527, "executed_branches": [], "missing_branches": []}, "itemgetter": {"executed_lines": [], "summary": {"covered_lines": 0, "num_statements": 1, "percent_covered": 0.0, "percent_covered_display": "0", "missing_lines": 1, "excluded_lines": 0, "percent_statements_covered": 0.0, "percent_statements_covered_display": "0", "num_branches": 0, "num_partial_branches": 0, "covered_branches": 0, "missing_branches": 0, "percent_branches_covered": 100.0, "percent_branches_covered_display": "100"}, "missing_lines": [541], "excluded_lines": [], "start_line": 537, "executed_branches": [], "missing_branches": []}, "items": {"executed_lines": [552, 553, 554, 555], "summary": {"covered_lines": 4, "num_statements": 4, "percent_covered": 100.0, "percent_covered_display": "100", "missing_lines": 0, "excluded_lines": 0, "percent_statements_covered": 100.0, "percent_statements_covered_display": "100", "num_branches": 4, "num_partial_branches": 0, "covered_branches": 4, "missing_branches": 0, "percent_branches_covered": 100.0, "percent_branches_covered_display": "100"}, "missing_lines": [], "excluded_lines": [], "start_line": 544, "executed_branches": [[552, -544], [552, 553], [553, 554], [553, 555]], "missing_branches": []}, "loadclass": {"executed_lines": [574, 575, 576, 584, 588, 589, 590, 591, 592, 593, 594, 595, 596, 597, 599, 601], "summary": {"covered_lines": 16, "num_statements": 22, "percent_covered": 76.66666666666667, "percent_covered_display": "77", "missing_lines": 6, "excluded_lines": 0, "percent_statements_covered": 72.72727272727273, "percent_statements_covered_display": "73", "num_branches": 8, "num_partial_branches": 1, "covered_branches": 7, "missing_branches": 1, "percent_branches_covered": 87.5, "percent_branches_covered_display": "88"}, "missing_lines": [577, 579, 580, 581, 582, 600], "excluded_lines": [], "start_line": 558, "executed_branches": [[574, 575], [574, 584], [588, 589], [588, 599], [593, 594], [593, 595], [599, 601]], "missing_branches": [[599, 600]]}, "": {"executed_lines": [12, 13, 14, 15, 16, 17, 18, 19, 20, 21, 22, 24, 27, 29, 31, 33, 34, 35, 36, 37, 45, 46, 58, 65, 72, 89, 136, 153, 160, 173, 178, 194, 211, 220, 239, 260, 280, 296, 300, 304, 311, 315, 337, 346, 360, 368, 376, 429, 448, 456, 466, 503, 510, 520, 527, 537, 544, 558], "summary": {"covered_lines": 58, "num_statements": 58, "percent_covered": 100.0, "percent_covered_display": "100", "missing_lines": 0, "excluded_lines": 0, "percent_statements_covered": 100.0, "percent_statements_covered_display": "100", "num_branches": 0, "num_partial_branches": 0, "covered_branches": 0, "missing_branches": 0, "percent_branches_covered": 100.0, "percent_branches_covered_display": "100"}, "missing_lines": [], "excluded_lines": [], "start_line": 1, "executed_branches": [], "missing_branches": []}}, "classes": {"": {"executed_lines": [12, 13, 14, 15, 16, 17, 18, 19, 20, 21, 22, 24, 27, 29, 31, 33, 34, 35, 36, 37, 45, 46, 58, 65, 72, 86, 89, 91, 92, 93, 96, 97, 100, 107, 108, 110, 111, 112, 113, 116, 120, 124, 126, 129, 133, 136, 148, 153, 157, 160, 170, 173, 175, 178, 187, 194, 204, 211, 217, 220, 236, 239, 251, 260, 275, 276, 277, 280, 296, 297, 300, 301, 304, 305, 306, 311, 312, 315, 321, 322, 323, 333, 334, 337, 339, 346, 348, 349, 351, 353, 360, 365, 368, 373, 376, 384, 385, 390, 393, 394, 396, 397, 400, 401, 404, 405, 406, 407, 408, 413, 414, 415, 416, 417, 418, 421, 422, 423, 426, 429, 444, 445, 448, 452, 453, 456, 463, 466, 487, 488, 492, 493, 494, 495, 496, 497, 500, 503, 507, 510, 514, 515, 520, 524, 527, 531, 532, 537, 544, 552, 553, 554, 555, 558, 574, 575, 576, 584, 588, 589, 590, 591, 592, 593, 594, 595, 596, 597, 599, 601], "summary": {"covered_lines": 170, "num_statements": 202, "percent_covered": 81.81818181818181, "percent_covered_display": "82", "missing_lines": 32, "excluded_lines": 0, "percent_statements_covered": 84.15841584158416, "percent_statements_covered_display": "84", "num_branches": 62, "num_partial_branches": 16, "covered_branches": 46, "missing_branches": 16, "percent_branches_covered": 74.19354838709677, "percent_branches_covered_display": "74"}, "missing_lines": [101, 117, 121, 125, 130, 289, 290, 291, 292, 293, 307, 308, 350, 354, 357, 391, 409, 419, 424, 489, 499, 516, 517, 533, 534, 541, 577, 579, 580, 581, 582, 600], "excluded_lines": [], "start_line": 1, "executed_branches": [[91, 92], [91, 93], [96, 97], [96, 100], [100, 107], [110, 111], [112, 113], [116, 120], [120, 124], [124, 126], [129, 133], [275, 276], [275, 277], [321, 322], [321, 323], [323, 333], [323, 334], [384, 385], [384, 390], [390, 393], [404, 405], [404, 413], [405, 406], [405, 408], [408, 404], [416, 417], [416, 421], [418, 421], [421, 422], [423, 426], [488, 492], [494, 495], [494, 500], [495, 496], [496, 497], [552, -544], [552, 553], [553, 554], [553, 555], [574, 575], [574, 584], [588, 589], [588, 599], [593, 594], [593, 595], [599, 601]], "missing_branches": [[100, 101], [110, 116], [112, 110], [116, 117], [120, 121], [124, 125], [129, 130], [390, 391], [408, 409], [418, 419], [421, 426], [423, 424], [488, 489], [495, 500], [496, 499], [599, 600]]}}}, "jsonpickle/version.py": {"executed_lines": [1, 2, 7, 8, 9, 10, 11, 12, 13, 16], "summary": {"covered_lines": 10, "num_statements": 12, "percent_covered": 83.33333333333333, "percent_covered_display": "83", "missing_lines": 2, "excluded_lines": 0, "percent_statements_covered": 83.33333333333333, "percent_statements_covered_display": "83", "num_branches": 0, "num_partial_branches": 0, "covered_branches": 0, "missing_branches": 0, "percent_branches_covered": 100.0, "percent_branches_covered_display": "100"}, "missing_lines": [3, 4], "excluded_lines": [], "executed_branches": [], "missing_branches": [], "functions": {"_get_version": {"executed_lines": [8, 9, 10, 11, 12, 13], "summary": {"covered_lines": 6, "num_statements": 6, "percent_covered": 100.0, "percent_covered_display": "100", "missing_lines": 0, "excluded_lines": 0, "percent_statements_covered": 100.0, "percent_statements_covered_display": "100", "num_branches": 0, "num_partial_branches": 0, "covered_branches": 0, "missing_branches": 0, "percent_branches_covered": 100.0, "percent_branches_covered_display": "100"}, "missing_lines": [], "excluded_lines": [], "start_line": 7, "executed_branches": [], "missing_branches": []}, "": {"executed_lines": [1, 2, 7, 16], "summary": {"covered_lines": 4, "num_statements": 6, "percent_covered": 66.66666666666667, "percent_covered_display": "67", "missing_lines": 2, "excluded_lines": 0, "percent_statements_covered": 66.66666666666667, "percent_statements_covered_display": "67", "num_branches": 0, "num_partial_branches": 0, "covered_branches": 0, "missing_branches": 0, "percent_branches_covered": 100.0, "percent_branches_covered_display": "100"}, "missing_lines": [3, 4], "excluded_lines": [], "start_line": 1, "executed_branches": [], "missing_branches": []}}, "classes": {"": {"executed_lines": [1, 2, 7, 8, 9, 10, 11, 12, 13, 16], "summary": {"covered_lines": 10, "num_statements": 12, "percent_covered": 83.33333333333333, "percent_covered_display": "83", "missing_lines": 2, "excluded_lines": 0, "percent_statements_covered": 83.33333333333333, "percent_statements_covered_display": "83", "num_branches": 0, "num_partial_branches": 0, "covered_branches": 0, "missing_branches": 0, "percent_branches_covered": 100.0, "percent_branches_covered_display": "100"}, "missing_lines": [3, 4], "excluded_lines": [], "start_line": 1, "executed_branches": [], "missing_branches": []}}}}, "totals": {"covered_lines": 1156, "num_statements": 2140, "percent_covered": 53.196664350243225, "percent_covered_display": "53", "missing_lines": 984, "excluded_lines": 8, "percent_statements_covered": 54.018691588785046, "percent_statements_covered_display": "54", "num_branches": 738, "num_partial_branches": 83, "covered_branches": 375, "missing_branches": 363, "percent_branches_covered": 50.8130081300813, "percent_branches_covered_display": "51"}}