{"meta": {"format": 3, "version": "7.15.0", "timestamp": "2026-07-12T18:11:53.336847", "branch_coverage": true, "show_contexts": false}, "files": {"bandit/__init__.py": {"executed_lines": [5, 7, 8, 9, 10, 11, 12, 13, 14, 15, 16, 17, 19, 20], "summary": {"covered_lines": 14, "num_statements": 14, "percent_covered": 100.0, "percent_covered_display": "100", "missing_lines": 0, "excluded_lines": 0, "percent_statements_covered": 100.0, "percent_statements_covered_display": "100", "num_branches": 0, "num_partial_branches": 0, "covered_branches": 0, "missing_branches": 0, "percent_branches_covered": 100.0, "percent_branches_covered_display": "100"}, "missing_lines": [], "excluded_lines": [], "executed_branches": [], "missing_branches": [], "functions": {"": {"executed_lines": [5, 7, 8, 9, 10, 11, 12, 13, 14, 15, 16, 17, 19, 20], "summary": {"covered_lines": 14, "num_statements": 14, "percent_covered": 100.0, "percent_covered_display": "100", "missing_lines": 0, "excluded_lines": 0, "percent_statements_covered": 100.0, "percent_statements_covered_display": "100", "num_branches": 0, "num_partial_branches": 0, "covered_branches": 0, "missing_branches": 0, "percent_branches_covered": 100.0, "percent_branches_covered_display": "100"}, "missing_lines": [], "excluded_lines": [], "start_line": 1, "executed_branches": [], "missing_branches": []}}, "classes": {"": {"executed_lines": [5, 7, 8, 9, 10, 11, 12, 13, 14, 15, 16, 17, 19, 20], "summary": {"covered_lines": 14, "num_statements": 14, "percent_covered": 100.0, "percent_covered_display": "100", "missing_lines": 0, "excluded_lines": 0, "percent_statements_covered": 100.0, "percent_statements_covered_display": "100", "num_branches": 0, "num_partial_branches": 0, "covered_branches": 0, "missing_branches": 0, "percent_branches_covered": 100.0, "percent_branches_covered_display": "100"}, "missing_lines": [], "excluded_lines": [], "start_line": 1, "executed_branches": [], "missing_branches": []}}}, "bandit/__main__.py": {"executed_lines": [], "summary": {"covered_lines": 0, "num_statements": 2, "percent_covered": 0.0, "percent_covered_display": "0", "missing_lines": 2, "excluded_lines": 0, "percent_statements_covered": 0.0, "percent_statements_covered_display": "0", "num_branches": 0, "num_partial_branches": 0, "covered_branches": 0, "missing_branches": 0, "percent_branches_covered": 100.0, "percent_branches_covered_display": "100"}, "missing_lines": [15, 17], "excluded_lines": [], "executed_branches": [], "missing_branches": [], "functions": {"": {"executed_lines": [], "summary": {"covered_lines": 0, "num_statements": 2, "percent_covered": 0.0, "percent_covered_display": "0", "missing_lines": 2, "excluded_lines": 0, "percent_statements_covered": 0.0, "percent_statements_covered_display": "0", "num_branches": 0, "num_partial_branches": 0, "covered_branches": 0, "missing_branches": 0, "percent_branches_covered": 100.0, "percent_branches_covered_display": "100"}, "missing_lines": [15, 17], "excluded_lines": [], "start_line": 1, "executed_branches": [], "missing_branches": []}}, "classes": {"": {"executed_lines": [], "summary": {"covered_lines": 0, "num_statements": 2, "percent_covered": 0.0, "percent_covered_display": "0", "missing_lines": 2, "excluded_lines": 0, "percent_statements_covered": 0.0, "percent_statements_covered_display": "0", "num_branches": 0, "num_partial_branches": 0, "covered_branches": 0, "missing_branches": 0, "percent_branches_covered": 100.0, "percent_branches_covered_display": "100"}, "missing_lines": [15, 17], "excluded_lines": [], "start_line": 1, "executed_branches": [], "missing_branches": []}}}, "bandit/blacklists/__init__.py": {"executed_lines": [], "summary": {"covered_lines": 0, "num_statements": 0, "percent_covered": 100.0, "percent_covered_display": "100", "missing_lines": 0, "excluded_lines": 0, "percent_statements_covered": 100.0, "percent_statements_covered_display": "100", "num_branches": 0, "num_partial_branches": 0, "covered_branches": 0, "missing_branches": 0, "percent_branches_covered": 100.0, "percent_branches_covered_display": "100"}, "missing_lines": [], "excluded_lines": [], "executed_branches": [], "missing_branches": [], "functions": {"": {"executed_lines": [], "summary": {"covered_lines": 0, "num_statements": 0, "percent_covered": 100.0, "percent_covered_display": "100", "missing_lines": 0, "excluded_lines": 0, "percent_statements_covered": 100.0, "percent_statements_covered_display": "100", "num_branches": 0, "num_partial_branches": 0, "covered_branches": 0, "missing_branches": 0, "percent_branches_covered": 100.0, "percent_branches_covered_display": "100"}, "missing_lines": [], "excluded_lines": [], "start_line": 1, "executed_branches": [], "missing_branches": []}}, "classes": {"": {"executed_lines": [], "summary": {"covered_lines": 0, "num_statements": 0, "percent_covered": 100.0, "percent_covered_display": "100", "missing_lines": 0, "excluded_lines": 0, "percent_statements_covered": 100.0, "percent_statements_covered_display": "100", "num_branches": 0, "num_partial_branches": 0, "covered_branches": 0, "missing_branches": 0, "percent_branches_covered": 100.0, "percent_branches_covered_display": "100"}, "missing_lines": [], "excluded_lines": [], "start_line": 1, "executed_branches": [], "missing_branches": []}}}, "bandit/blacklists/calls.py": {"executed_lines": [342, 343, 346, 357, 358, 382, 392, 413, 442, 452, 462, 473, 486, 506, 531, 546, 553, 568, 583, 593, 603, 613, 623, 637, 651, 670], "summary": {"covered_lines": 26, "num_statements": 26, "percent_covered": 100.0, "percent_covered_display": "100", "missing_lines": 0, "excluded_lines": 0, "percent_statements_covered": 100.0, "percent_statements_covered_display": "100", "num_branches": 0, "num_partial_branches": 0, "covered_branches": 0, "missing_branches": 0, "percent_branches_covered": 100.0, "percent_branches_covered_display": "100"}, "missing_lines": [], "excluded_lines": [], "executed_branches": [], "missing_branches": [], "functions": {"gen_blacklist": {"executed_lines": [357, 358, 382, 392, 413, 442, 452, 462, 473, 486, 506, 531, 546, 553, 568, 583, 593, 603, 613, 623, 637, 651, 670], "summary": {"covered_lines": 23, "num_statements": 23, "percent_covered": 100.0, "percent_covered_display": "100", "missing_lines": 0, "excluded_lines": 0, "percent_statements_covered": 100.0, "percent_statements_covered_display": "100", "num_branches": 0, "num_partial_branches": 0, "covered_branches": 0, "missing_branches": 0, "percent_branches_covered": 100.0, "percent_branches_covered_display": "100"}, "missing_lines": [], "excluded_lines": [], "start_line": 346, "executed_branches": [], "missing_branches": []}, "": {"executed_lines": [342, 343, 346], "summary": {"covered_lines": 3, "num_statements": 3, "percent_covered": 100.0, "percent_covered_display": "100", "missing_lines": 0, "excluded_lines": 0, "percent_statements_covered": 100.0, "percent_statements_covered_display": "100", "num_branches": 0, "num_partial_branches": 0, "covered_branches": 0, "missing_branches": 0, "percent_branches_covered": 100.0, "percent_branches_covered_display": "100"}, "missing_lines": [], "excluded_lines": [], "start_line": 1, "executed_branches": [], "missing_branches": []}}, "classes": {"": {"executed_lines": [342, 343, 346, 357, 358, 382, 392, 413, 442, 452, 462, 473, 486, 506, 531, 546, 553, 568, 583, 593, 603, 613, 623, 637, 651, 670], "summary": {"covered_lines": 26, "num_statements": 26, "percent_covered": 100.0, "percent_covered_display": "100", "missing_lines": 0, "excluded_lines": 0, "percent_statements_covered": 100.0, "percent_statements_covered_display": "100", "num_branches": 0, "num_partial_branches": 0, "covered_branches": 0, "missing_branches": 0, "percent_branches_covered": 100.0, "percent_branches_covered_display": "100"}, "missing_lines": [], "excluded_lines": [], "start_line": 1, "executed_branches": [], "missing_branches": []}}}, "bandit/blacklists/imports.py": {"executed_lines": [230, 231, 234, 245, 246, 258, 270, 282, 297, 304, 315, 326, 337, 348, 361, 375, 391, 413, 425], "summary": {"covered_lines": 19, "num_statements": 19, "percent_covered": 100.0, "percent_covered_display": "100", "missing_lines": 0, "excluded_lines": 0, "percent_statements_covered": 100.0, "percent_statements_covered_display": "100", "num_branches": 0, "num_partial_branches": 0, "covered_branches": 0, "missing_branches": 0, "percent_branches_covered": 100.0, "percent_branches_covered_display": "100"}, "missing_lines": [], "excluded_lines": [], "executed_branches": [], "missing_branches": [], "functions": {"gen_blacklist": {"executed_lines": [245, 246, 258, 270, 282, 297, 304, 315, 326, 337, 348, 361, 375, 391, 413, 425], "summary": {"covered_lines": 16, "num_statements": 16, "percent_covered": 100.0, "percent_covered_display": "100", "missing_lines": 0, "excluded_lines": 0, "percent_statements_covered": 100.0, "percent_statements_covered_display": "100", "num_branches": 0, "num_partial_branches": 0, "covered_branches": 0, "missing_branches": 0, "percent_branches_covered": 100.0, "percent_branches_covered_display": "100"}, "missing_lines": [], "excluded_lines": [], "start_line": 234, "executed_branches": [], "missing_branches": []}, "": {"executed_lines": [230, 231, 234], "summary": {"covered_lines": 3, "num_statements": 3, "percent_covered": 100.0, "percent_covered_display": "100", "missing_lines": 0, "excluded_lines": 0, "percent_statements_covered": 100.0, "percent_statements_covered_display": "100", "num_branches": 0, "num_partial_branches": 0, "covered_branches": 0, "missing_branches": 0, "percent_branches_covered": 100.0, "percent_branches_covered_display": "100"}, "missing_lines": [], "excluded_lines": [], "start_line": 1, "executed_branches": [], "missing_branches": []}}, "classes": {"": {"executed_lines": [230, 231, 234, 245, 246, 258, 270, 282, 297, 304, 315, 326, 337, 348, 361, 375, 391, 413, 425], "summary": {"covered_lines": 19, "num_statements": 19, "percent_covered": 100.0, "percent_covered_display": "100", "missing_lines": 0, "excluded_lines": 0, "percent_statements_covered": 100.0, "percent_statements_covered_display": "100", "num_branches": 0, "num_partial_branches": 0, "covered_branches": 0, "missing_branches": 0, "percent_branches_covered": 100.0, "percent_branches_covered_display": "100"}, "missing_lines": [], "excluded_lines": [], "start_line": 1, "executed_branches": [], "missing_branches": []}}}, "bandit/blacklists/utils.py": {"executed_lines": [8, 10], "summary": {"covered_lines": 2, "num_statements": 2, "percent_covered": 100.0, "percent_covered_display": "100", "missing_lines": 0, "excluded_lines": 0, "percent_statements_covered": 100.0, "percent_statements_covered_display": "100", "num_branches": 0, "num_partial_branches": 0, "covered_branches": 0, "missing_branches": 0, "percent_branches_covered": 100.0, "percent_branches_covered_display": "100"}, "missing_lines": [], "excluded_lines": [], "executed_branches": [], "missing_branches": [], "functions": {"build_conf_dict": {"executed_lines": [10], "summary": {"covered_lines": 1, "num_statements": 1, "percent_covered": 100.0, "percent_covered_display": "100", "missing_lines": 0, "excluded_lines": 0, "percent_statements_covered": 100.0, "percent_statements_covered_display": "100", "num_branches": 0, "num_partial_branches": 0, "covered_branches": 0, "missing_branches": 0, "percent_branches_covered": 100.0, "percent_branches_covered_display": "100"}, "missing_lines": [], "excluded_lines": [], "start_line": 8, "executed_branches": [], "missing_branches": []}, "": {"executed_lines": [8], "summary": {"covered_lines": 1, "num_statements": 1, "percent_covered": 100.0, "percent_covered_display": "100", "missing_lines": 0, "excluded_lines": 0, "percent_statements_covered": 100.0, "percent_statements_covered_display": "100", "num_branches": 0, "num_partial_branches": 0, "covered_branches": 0, "missing_branches": 0, "percent_branches_covered": 100.0, "percent_branches_covered_display": "100"}, "missing_lines": [], "excluded_lines": [], "start_line": 1, "executed_branches": [], "missing_branches": []}}, "classes": {"": {"executed_lines": [8, 10], "summary": {"covered_lines": 2, "num_statements": 2, "percent_covered": 100.0, "percent_covered_display": "100", "missing_lines": 0, "excluded_lines": 0, "percent_statements_covered": 100.0, "percent_statements_covered_display": "100", "num_branches": 0, "num_partial_branches": 0, "covered_branches": 0, "missing_branches": 0, "percent_branches_covered": 100.0, "percent_branches_covered_display": "100"}, "missing_lines": [], "excluded_lines": [], "start_line": 1, "executed_branches": [], "missing_branches": []}}}, "bandit/cli/__init__.py": {"executed_lines": [], "summary": {"covered_lines": 0, "num_statements": 0, "percent_covered": 100.0, "percent_covered_display": "100", "missing_lines": 0, "excluded_lines": 0, "percent_statements_covered": 100.0, "percent_statements_covered_display": "100", "num_branches": 0, "num_partial_branches": 0, "covered_branches": 0, "missing_branches": 0, "percent_branches_covered": 100.0, "percent_branches_covered_display": "100"}, "missing_lines": [], "excluded_lines": [], "executed_branches": [], "missing_branches": [], "functions": {"": {"executed_lines": [], "summary": {"covered_lines": 0, "num_statements": 0, "percent_covered": 100.0, "percent_covered_display": "100", "missing_lines": 0, "excluded_lines": 0, "percent_statements_covered": 100.0, "percent_statements_covered_display": "100", "num_branches": 0, "num_partial_branches": 0, "covered_branches": 0, "missing_branches": 0, "percent_branches_covered": 100.0, "percent_branches_covered_display": "100"}, "missing_lines": [], "excluded_lines": [], "start_line": 1, "executed_branches": [], "missing_branches": []}}, "classes": {"": {"executed_lines": [], "summary": {"covered_lines": 0, "num_statements": 0, "percent_covered": 100.0, "percent_covered_display": "100", "missing_lines": 0, "excluded_lines": 0, "percent_statements_covered": 100.0, "percent_statements_covered_display": "100", "num_branches": 0, "num_partial_branches": 0, "covered_branches": 0, "missing_branches": 0, "percent_branches_covered": 100.0, "percent_branches_covered_display": "100"}, "missing_lines": [], "excluded_lines": [], "start_line": 1, "executed_branches": [], "missing_branches": []}}}, "bandit/cli/baseline.py": {"executed_lines": [], "summary": {"covered_lines": 0, "num_statements": 121, "percent_covered": 0.0, "percent_covered_display": "0", "missing_lines": 121, "excluded_lines": 0, "percent_statements_covered": 0.0, "percent_statements_covered_display": "0", "num_branches": 26, "num_partial_branches": 0, "covered_branches": 0, "missing_branches": 26, "percent_branches_covered": 0.0, "percent_branches_covered_display": "0"}, "missing_lines": [13, 14, 15, 16, 17, 18, 19, 20, 22, 23, 24, 25, 27, 28, 29, 30, 31, 32, 33, 34, 36, 39, 45, 46, 47, 48, 50, 52, 54, 55, 58, 59, 60, 61, 63, 64, 65, 67, 68, 69, 70, 71, 72, 75, 81, 82, 84, 97, 99, 100, 102, 104, 106, 107, 108, 109, 110, 112, 113, 115, 116, 124, 125, 127, 130, 134, 135, 137, 138, 139, 141, 142, 146, 148, 149, 150, 151, 152, 153, 154, 155, 159, 161, 164, 171, 172, 173, 175, 183, 192, 196, 200, 201, 204, 207, 208, 209, 210, 212, 213, 215, 216, 217, 219, 220, 221, 224, 225, 228, 231, 232, 233, 236, 237, 241, 244, 245, 246, 248, 251, 252], "excluded_lines": [], "executed_branches": [], "missing_branches": [[54, 55], [54, 58], [99, 100], [99, 124], [115, 99], [115, 116], [124, 125], [124, 127], [141, -134], [141, 142], [171, 172], [171, 175], [200, 201], [200, 204], [207, 208], [207, 212], [224, 225], [224, 231], [231, 232], [231, 236], [236, 237], [236, 244], [244, 245], [244, 248], [251, -1], [251, 252]], "functions": {"main": {"executed_lines": [], "summary": {"covered_lines": 0, "num_statements": 43, "percent_covered": 0.0, "percent_covered_display": "0", "missing_lines": 43, "excluded_lines": 0, "percent_statements_covered": 0.0, "percent_statements_covered_display": "0", "num_branches": 8, "num_partial_branches": 0, "covered_branches": 0, "missing_branches": 8, "percent_branches_covered": 0.0, "percent_branches_covered_display": "0"}, "missing_lines": [45, 46, 47, 48, 50, 52, 54, 55, 58, 59, 60, 61, 63, 64, 65, 67, 68, 69, 70, 71, 72, 75, 81, 82, 84, 97, 99, 100, 102, 104, 106, 107, 108, 109, 110, 112, 113, 115, 116, 124, 125, 127, 130], "excluded_lines": [], "start_line": 39, "executed_branches": [], "missing_branches": [[54, 55], [54, 58], [99, 100], [99, 124], [115, 99], [115, 116], [124, 125], [124, 127]]}, "baseline_setup": {"executed_lines": [], "summary": {"covered_lines": 0, "num_statements": 5, "percent_covered": 0.0, "percent_covered_display": "0", "missing_lines": 5, "excluded_lines": 0, "percent_statements_covered": 0.0, "percent_statements_covered_display": "0", "num_branches": 2, "num_partial_branches": 0, "covered_branches": 0, "missing_branches": 2, "percent_branches_covered": 0.0, "percent_branches_covered_display": "0"}, "missing_lines": [137, 138, 139, 141, 142], "excluded_lines": [], "start_line": 135, "executed_branches": [], "missing_branches": [[141, -134], [141, 142]]}, "init_logger": {"executed_lines": [], "summary": {"covered_lines": 0, "num_statements": 8, "percent_covered": 0.0, "percent_covered_display": "0", "missing_lines": 8, "excluded_lines": 0, "percent_statements_covered": 0.0, "percent_statements_covered_display": "0", "num_branches": 0, "num_partial_branches": 0, "covered_branches": 0, "missing_branches": 0, "percent_branches_covered": 100.0, "percent_branches_covered_display": "100"}, "missing_lines": [148, 149, 150, 151, 152, 153, 154, 155], "excluded_lines": [], "start_line": 146, "executed_branches": [], "missing_branches": []}, "initialize": {"executed_lines": [], "summary": {"covered_lines": 0, "num_statements": 37, "percent_covered": 0.0, "percent_covered_display": "0", "missing_lines": 37, "excluded_lines": 0, "percent_statements_covered": 0.0, "percent_statements_covered_display": "0", "num_branches": 14, "num_partial_branches": 0, "covered_branches": 0, "missing_branches": 14, "percent_branches_covered": 0.0, "percent_branches_covered_display": "0"}, "missing_lines": [161, 164, 171, 172, 173, 175, 183, 192, 196, 200, 201, 204, 207, 208, 209, 210, 212, 213, 215, 216, 217, 219, 220, 221, 224, 225, 228, 231, 232, 233, 236, 237, 241, 244, 245, 246, 248], "excluded_lines": [], "start_line": 159, "executed_branches": [], "missing_branches": [[171, 172], [171, 175], [200, 201], [200, 204], [207, 208], [207, 212], [224, 225], [224, 231], [231, 232], [231, 236], [236, 237], [236, 244], [244, 245], [244, 248]]}, "": {"executed_lines": [], "summary": {"covered_lines": 0, "num_statements": 28, "percent_covered": 0.0, "percent_covered_display": "0", "missing_lines": 28, "excluded_lines": 0, "percent_statements_covered": 0.0, "percent_statements_covered_display": "0", "num_branches": 2, "num_partial_branches": 0, "covered_branches": 0, "missing_branches": 2, "percent_branches_covered": 0.0, "percent_branches_covered_display": "0"}, "missing_lines": [13, 14, 15, 16, 17, 18, 19, 20, 22, 23, 24, 25, 27, 28, 29, 30, 31, 32, 33, 34, 36, 39, 134, 135, 146, 159, 251, 252], "excluded_lines": [], "start_line": 1, "executed_branches": [], "missing_branches": [[251, -1], [251, 252]]}}, "classes": {"": {"executed_lines": [], "summary": {"covered_lines": 0, "num_statements": 121, "percent_covered": 0.0, "percent_covered_display": "0", "missing_lines": 121, "excluded_lines": 0, "percent_statements_covered": 0.0, "percent_statements_covered_display": "0", "num_branches": 26, "num_partial_branches": 0, "covered_branches": 0, "missing_branches": 26, "percent_branches_covered": 0.0, "percent_branches_covered_display": "0"}, "missing_lines": [13, 14, 15, 16, 17, 18, 19, 20, 22, 23, 24, 25, 27, 28, 29, 30, 31, 32, 33, 34, 36, 39, 45, 46, 47, 48, 50, 52, 54, 55, 58, 59, 60, 61, 63, 64, 65, 67, 68, 69, 70, 71, 72, 75, 81, 82, 84, 97, 99, 100, 102, 104, 106, 107, 108, 109, 110, 112, 113, 115, 116, 124, 125, 127, 130, 134, 135, 137, 138, 139, 141, 142, 146, 148, 149, 150, 151, 152, 153, 154, 155, 159, 161, 164, 171, 172, 173, 175, 183, 192, 196, 200, 201, 204, 207, 208, 209, 210, 212, 213, 215, 216, 217, 219, 220, 221, 224, 225, 228, 231, 232, 233, 236, 237, 241, 244, 245, 246, 248, 251, 252], "excluded_lines": [], "start_line": 1, "executed_branches": [], "missing_branches": [[54, 55], [54, 58], [99, 100], [99, 124], [115, 99], [115, 116], [124, 125], [124, 127], [141, -134], [141, 142], [171, 172], [171, 175], [200, 201], [200, 204], [207, 208], [207, 212], [224, 225], [224, 231], [231, 232], [231, 236], [236, 237], [236, 244], [244, 245], [244, 248], [251, -1], [251, 252]]}}}, "bandit/cli/config_generator.py": {"executed_lines": [], "summary": {"covered_lines": 0, "num_statements": 79, "percent_covered": 0.0, "percent_covered_display": "0", "missing_lines": 79, "excluded_lines": 0, "percent_statements_covered": 0.0, "percent_statements_covered_display": "0", "num_branches": 26, "num_partial_branches": 0, "covered_branches": 0, "missing_branches": 26, "percent_branches_covered": 0.0, "percent_branches_covered_display": "0"}, "missing_lines": [5, 6, 7, 8, 9, 11, 13, 15, 16, 19, 50, 52, 53, 54, 55, 56, 57, 58, 59, 62, 64, 75, 79, 80, 81, 83, 90, 97, 106, 115, 117, 118, 119, 121, 124, 126, 127, 128, 129, 132, 133, 136, 137, 139, 142, 144, 145, 147, 149, 150, 152, 153, 154, 155, 157, 158, 159, 160, 162, 163, 164, 166, 167, 168, 170, 171, 176, 182, 183, 185, 192, 194, 195, 197, 198, 201, 203, 206, 207], "excluded_lines": [], "executed_branches": [], "missing_branches": [[79, 80], [79, 83], [117, 118], [117, 121], [127, 128], [127, 139], [132, 127], [132, 133], [136, 127], [136, 137], [149, 150], [149, 152], [152, 153], [152, 203], [153, 154], [153, 157], [162, 163], [162, 166], [163, 162], [163, 164], [166, 167], [166, 170], [167, 166], [167, 168], [206, -1], [206, 207]], "functions": {"init_logger": {"executed_lines": [], "summary": {"covered_lines": 0, "num_statements": 8, "percent_covered": 0.0, "percent_covered_display": "0", "missing_lines": 8, "excluded_lines": 0, "percent_statements_covered": 0.0, "percent_statements_covered_display": "0", "num_branches": 0, "num_partial_branches": 0, "covered_branches": 0, "missing_branches": 0, "percent_branches_covered": 100.0, "percent_branches_covered_display": "100"}, "missing_lines": [52, 53, 54, 55, 56, 57, 58, 59], "excluded_lines": [], "start_line": 50, "executed_branches": [], "missing_branches": []}, "parse_args": {"executed_lines": [], "summary": {"covered_lines": 0, "num_statements": 14, "percent_covered": 0.0, "percent_covered_display": "0", "missing_lines": 14, "excluded_lines": 0, "percent_statements_covered": 0.0, "percent_statements_covered_display": "0", "num_branches": 4, "num_partial_branches": 0, "covered_branches": 0, "missing_branches": 4, "percent_branches_covered": 0.0, "percent_branches_covered_display": "0"}, "missing_lines": [64, 75, 79, 80, 81, 83, 90, 97, 106, 115, 117, 118, 119, 121], "excluded_lines": [], "start_line": 62, "executed_branches": [], "missing_branches": [[79, 80], [79, 83], [117, 118], [117, 121]]}, "get_config_settings": {"executed_lines": [], "summary": {"covered_lines": 0, "num_statements": 9, "percent_covered": 0.0, "percent_covered_display": "0", "missing_lines": 9, "excluded_lines": 0, "percent_statements_covered": 0.0, "percent_statements_covered_display": "0", "num_branches": 6, "num_partial_branches": 0, "covered_branches": 0, "missing_branches": 6, "percent_branches_covered": 0.0, "percent_branches_covered_display": "0"}, "missing_lines": [126, 127, 128, 129, 132, 133, 136, 137, 139], "excluded_lines": [], "start_line": 124, "executed_branches": [], "missing_branches": [[127, 128], [127, 139], [132, 127], [132, 133], [136, 127], [136, 137]]}, "main": {"executed_lines": [], "summary": {"covered_lines": 0, "num_statements": 32, "percent_covered": 0.0, "percent_covered_display": "0", "missing_lines": 32, "excluded_lines": 0, "percent_statements_covered": 0.0, "percent_statements_covered_display": "0", "num_branches": 14, "num_partial_branches": 0, "covered_branches": 0, "missing_branches": 14, "percent_branches_covered": 0.0, "percent_branches_covered_display": "0"}, "missing_lines": [144, 145, 147, 149, 150, 152, 153, 154, 155, 157, 158, 159, 160, 162, 163, 164, 166, 167, 168, 170, 171, 176, 182, 183, 185, 192, 194, 195, 197, 198, 201, 203], "excluded_lines": [], "start_line": 142, "executed_branches": [], "missing_branches": [[149, 150], [149, 152], [152, 153], [152, 203], [153, 154], [153, 157], [162, 163], [162, 166], [163, 162], [163, 164], [166, 167], [166, 170], [167, 166], [167, 168]]}, "": {"executed_lines": [], "summary": {"covered_lines": 0, "num_statements": 16, "percent_covered": 0.0, "percent_covered_display": "0", "missing_lines": 16, "excluded_lines": 0, "percent_statements_covered": 0.0, "percent_statements_covered_display": "0", "num_branches": 2, "num_partial_branches": 0, "covered_branches": 0, "missing_branches": 2, "percent_branches_covered": 0.0, "percent_branches_covered_display": "0"}, "missing_lines": [5, 6, 7, 8, 9, 11, 13, 15, 16, 19, 50, 62, 124, 142, 206, 207], "excluded_lines": [], "start_line": 1, "executed_branches": [], "missing_branches": [[206, -1], [206, 207]]}}, "classes": {"": {"executed_lines": [], "summary": {"covered_lines": 0, "num_statements": 79, "percent_covered": 0.0, "percent_covered_display": "0", "missing_lines": 79, "excluded_lines": 0, "percent_statements_covered": 0.0, "percent_statements_covered_display": "0", "num_branches": 26, "num_partial_branches": 0, "covered_branches": 0, "missing_branches": 26, "percent_branches_covered": 0.0, "percent_branches_covered_display": "0"}, "missing_lines": [5, 6, 7, 8, 9, 11, 13, 15, 16, 19, 50, 52, 53, 54, 55, 56, 57, 58, 59, 62, 64, 75, 79, 80, 81, 83, 90, 97, 106, 115, 117, 118, 119, 121, 124, 126, 127, 128, 129, 132, 133, 136, 137, 139, 142, 144, 145, 147, 149, 150, 152, 153, 154, 155, 157, 158, 159, 160, 162, 163, 164, 166, 167, 168, 170, 171, 176, 182, 183, 185, 192, 194, 195, 197, 198, 201, 203, 206, 207], "excluded_lines": [], "start_line": 1, "executed_branches": [], "missing_branches": [[79, 80], [79, 83], [117, 118], [117, 121], [127, 128], [127, 139], [132, 127], [132, 133], [136, 127], [136, 137], [149, 150], [149, 152], [152, 153], [152, 203], [153, 154], [153, 157], [162, 163], [162, 166], [163, 162], [163, 164], [166, 167], [166, 170], [167, 166], [167, 168], [206, -1], [206, 207]]}}}, "bandit/cli/main.py": {"executed_lines": [], "summary": {"covered_lines": 0, "num_statements": 228, "percent_covered": 0.0, "percent_covered_display": "0", "missing_lines": 228, "excluded_lines": 0, "percent_statements_covered": 0.0, "percent_statements_covered_display": "0", "num_branches": 84, "num_partial_branches": 0, "covered_branches": 0, "missing_branches": 84, "percent_branches_covered": 0.0, "percent_branches_covered_display": "0"}, "missing_lines": [6, 7, 8, 9, 10, 11, 13, 14, 15, 16, 17, 19, 20, 23, 29, 31, 33, 35, 37, 39, 40, 41, 42, 43, 46, 48, 50, 51, 53, 55, 56, 57, 58, 60, 61, 66, 68, 69, 70, 72, 73, 75, 78, 79, 81, 84, 87, 88, 89, 90, 91, 92, 93, 95, 97, 98, 101, 104, 105, 106, 107, 108, 111, 112, 113, 114, 115, 116, 117, 118, 120, 121, 122, 125, 126, 127, 128, 129, 130, 131, 134, 137, 142, 143, 145, 154, 158, 159, 160, 162, 169, 176, 186, 195, 205, 214, 223, 232, 233, 242, 252, 253, 262, 272, 281, 290, 299, 309, 310, 317, 324, 332, 338, 351, 360, 367, 374, 375, 382, 383, 384, 385, 387, 390, 391, 392, 393, 395, 396, 426, 429, 431, 432, 435, 436, 437, 438, 439, 440, 441, 442, 443, 446, 447, 448, 449, 450, 451, 452, 453, 454, 458, 459, 461, 468, 475, 482, 489, 490, 491, 493, 502, 509, 516, 523, 530, 537, 544, 551, 558, 565, 572, 579, 586, 593, 600, 601, 602, 603, 604, 606, 607, 608, 611, 612, 613, 615, 616, 618, 619, 620, 622, 623, 624, 626, 627, 628, 630, 640, 641, 642, 643, 644, 645, 646, 647, 649, 650, 654, 656, 657, 658, 660, 668, 670, 671, 672, 675, 676, 677, 680, 681, 682, 691, 695, 697, 700, 701], "excluded_lines": [], "executed_branches": [], "missing_branches": [[31, 33], [31, 35], [50, 51], [50, 53], [55, 56], [55, 60], [56, 55], [56, 57], [57, 56], [57, 58], [60, 61], [60, 68], [68, 69], [68, 72], [72, 73], [72, 75], [87, 88], [87, 97], [88, 89], [88, 91], [91, 92], [91, 95], [97, 98], [97, 101], [105, 106], [105, 107], [107, -104], [107, 108], [113, 114], [113, 120], [116, 117], [116, 118], [158, 159], [158, 162], [391, 392], [391, 395], [392, 391], [392, 393], [431, 432], [431, 435], [435, 436], [435, 446], [436, 437], [436, 438], [438, 439], [438, 440], [440, 441], [440, 442], [442, 443], [442, 446], [446, 447], [446, 458], [447, 448], [447, 449], [449, 450], [449, 451], [451, 452], [451, 453], [453, 454], [453, 458], [459, 461], [459, 600], [490, 491], [490, 493], [606, 607], [606, 611], [611, 612], [611, 615], [615, 616], [615, 618], [640, 641], [640, 656], [649, 650], [649, 656], [656, 657], [656, 668], [657, 658], [657, 660], [670, 671], [670, 675], [691, 695], [691, 697], [700, -1], [700, 701]], "functions": {"_init_logger": {"executed_lines": [], "summary": {"covered_lines": 0, "num_statements": 10, "percent_covered": 0.0, "percent_covered_display": "0", "missing_lines": 10, "excluded_lines": 0, "percent_statements_covered": 0.0, "percent_statements_covered_display": "0", "num_branches": 2, "num_partial_branches": 0, "covered_branches": 0, "missing_branches": 2, "percent_branches_covered": 0.0, "percent_branches_covered_display": "0"}, "missing_lines": [29, 31, 33, 35, 37, 39, 40, 41, 42, 43], "excluded_lines": [], "start_line": 23, "executed_branches": [], "missing_branches": [[31, 33], [31, 35]]}, "_get_options_from_ini": {"executed_lines": [], "summary": {"covered_lines": 0, "num_statements": 17, "percent_covered": 0.0, "percent_covered_display": "0", "missing_lines": 17, "excluded_lines": 0, "percent_statements_covered": 0.0, "percent_statements_covered_display": "0", "num_branches": 14, "num_partial_branches": 0, "covered_branches": 0, "missing_branches": 14, "percent_branches_covered": 0.0, "percent_branches_covered_display": "0"}, "missing_lines": [48, 50, 51, 53, 55, 56, 57, 58, 60, 61, 66, 68, 69, 70, 72, 73, 75], "excluded_lines": [], "start_line": 46, "executed_branches": [], "missing_branches": [[50, 51], [50, 53], [55, 56], [55, 60], [56, 55], [56, 57], [57, 56], [57, 58], [60, 61], [60, 68], [68, 69], [68, 72], [72, 73], [72, 75]]}, "_init_extensions": {"executed_lines": [], "summary": {"covered_lines": 0, "num_statements": 2, "percent_covered": 0.0, "percent_covered_display": "0", "missing_lines": 2, "excluded_lines": 0, "percent_statements_covered": 0.0, "percent_statements_covered_display": "0", "num_branches": 0, "num_partial_branches": 0, "covered_branches": 0, "missing_branches": 0, "percent_branches_covered": 100.0, "percent_branches_covered_display": "100"}, "missing_lines": [79, 81], "excluded_lines": [], "start_line": 78, "executed_branches": [], "missing_branches": []}, "_log_option_source": {"executed_lines": [], "summary": {"covered_lines": 0, "num_statements": 11, "percent_covered": 0.0, "percent_covered_display": "0", "missing_lines": 11, "excluded_lines": 0, "percent_statements_covered": 0.0, "percent_statements_covered_display": "0", "num_branches": 8, "num_partial_branches": 0, "covered_branches": 0, "missing_branches": 8, "percent_branches_covered": 0.0, "percent_branches_covered_display": "0"}, "missing_lines": [87, 88, 89, 90, 91, 92, 93, 95, 97, 98, 101], "excluded_lines": [], "start_line": 84, "executed_branches": [], "missing_branches": [[87, 88], [87, 97], [88, 89], [88, 91], [91, 92], [91, 95], [97, 98], [97, 101]]}, "_running_under_virtualenv": {"executed_lines": [], "summary": {"covered_lines": 0, "num_statements": 4, "percent_covered": 0.0, "percent_covered_display": "0", "missing_lines": 4, "excluded_lines": 0, "percent_statements_covered": 0.0, "percent_statements_covered_display": "0", "num_branches": 4, "num_partial_branches": 0, "covered_branches": 0, "missing_branches": 4, "percent_branches_covered": 0.0, "percent_branches_covered_display": "0"}, "missing_lines": [105, 106, 107, 108], "excluded_lines": [], "start_line": 104, "executed_branches": [], "missing_branches": [[105, 106], [105, 107], [107, -104], [107, 108]]}, "_get_profile": {"executed_lines": [], "summary": {"covered_lines": 0, "num_statements": 10, "percent_covered": 0.0, "percent_covered_display": "0", "missing_lines": 10, "excluded_lines": 0, "percent_statements_covered": 0.0, "percent_statements_covered_display": "0", "num_branches": 4, "num_partial_branches": 0, "covered_branches": 0, "missing_branches": 4, "percent_branches_covered": 0.0, "percent_branches_covered_display": "0"}, "missing_lines": [112, 113, 114, 115, 116, 117, 118, 120, 121, 122], "excluded_lines": [], "start_line": 111, "executed_branches": [], "missing_branches": [[113, 114], [113, 120], [116, 117], [116, 118]]}, "_log_info": {"executed_lines": [], "summary": {"covered_lines": 0, "num_statements": 6, "percent_covered": 0.0, "percent_covered_display": "0", "missing_lines": 6, "excluded_lines": 0, "percent_statements_covered": 0.0, "percent_statements_covered_display": "0", "num_branches": 0, "num_partial_branches": 0, "covered_branches": 0, "missing_branches": 0, "percent_branches_covered": 100.0, "percent_branches_covered_display": "100"}, "missing_lines": [126, 127, 128, 129, 130, 131], "excluded_lines": [], "start_line": 125, "executed_branches": [], "missing_branches": []}, "main": {"executed_lines": [], "summary": {"covered_lines": 0, "num_statements": 145, "percent_covered": 0.0, "percent_covered_display": "0", "missing_lines": 145, "excluded_lines": 0, "percent_statements_covered": 0.0, "percent_statements_covered_display": "0", "num_branches": 50, "num_partial_branches": 0, "covered_branches": 0, "missing_branches": 50, "percent_branches_covered": 0.0, "percent_branches_covered_display": "0"}, "missing_lines": [137, 142, 143, 145, 154, 158, 159, 160, 162, 169, 176, 186, 195, 205, 214, 223, 232, 233, 242, 252, 253, 262, 272, 281, 290, 299, 309, 310, 317, 324, 332, 338, 351, 360, 367, 374, 375, 382, 383, 384, 385, 387, 390, 391, 392, 393, 395, 396, 426, 429, 431, 432, 435, 436, 437, 438, 439, 440, 441, 442, 443, 446, 447, 448, 449, 450, 451, 452, 453, 454, 458, 459, 461, 468, 475, 482, 489, 490, 491, 493, 502, 509, 516, 523, 530, 537, 544, 551, 558, 565, 572, 579, 586, 593, 600, 601, 602, 603, 604, 606, 607, 608, 611, 612, 613, 615, 616, 618, 619, 620, 622, 623, 624, 626, 627, 628, 630, 640, 641, 642, 643, 644, 645, 646, 647, 649, 650, 654, 656, 657, 658, 660, 668, 670, 671, 672, 675, 676, 677, 680, 681, 682, 691, 695, 697], "excluded_lines": [], "start_line": 134, "executed_branches": [], "missing_branches": [[158, 159], [158, 162], [391, 392], [391, 395], [392, 391], [392, 393], [431, 432], [431, 435], [435, 436], [435, 446], [436, 437], [436, 438], [438, 439], [438, 440], [440, 441], [440, 442], [442, 443], [442, 446], [446, 447], [446, 458], [447, 448], [447, 449], [449, 450], [449, 451], [451, 452], [451, 453], [453, 454], [453, 458], [459, 461], [459, 600], [490, 491], [490, 493], [606, 607], [606, 611], [611, 612], [611, 615], [615, 616], [615, 618], [640, 641], [640, 656], [649, 650], [649, 656], [656, 657], [656, 668], [657, 658], [657, 660], [670, 671], [670, 675], [691, 695], [691, 697]]}, "": {"executed_lines": [], "summary": {"covered_lines": 0, "num_statements": 23, "percent_covered": 0.0, "percent_covered_display": "0", "missing_lines": 23, "excluded_lines": 0, "percent_statements_covered": 0.0, "percent_statements_covered_display": "0", "num_branches": 2, "num_partial_branches": 0, "covered_branches": 0, "missing_branches": 2, "percent_branches_covered": 0.0, "percent_branches_covered_display": "0"}, "missing_lines": [6, 7, 8, 9, 10, 11, 13, 14, 15, 16, 17, 19, 20, 23, 46, 78, 84, 104, 111, 125, 134, 700, 701], "excluded_lines": [], "start_line": 1, "executed_branches": [], "missing_branches": [[700, -1], [700, 701]]}}, "classes": {"": {"executed_lines": [], "summary": {"covered_lines": 0, "num_statements": 228, "percent_covered": 0.0, "percent_covered_display": "0", "missing_lines": 228, "excluded_lines": 0, "percent_statements_covered": 0.0, "percent_statements_covered_display": "0", "num_branches": 84, "num_partial_branches": 0, "covered_branches": 0, "missing_branches": 84, "percent_branches_covered": 0.0, "percent_branches_covered_display": "0"}, "missing_lines": [6, 7, 8, 9, 10, 11, 13, 14, 15, 16, 17, 19, 20, 23, 29, 31, 33, 35, 37, 39, 40, 41, 42, 43, 46, 48, 50, 51, 53, 55, 56, 57, 58, 60, 61, 66, 68, 69, 70, 72, 73, 75, 78, 79, 81, 84, 87, 88, 89, 90, 91, 92, 93, 95, 97, 98, 101, 104, 105, 106, 107, 108, 111, 112, 113, 114, 115, 116, 117, 118, 120, 121, 122, 125, 126, 127, 128, 129, 130, 131, 134, 137, 142, 143, 145, 154, 158, 159, 160, 162, 169, 176, 186, 195, 205, 214, 223, 232, 233, 242, 252, 253, 262, 272, 281, 290, 299, 309, 310, 317, 324, 332, 338, 351, 360, 367, 374, 375, 382, 383, 384, 385, 387, 390, 391, 392, 393, 395, 396, 426, 429, 431, 432, 435, 436, 437, 438, 439, 440, 441, 442, 443, 446, 447, 448, 449, 450, 451, 452, 453, 454, 458, 459, 461, 468, 475, 482, 489, 490, 491, 493, 502, 509, 516, 523, 530, 537, 544, 551, 558, 565, 572, 579, 586, 593, 600, 601, 602, 603, 604, 606, 607, 608, 611, 612, 613, 615, 616, 618, 619, 620, 622, 623, 624, 626, 627, 628, 630, 640, 641, 642, 643, 644, 645, 646, 647, 649, 650, 654, 656, 657, 658, 660, 668, 670, 671, 672, 675, 676, 677, 680, 681, 682, 691, 695, 697, 700, 701], "excluded_lines": [], "start_line": 1, "executed_branches": [], "missing_branches": [[31, 33], [31, 35], [50, 51], [50, 53], [55, 56], [55, 60], [56, 55], [56, 57], [57, 56], [57, 58], [60, 61], [60, 68], [68, 69], [68, 72], [72, 73], [72, 75], [87, 88], [87, 97], [88, 89], [88, 91], [91, 92], [91, 95], [97, 98], [97, 101], [105, 106], [105, 107], [107, -104], [107, 108], [113, 114], [113, 120], [116, 117], [116, 118], [158, 159], [158, 162], [391, 392], [391, 395], [392, 391], [392, 393], [431, 432], [431, 435], [435, 436], [435, 446], [436, 437], [436, 438], [438, 439], [438, 440], [440, 441], [440, 442], [442, 443], [442, 446], [446, 447], [446, 458], [447, 448], [447, 449], [449, 450], [449, 451], [451, 452], [451, 453], [453, 454], [453, 458], [459, 461], [459, 600], [490, 491], [490, 493], [606, 607], [606, 611], [611, 612], [611, 615], [615, 616], [615, 618], [640, 641], [640, 656], [649, 650], [649, 656], [656, 657], [656, 668], [657, 658], [657, 660], [670, 671], [670, 675], [691, 695], [691, 697], [700, -1], [700, 701]]}}}, "bandit/core/__init__.py": {"executed_lines": [5, 6, 7, 8, 9, 10, 11, 12, 13, 14, 15], "summary": {"covered_lines": 11, "num_statements": 11, "percent_covered": 100.0, "percent_covered_display": "100", "missing_lines": 0, "excluded_lines": 0, "percent_statements_covered": 100.0, "percent_statements_covered_display": "100", "num_branches": 0, "num_partial_branches": 0, "covered_branches": 0, "missing_branches": 0, "percent_branches_covered": 100.0, "percent_branches_covered_display": "100"}, "missing_lines": [], "excluded_lines": [], "executed_branches": [], "missing_branches": [], "functions": {"": {"executed_lines": [5, 6, 7, 8, 9, 10, 11, 12, 13, 14, 15], "summary": {"covered_lines": 11, "num_statements": 11, "percent_covered": 100.0, "percent_covered_display": "100", "missing_lines": 0, "excluded_lines": 0, "percent_statements_covered": 100.0, "percent_statements_covered_display": "100", "num_branches": 0, "num_partial_branches": 0, "covered_branches": 0, "missing_branches": 0, "percent_branches_covered": 100.0, "percent_branches_covered_display": "100"}, "missing_lines": [], "excluded_lines": [], "start_line": 1, "executed_branches": [], "missing_branches": []}}, "classes": {"": {"executed_lines": [5, 6, 7, 8, 9, 10, 11, 12, 13, 14, 15], "summary": {"covered_lines": 11, "num_statements": 11, "percent_covered": 100.0, "percent_covered_display": "100", "missing_lines": 0, "excluded_lines": 0, "percent_statements_covered": 100.0, "percent_statements_covered_display": "100", "num_branches": 0, "num_partial_branches": 0, "covered_branches": 0, "missing_branches": 0, "percent_branches_covered": 100.0, "percent_branches_covered_display": "100"}, "missing_lines": [], "excluded_lines": [], "start_line": 1, "executed_branches": [], "missing_branches": []}}}, "bandit/core/blacklisting.py": {"executed_lines": [5, 7, 10, 21], "summary": {"covered_lines": 4, "num_statements": 34, "percent_covered": 6.0606060606060606, "percent_covered_display": "6", "missing_lines": 30, "excluded_lines": 0, "percent_statements_covered": 11.764705882352942, "percent_statements_covered_display": "12", "num_branches": 32, "num_partial_branches": 0, "covered_branches": 0, "missing_branches": 32, "percent_branches_covered": 0.0, "percent_branches_covered_display": "0"}, "missing_lines": [11, 31, 32, 34, 35, 36, 37, 38, 41, 44, 46, 48, 52, 53, 54, 56, 57, 58, 59, 60, 62, 63, 64, 65, 66, 68, 69, 70, 71, 72], "excluded_lines": [], "executed_branches": [], "missing_branches": [[34, 35], [34, 62], [36, 37], [36, 48], [37, 38], [37, 46], [38, 41], [38, 44], [52, 53], [52, 57], [53, 54], [53, 56], [57, 58], [57, 62], [58, 57], [58, 59], [59, 58], [59, 60], [62, -21], [62, 63], [64, 65], [64, 68], [65, 66], [65, 68], [68, -21], [68, 69], [69, 68], [69, 70], [70, 69], [70, 71], [71, 70], [71, 72]], "functions": {"report_issue": {"executed_lines": [], "summary": {"covered_lines": 0, "num_statements": 1, "percent_covered": 0.0, "percent_covered_display": "0", "missing_lines": 1, "excluded_lines": 0, "percent_statements_covered": 0.0, "percent_statements_covered_display": "0", "num_branches": 0, "num_partial_branches": 0, "covered_branches": 0, "missing_branches": 0, "percent_branches_covered": 100.0, "percent_branches_covered_display": "100"}, "missing_lines": [11], "excluded_lines": [], "start_line": 10, "executed_branches": [], "missing_branches": []}, "blacklist": {"executed_lines": [], "summary": {"covered_lines": 0, "num_statements": 29, "percent_covered": 0.0, "percent_covered_display": "0", "missing_lines": 29, "excluded_lines": 0, "percent_statements_covered": 0.0, "percent_statements_covered_display": "0", "num_branches": 32, "num_partial_branches": 0, "covered_branches": 0, "missing_branches": 32, "percent_branches_covered": 0.0, "percent_branches_covered_display": "0"}, "missing_lines": [31, 32, 34, 35, 36, 37, 38, 41, 44, 46, 48, 52, 53, 54, 56, 57, 58, 59, 60, 62, 63, 64, 65, 66, 68, 69, 70, 71, 72], "excluded_lines": [], "start_line": 21, "executed_branches": [], "missing_branches": [[34, 35], [34, 62], [36, 37], [36, 48], [37, 38], [37, 46], [38, 41], [38, 44], [52, 53], [52, 57], [53, 54], [53, 56], [57, 58], [57, 62], [58, 57], [58, 59], [59, 58], [59, 60], [62, -21], [62, 63], [64, 65], [64, 68], [65, 66], [65, 68], [68, -21], [68, 69], [69, 68], [69, 70], [70, 69], [70, 71], [71, 70], [71, 72]]}, "": {"executed_lines": [5, 7, 10, 21], "summary": {"covered_lines": 4, "num_statements": 4, "percent_covered": 100.0, "percent_covered_display": "100", "missing_lines": 0, "excluded_lines": 0, "percent_statements_covered": 100.0, "percent_statements_covered_display": "100", "num_branches": 0, "num_partial_branches": 0, "covered_branches": 0, "missing_branches": 0, "percent_branches_covered": 100.0, "percent_branches_covered_display": "100"}, "missing_lines": [], "excluded_lines": [], "start_line": 1, "executed_branches": [], "missing_branches": []}}, "classes": {"": {"executed_lines": [5, 7, 10, 21], "summary": {"covered_lines": 4, "num_statements": 34, "percent_covered": 6.0606060606060606, "percent_covered_display": "6", "missing_lines": 30, "excluded_lines": 0, "percent_statements_covered": 11.764705882352942, "percent_statements_covered_display": "12", "num_branches": 32, "num_partial_branches": 0, "covered_branches": 0, "missing_branches": 32, "percent_branches_covered": 0.0, "percent_branches_covered_display": "0"}, "missing_lines": [11, 31, 32, 34, 35, 36, 37, 38, 41, 44, 46, 48, 52, 53, 54, 56, 57, 58, 59, 60, 62, 63, 64, 65, 66, 68, 69, 70, 71, 72], "excluded_lines": [], "start_line": 1, "executed_branches": [], "missing_branches": [[34, 35], [34, 62], [36, 37], [36, 48], [37, 38], [37, 46], [38, 41], [38, 44], [52, 53], [52, 57], [53, 54], [53, 56], [57, 58], [57, 62], [58, 57], [58, 59], [59, 58], [59, 60], [62, -21], [62, 63], [64, 65], [64, 68], [65, 66], [65, 68], [68, -21], [68, 69], [69, 68], [69, 70], [70, 69], [70, 71], [71, 70], [71, 72]]}}}, "bandit/core/config.py": {"executed_lines": [5, 6, 8, 10, 13, 14, 18, 19, 20, 22, 25, 26, 84, 103, 109, 110, 117, 129, 136, 146, 166, 196, 197, 235], "summary": {"covered_lines": 24, "num_statements": 147, "percent_covered": 12.56281407035176, "percent_covered_display": "13", "missing_lines": 123, "excluded_lines": 0, "percent_statements_covered": 16.3265306122449, "percent_statements_covered_display": "16", "num_branches": 52, "num_partial_branches": 1, "covered_branches": 1, "missing_branches": 51, "percent_branches_covered": 1.9230769230769231, "percent_branches_covered_display": "2"}, "missing_lines": [11, 15, 16, 35, 36, 38, 39, 40, 41, 42, 46, 47, 48, 53, 54, 55, 58, 59, 60, 62, 63, 64, 65, 66, 67, 69, 72, 73, 75, 79, 80, 82, 93, 94, 95, 96, 97, 99, 101, 104, 105, 107, 115, 126, 127, 131, 132, 133, 134, 137, 138, 140, 141, 144, 148, 150, 151, 155, 159, 163, 164, 168, 169, 171, 172, 173, 174, 175, 176, 177, 179, 180, 181, 182, 183, 184, 185, 186, 187, 189, 190, 194, 200, 201, 202, 203, 205, 206, 207, 208, 210, 211, 212, 214, 215, 217, 218, 219, 220, 221, 223, 224, 225, 226, 230, 231, 233, 237, 238, 247, 248, 249, 250, 252, 253, 254, 255, 256, 258, 259, 260, 263, 264], "excluded_lines": [], "executed_branches": [[10, 13]], "missing_branches": [[10, 11], [38, 39], [38, 79], [46, 47], [46, 62], [47, 48], [47, 53], [72, 73], [72, 75], [95, 96], [95, 101], [96, 97], [96, 99], [104, 105], [104, 107], [132, 133], [132, 134], [140, -136], [140, 141], [151, 155], [151, 164], [173, 174], [173, 179], [174, 173], [174, 175], [181, 182], [181, 189], [182, 181], [182, 183], [189, 190], [189, 194], [201, -200], [201, 202], [205, -196], [205, 206], [211, 212], [211, 214], [218, 219], [218, 223], [230, 231], [230, 233], [248, -247], [248, 249], [249, -247], [249, 250], [252, 253], [252, 263], [254, 255], [254, 263], [263, -235], [263, 264]], "functions": {"BanditConfig.__init__": {"executed_lines": [], "summary": {"covered_lines": 0, "num_statements": 29, "percent_covered": 0.0, "percent_covered_display": "0", "missing_lines": 29, "excluded_lines": 0, "percent_statements_covered": 0.0, "percent_statements_covered_display": "0", "num_branches": 8, "num_partial_branches": 0, "covered_branches": 0, "missing_branches": 8, "percent_branches_covered": 0.0, "percent_branches_covered_display": "0"}, "missing_lines": [35, 36, 38, 39, 40, 41, 42, 46, 47, 48, 53, 54, 55, 58, 59, 60, 62, 63, 64, 65, 66, 67, 69, 72, 73, 75, 79, 80, 82], "excluded_lines": [], "start_line": 26, "executed_branches": [], "missing_branches": [[38, 39], [38, 79], [46, 47], [46, 62], [47, 48], [47, 53], [72, 73], [72, 75]]}, "BanditConfig.get_option": {"executed_lines": [], "summary": {"covered_lines": 0, "num_statements": 7, "percent_covered": 0.0, "percent_covered_display": "0", "missing_lines": 7, "excluded_lines": 0, "percent_statements_covered": 0.0, "percent_statements_covered_display": "0", "num_branches": 4, "num_partial_branches": 0, "covered_branches": 0, "missing_branches": 4, "percent_branches_covered": 0.0, "percent_branches_covered_display": "0"}, "missing_lines": [93, 94, 95, 96, 97, 99, 101], "excluded_lines": [], "start_line": 84, "executed_branches": [], "missing_branches": [[95, 96], [95, 101], [96, 97], [96, 99]]}, "BanditConfig.get_setting": {"executed_lines": [], "summary": {"covered_lines": 0, "num_statements": 3, "percent_covered": 0.0, "percent_covered_display": "0", "missing_lines": 3, "excluded_lines": 0, "percent_statements_covered": 0.0, "percent_statements_covered_display": "0", "num_branches": 2, "num_partial_branches": 0, "covered_branches": 0, "missing_branches": 2, "percent_branches_covered": 0.0, "percent_branches_covered_display": "0"}, "missing_lines": [104, 105, 107], "excluded_lines": [], "start_line": 103, "executed_branches": [], "missing_branches": [[104, 105], [104, 107]]}, "BanditConfig.config": {"executed_lines": [], "summary": {"covered_lines": 0, "num_statements": 1, "percent_covered": 0.0, "percent_covered_display": "0", "missing_lines": 1, "excluded_lines": 0, "percent_statements_covered": 0.0, "percent_statements_covered_display": "0", "num_branches": 0, "num_partial_branches": 0, "covered_branches": 0, "missing_branches": 0, "percent_branches_covered": 100.0, "percent_branches_covered_display": "100"}, "missing_lines": [115], "excluded_lines": [], "start_line": 110, "executed_branches": [], "missing_branches": []}, "BanditConfig._init_settings": {"executed_lines": [], "summary": {"covered_lines": 0, "num_statements": 2, "percent_covered": 0.0, "percent_covered_display": "0", "missing_lines": 2, "excluded_lines": 0, "percent_statements_covered": 0.0, "percent_statements_covered_display": "0", "num_branches": 0, "num_partial_branches": 0, "covered_branches": 0, "missing_branches": 0, "percent_branches_covered": 100.0, "percent_branches_covered_display": "100"}, "missing_lines": [126, 127], "excluded_lines": [], "start_line": 117, "executed_branches": [], "missing_branches": []}, "BanditConfig._init_plugin_name_pattern": {"executed_lines": [], "summary": {"covered_lines": 0, "num_statements": 4, "percent_covered": 0.0, "percent_covered_display": "0", "missing_lines": 4, "excluded_lines": 0, "percent_statements_covered": 0.0, "percent_statements_covered_display": "0", "num_branches": 2, "num_partial_branches": 0, "covered_branches": 0, "missing_branches": 2, "percent_branches_covered": 0.0, "percent_branches_covered_display": "0"}, "missing_lines": [131, 132, 133, 134], "excluded_lines": [], "start_line": 129, "executed_branches": [], "missing_branches": [[132, 133], [132, 134]]}, "BanditConfig.convert_legacy_config": {"executed_lines": [], "summary": {"covered_lines": 0, "num_statements": 5, "percent_covered": 0.0, "percent_covered_display": "0", "missing_lines": 5, "excluded_lines": 0, "percent_statements_covered": 0.0, "percent_statements_covered_display": "0", "num_branches": 2, "num_partial_branches": 0, "covered_branches": 0, "missing_branches": 2, "percent_branches_covered": 0.0, "percent_branches_covered_display": "0"}, "missing_lines": [137, 138, 140, 141, 144], "excluded_lines": [], "start_line": 136, "executed_branches": [], "missing_branches": [[140, -136], [140, 141]]}, "BanditConfig.convert_names_to_ids": {"executed_lines": [], "summary": {"covered_lines": 0, "num_statements": 7, "percent_covered": 0.0, "percent_covered_display": "0", "missing_lines": 7, "excluded_lines": 0, "percent_statements_covered": 0.0, "percent_statements_covered_display": "0", "num_branches": 2, "num_partial_branches": 0, "covered_branches": 0, "missing_branches": 2, "percent_branches_covered": 0.0, "percent_branches_covered_display": "0"}, "missing_lines": [148, 150, 151, 155, 159, 163, 164], "excluded_lines": [], "start_line": 146, "executed_branches": [], "missing_branches": [[151, 155], [151, 164]]}, "BanditConfig.convert_legacy_blacklist_data": {"executed_lines": [], "summary": {"covered_lines": 0, "num_statements": 21, "percent_covered": 0.0, "percent_covered_display": "0", "missing_lines": 21, "excluded_lines": 0, "percent_statements_covered": 0.0, "percent_statements_covered_display": "0", "num_branches": 10, "num_partial_branches": 0, "covered_branches": 0, "missing_branches": 10, "percent_branches_covered": 0.0, "percent_branches_covered_display": "0"}, "missing_lines": [168, 169, 171, 172, 173, 174, 175, 176, 177, 179, 180, 181, 182, 183, 184, 185, 186, 187, 189, 190, 194], "excluded_lines": [], "start_line": 166, "executed_branches": [], "missing_branches": [[173, 174], [173, 179], [174, 173], [174, 175], [181, 182], [181, 189], [182, 181], [182, 183], [189, 190], [189, 194]]}, "BanditConfig.convert_legacy_blacklist_tests": {"executed_lines": [], "summary": {"covered_lines": 0, "num_statements": 22, "percent_covered": 0.0, "percent_covered_display": "0", "missing_lines": 22, "excluded_lines": 0, "percent_statements_covered": 0.0, "percent_statements_covered_display": "0", "num_branches": 8, "num_partial_branches": 0, "covered_branches": 0, "missing_branches": 8, "percent_branches_covered": 0.0, "percent_branches_covered_display": "0"}, "missing_lines": [200, 205, 206, 207, 208, 210, 211, 212, 214, 215, 217, 218, 219, 220, 221, 223, 224, 225, 226, 230, 231, 233], "excluded_lines": [], "start_line": 197, "executed_branches": [], "missing_branches": [[205, -196], [205, 206], [211, 212], [211, 214], [218, 219], [218, 223], [230, 231], [230, 233]]}, "BanditConfig.convert_legacy_blacklist_tests._clean_set": {"executed_lines": [], "summary": {"covered_lines": 0, "num_statements": 3, "percent_covered": 0.0, "percent_covered_display": "0", "missing_lines": 3, "excluded_lines": 0, "percent_statements_covered": 0.0, "percent_statements_covered_display": "0", "num_branches": 2, "num_partial_branches": 0, "covered_branches": 0, "missing_branches": 2, "percent_branches_covered": 0.0, "percent_branches_covered_display": "0"}, "missing_lines": [201, 202, 203], "excluded_lines": [], "start_line": 200, "executed_branches": [], "missing_branches": [[201, -200], [201, 202]]}, "BanditConfig.validate": {"executed_lines": [], "summary": {"covered_lines": 0, "num_statements": 13, "percent_covered": 0.0, "percent_covered_display": "0", "missing_lines": 13, "excluded_lines": 0, "percent_statements_covered": 0.0, "percent_statements_covered_display": "0", "num_branches": 6, "num_partial_branches": 0, "covered_branches": 0, "missing_branches": 6, "percent_branches_covered": 0.0, "percent_branches_covered_display": "0"}, "missing_lines": [237, 238, 247, 252, 253, 254, 255, 256, 258, 259, 260, 263, 264], "excluded_lines": [], "start_line": 235, "executed_branches": [], "missing_branches": [[252, 253], [252, 263], [254, 255], [254, 263], [263, -235], [263, 264]]}, "BanditConfig.validate._test": {"executed_lines": [], "summary": {"covered_lines": 0, "num_statements": 3, "percent_covered": 0.0, "percent_covered_display": "0", "missing_lines": 3, "excluded_lines": 0, "percent_statements_covered": 0.0, "percent_statements_covered_display": "0", "num_branches": 4, "num_partial_branches": 0, "covered_branches": 0, "missing_branches": 4, "percent_branches_covered": 0.0, "percent_branches_covered_display": "0"}, "missing_lines": [248, 249, 250], "excluded_lines": [], "start_line": 247, "executed_branches": [], "missing_branches": [[248, -247], [248, 249], [249, -247], [249, 250]]}, "": {"executed_lines": [5, 6, 8, 10, 13, 14, 18, 19, 20, 22, 25, 26, 84, 103, 109, 110, 117, 129, 136, 146, 166, 196, 197, 235], "summary": {"covered_lines": 24, "num_statements": 27, "percent_covered": 86.20689655172414, "percent_covered_display": "86", "missing_lines": 3, "excluded_lines": 0, "percent_statements_covered": 88.88888888888889, "percent_statements_covered_display": "89", "num_branches": 2, "num_partial_branches": 1, "covered_branches": 1, "missing_branches": 1, "percent_branches_covered": 50.0, "percent_branches_covered_display": "50"}, "missing_lines": [11, 15, 16], "excluded_lines": [], "start_line": 1, "executed_branches": [[10, 13]], "missing_branches": [[10, 11]]}}, "classes": {"BanditConfig": {"executed_lines": [], "summary": {"covered_lines": 0, "num_statements": 120, "percent_covered": 0.0, "percent_covered_display": "0", "missing_lines": 120, "excluded_lines": 0, "percent_statements_covered": 0.0, "percent_statements_covered_display": "0", "num_branches": 50, "num_partial_branches": 0, "covered_branches": 0, "missing_branches": 50, "percent_branches_covered": 0.0, "percent_branches_covered_display": "0"}, "missing_lines": [35, 36, 38, 39, 40, 41, 42, 46, 47, 48, 53, 54, 55, 58, 59, 60, 62, 63, 64, 65, 66, 67, 69, 72, 73, 75, 79, 80, 82, 93, 94, 95, 96, 97, 99, 101, 104, 105, 107, 115, 126, 127, 131, 132, 133, 134, 137, 138, 140, 141, 144, 148, 150, 151, 155, 159, 163, 164, 168, 169, 171, 172, 173, 174, 175, 176, 177, 179, 180, 181, 182, 183, 184, 185, 186, 187, 189, 190, 194, 200, 201, 202, 203, 205, 206, 207, 208, 210, 211, 212, 214, 215, 217, 218, 219, 220, 221, 223, 224, 225, 226, 230, 231, 233, 237, 238, 247, 248, 249, 250, 252, 253, 254, 255, 256, 258, 259, 260, 263, 264], "excluded_lines": [], "start_line": 25, "executed_branches": [], "missing_branches": [[38, 39], [38, 79], [46, 47], [46, 62], [47, 48], [47, 53], [72, 73], [72, 75], [95, 96], [95, 101], [96, 97], [96, 99], [104, 105], [104, 107], [132, 133], [132, 134], [140, -136], [140, 141], [151, 155], [151, 164], [173, 174], [173, 179], [174, 173], [174, 175], [181, 182], [181, 189], [182, 181], [182, 183], [189, 190], [189, 194], [201, -200], [201, 202], [205, -196], [205, 206], [211, 212], [211, 214], [218, 219], [218, 223], [230, 231], [230, 233], [248, -247], [248, 249], [249, -247], [249, 250], [252, 253], [252, 263], [254, 255], [254, 263], [263, -235], [263, 264]]}, "": {"executed_lines": [5, 6, 8, 10, 13, 14, 18, 19, 20, 22, 25, 26, 84, 103, 109, 110, 117, 129, 136, 146, 166, 196, 197, 235], "summary": {"covered_lines": 24, "num_statements": 27, "percent_covered": 86.20689655172414, "percent_covered_display": "86", "missing_lines": 3, "excluded_lines": 0, "percent_statements_covered": 88.88888888888889, "percent_statements_covered_display": "89", "num_branches": 2, "num_partial_branches": 1, "covered_branches": 1, "missing_branches": 1, "percent_branches_covered": 50.0, "percent_branches_covered_display": "50"}, "missing_lines": [11, 15, 16], "excluded_lines": [], "start_line": 1, "executed_branches": [[10, 13]], "missing_branches": [[10, 11]]}}}, "bandit/core/constants.py": {"executed_lines": [6, 8, 9, 10, 13, 14, 16, 24, 27, 30], "summary": {"covered_lines": 10, "num_statements": 10, "percent_covered": 100.0, "percent_covered_display": "100", "missing_lines": 0, "excluded_lines": 0, "percent_statements_covered": 100.0, "percent_statements_covered_display": "100", "num_branches": 2, "num_partial_branches": 0, "covered_branches": 2, "missing_branches": 0, "percent_branches_covered": 100.0, "percent_branches_covered_display": "100"}, "missing_lines": [], "excluded_lines": [], "executed_branches": [[13, 14], [13, 16]], "missing_branches": [], "functions": {"": {"executed_lines": [6, 8, 9, 10, 13, 14, 16, 24, 27, 30], "summary": {"covered_lines": 10, "num_statements": 10, "percent_covered": 100.0, "percent_covered_display": "100", "missing_lines": 0, "excluded_lines": 0, "percent_statements_covered": 100.0, "percent_statements_covered_display": "100", "num_branches": 2, "num_partial_branches": 0, "covered_branches": 2, "missing_branches": 0, "percent_branches_covered": 100.0, "percent_branches_covered_display": "100"}, "missing_lines": [], "excluded_lines": [], "start_line": 1, "executed_branches": [[13, 14], [13, 16]], "missing_branches": []}}, "classes": {"": {"executed_lines": [6, 8, 9, 10, 13, 14, 16, 24, 27, 30], "summary": {"covered_lines": 10, "num_statements": 10, "percent_covered": 100.0, "percent_covered_display": "100", "missing_lines": 0, "excluded_lines": 0, "percent_statements_covered": 100.0, "percent_statements_covered_display": "100", "num_branches": 2, "num_partial_branches": 0, "covered_branches": 2, "missing_branches": 0, "percent_branches_covered": 100.0, "percent_branches_covered_display": "100"}, "missing_lines": [], "excluded_lines": [], "start_line": 1, "executed_branches": [[13, 14], [13, 16]], "missing_branches": []}}}, "bandit/core/context.py": {"executed_lines": [5, 7, 10, 11, 22, 39, 40, 54, 55, 65, 66, 73, 74, 81, 82, 100, 101, 108, 109, 116, 117, 124, 125, 147, 148, 155, 156, 175, 218, 227, 250, 263, 276, 284, 292, 306, 307, 310, 311, 314, 315], "summary": {"covered_lines": 41, "num_statements": 139, "percent_covered": 19.617224880382775, "percent_covered_display": "20", "missing_lines": 98, "excluded_lines": 0, "percent_statements_covered": 29.496402877697843, "percent_statements_covered_display": "29", "num_branches": 70, "num_partial_branches": 0, "covered_branches": 0, "missing_branches": 70, "percent_branches_covered": 0.0, "percent_branches_covered_display": "0"}, "missing_lines": [17, 18, 20, 37, 45, 46, 47, 48, 49, 51, 52, 60, 61, 63, 71, 79, 87, 90, 91, 92, 93, 95, 96, 98, 106, 114, 122, 136, 137, 139, 141, 142, 143, 145, 153, 161, 162, 167, 168, 173, 181, 182, 183, 184, 185, 187, 189, 190, 191, 192, 193, 195, 196, 197, 198, 199, 201, 202, 203, 204, 205, 207, 208, 210, 211, 214, 216, 223, 224, 225, 236, 237, 238, 240, 241, 242, 243, 244, 248, 258, 259, 260, 261, 269, 270, 271, 272, 274, 282, 290, 300, 301, 302, 303, 304, 308, 312, 316], "excluded_lines": [], "executed_branches": [], "missing_branches": [[17, 18], [17, 20], [46, 47], [46, 52], [47, 48], [47, 52], [48, 49], [48, 51], [60, 61], [60, 63], [87, 90], [87, 98], [91, 92], [91, 96], [92, 93], [92, 95], [137, 139], [137, 141], [142, 143], [142, 145], [162, 167], [162, 173], [167, 168], [167, 173], [181, 182], [181, 189], [182, 183], [182, 184], [184, 185], [184, 187], [189, 190], [189, 195], [191, 192], [191, 193], [195, 196], [195, 201], [197, 198], [197, 199], [201, 202], [201, 207], [203, 204], [203, 205], [207, 208], [207, 210], [210, 211], [210, 214], [224, -218], [224, 225], [237, 238], [237, 248], [238, 240], [238, 241], [241, 242], [241, 244], [242, 241], [242, 243], [258, -250], [258, 259], [259, -250], [259, 260], [260, 259], [260, 261], [270, 271], [270, 274], [300, 301], [300, 304], [301, 302], [301, 304], [302, 301], [302, 303]], "functions": {"Context.__init__": {"executed_lines": [], "summary": {"covered_lines": 0, "num_statements": 3, "percent_covered": 0.0, "percent_covered_display": "0", "missing_lines": 3, "excluded_lines": 0, "percent_statements_covered": 0.0, "percent_statements_covered_display": "0", "num_branches": 2, "num_partial_branches": 0, "covered_branches": 0, "missing_branches": 2, "percent_branches_covered": 0.0, "percent_branches_covered_display": "0"}, "missing_lines": [17, 18, 20], "excluded_lines": [], "start_line": 11, "executed_branches": [], "missing_branches": [[17, 18], [17, 20]]}, "Context.__repr__": {"executed_lines": [], "summary": {"covered_lines": 0, "num_statements": 1, "percent_covered": 0.0, "percent_covered_display": "0", "missing_lines": 1, "excluded_lines": 0, "percent_statements_covered": 0.0, "percent_statements_covered_display": "0", "num_branches": 0, "num_partial_branches": 0, "covered_branches": 0, "missing_branches": 0, "percent_branches_covered": 100.0, "percent_branches_covered_display": "100"}, "missing_lines": [37], "excluded_lines": [], "start_line": 22, "executed_branches": [], "missing_branches": []}, "Context.call_args": {"executed_lines": [], "summary": {"covered_lines": 0, "num_statements": 7, "percent_covered": 0.0, "percent_covered_display": "0", "missing_lines": 7, "excluded_lines": 0, "percent_statements_covered": 0.0, "percent_statements_covered_display": "0", "num_branches": 6, "num_partial_branches": 0, "covered_branches": 0, "missing_branches": 6, "percent_branches_covered": 0.0, "percent_branches_covered_display": "0"}, "missing_lines": [45, 46, 47, 48, 49, 51, 52], "excluded_lines": [], "start_line": 40, "executed_branches": [], "missing_branches": [[46, 47], [46, 52], [47, 48], [47, 52], [48, 49], [48, 51]]}, "Context.call_args_count": {"executed_lines": [], "summary": {"covered_lines": 0, "num_statements": 3, "percent_covered": 0.0, "percent_covered_display": "0", "missing_lines": 3, "excluded_lines": 0, "percent_statements_covered": 0.0, "percent_statements_covered_display": "0", "num_branches": 2, "num_partial_branches": 0, "covered_branches": 0, "missing_branches": 2, "percent_branches_covered": 0.0, "percent_branches_covered_display": "0"}, "missing_lines": [60, 61, 63], "excluded_lines": [], "start_line": 55, "executed_branches": [], "missing_branches": [[60, 61], [60, 63]]}, "Context.call_function_name": {"executed_lines": [], "summary": {"covered_lines": 0, "num_statements": 1, "percent_covered": 0.0, "percent_covered_display": "0", "missing_lines": 1, "excluded_lines": 0, "percent_statements_covered": 0.0, "percent_statements_covered_display": "0", "num_branches": 0, "num_partial_branches": 0, "covered_branches": 0, "missing_branches": 0, "percent_branches_covered": 100.0, "percent_branches_covered_display": "100"}, "missing_lines": [71], "excluded_lines": [], "start_line": 66, "executed_branches": [], "missing_branches": []}, "Context.call_function_name_qual": {"executed_lines": [], "summary": {"covered_lines": 0, "num_statements": 1, "percent_covered": 0.0, "percent_covered_display": "0", "missing_lines": 1, "excluded_lines": 0, "percent_statements_covered": 0.0, "percent_statements_covered_display": "0", "num_branches": 0, "num_partial_branches": 0, "covered_branches": 0, "missing_branches": 0, "percent_branches_covered": 100.0, "percent_branches_covered_display": "100"}, "missing_lines": [79], "excluded_lines": [], "start_line": 74, "executed_branches": [], "missing_branches": []}, "Context.call_keywords": {"executed_lines": [], "summary": {"covered_lines": 0, "num_statements": 8, "percent_covered": 0.0, "percent_covered_display": "0", "missing_lines": 8, "excluded_lines": 0, "percent_statements_covered": 0.0, "percent_statements_covered_display": "0", "num_branches": 6, "num_partial_branches": 0, "covered_branches": 0, "missing_branches": 6, "percent_branches_covered": 0.0, "percent_branches_covered_display": "0"}, "missing_lines": [87, 90, 91, 92, 93, 95, 96, 98], "excluded_lines": [], "start_line": 82, "executed_branches": [], "missing_branches": [[87, 90], [87, 98], [91, 92], [91, 96], [92, 93], [92, 95]]}, "Context.node": {"executed_lines": [], "summary": {"covered_lines": 0, "num_statements": 1, "percent_covered": 0.0, "percent_covered_display": "0", "missing_lines": 1, "excluded_lines": 0, "percent_statements_covered": 0.0, "percent_statements_covered_display": "0", "num_branches": 0, "num_partial_branches": 0, "covered_branches": 0, "missing_branches": 0, "percent_branches_covered": 100.0, "percent_branches_covered_display": "100"}, "missing_lines": [106], "excluded_lines": [], "start_line": 101, "executed_branches": [], "missing_branches": []}, "Context.string_val": {"executed_lines": [], "summary": {"covered_lines": 0, "num_statements": 1, "percent_covered": 0.0, "percent_covered_display": "0", "missing_lines": 1, "excluded_lines": 0, "percent_statements_covered": 0.0, "percent_statements_covered_display": "0", "num_branches": 0, "num_partial_branches": 0, "covered_branches": 0, "missing_branches": 0, "percent_branches_covered": 100.0, "percent_branches_covered_display": "100"}, "missing_lines": [114], "excluded_lines": [], "start_line": 109, "executed_branches": [], "missing_branches": []}, "Context.bytes_val": {"executed_lines": [], "summary": {"covered_lines": 0, "num_statements": 1, "percent_covered": 0.0, "percent_covered_display": "0", "missing_lines": 1, "excluded_lines": 0, "percent_statements_covered": 0.0, "percent_statements_covered_display": "0", "num_branches": 0, "num_partial_branches": 0, "covered_branches": 0, "missing_branches": 0, "percent_branches_covered": 100.0, "percent_branches_covered_display": "100"}, "missing_lines": [122], "excluded_lines": [], "start_line": 117, "executed_branches": [], "missing_branches": []}, "Context.string_val_as_escaped_bytes": {"executed_lines": [], "summary": {"covered_lines": 0, "num_statements": 7, "percent_covered": 0.0, "percent_covered_display": "0", "missing_lines": 7, "excluded_lines": 0, "percent_statements_covered": 0.0, "percent_statements_covered_display": "0", "num_branches": 4, "num_partial_branches": 0, "covered_branches": 0, "missing_branches": 4, "percent_branches_covered": 0.0, "percent_branches_covered_display": "0"}, "missing_lines": [136, 137, 139, 141, 142, 143, 145], "excluded_lines": [], "start_line": 125, "executed_branches": [], "missing_branches": [[137, 139], [137, 141], [142, 143], [142, 145]]}, "Context.statement": {"executed_lines": [], "summary": {"covered_lines": 0, "num_statements": 1, "percent_covered": 0.0, "percent_covered_display": "0", "missing_lines": 1, "excluded_lines": 0, "percent_statements_covered": 0.0, "percent_statements_covered_display": "0", "num_branches": 0, "num_partial_branches": 0, "covered_branches": 0, "missing_branches": 0, "percent_branches_covered": 100.0, "percent_branches_covered_display": "100"}, "missing_lines": [153], "excluded_lines": [], "start_line": 148, "executed_branches": [], "missing_branches": []}, "Context.function_def_defaults_qual": {"executed_lines": [], "summary": {"covered_lines": 0, "num_statements": 5, "percent_covered": 0.0, "percent_covered_display": "0", "missing_lines": 5, "excluded_lines": 0, "percent_statements_covered": 0.0, "percent_statements_covered_display": "0", "num_branches": 4, "num_partial_branches": 0, "covered_branches": 0, "missing_branches": 4, "percent_branches_covered": 0.0, "percent_branches_covered_display": "0"}, "missing_lines": [161, 162, 167, 168, 173], "excluded_lines": [], "start_line": 156, "executed_branches": [], "missing_branches": [[162, 167], [162, 173], [167, 168], [167, 173]]}, "Context._get_literal_value": {"executed_lines": [], "summary": {"covered_lines": 0, "num_statements": 27, "percent_covered": 0.0, "percent_covered_display": "0", "missing_lines": 27, "excluded_lines": 0, "percent_statements_covered": 0.0, "percent_statements_covered_display": "0", "num_branches": 22, "num_partial_branches": 0, "covered_branches": 0, "missing_branches": 22, "percent_branches_covered": 0.0, "percent_branches_covered_display": "0"}, "missing_lines": [181, 182, 183, 184, 185, 187, 189, 190, 191, 192, 193, 195, 196, 197, 198, 199, 201, 202, 203, 204, 205, 207, 208, 210, 211, 214, 216], "excluded_lines": [], "start_line": 175, "executed_branches": [], "missing_branches": [[181, 182], [181, 189], [182, 183], [182, 184], [184, 185], [184, 187], [189, 190], [189, 195], [191, 192], [191, 193], [195, 196], [195, 201], [197, 198], [197, 199], [201, 202], [201, 207], [203, 204], [203, 205], [207, 208], [207, 210], [210, 211], [210, 214]]}, "Context.get_call_arg_value": {"executed_lines": [], "summary": {"covered_lines": 0, "num_statements": 3, "percent_covered": 0.0, "percent_covered_display": "0", "missing_lines": 3, "excluded_lines": 0, "percent_statements_covered": 0.0, "percent_statements_covered_display": "0", "num_branches": 2, "num_partial_branches": 0, "covered_branches": 0, "missing_branches": 2, "percent_branches_covered": 0.0, "percent_branches_covered_display": "0"}, "missing_lines": [223, 224, 225], "excluded_lines": [], "start_line": 218, "executed_branches": [], "missing_branches": [[224, -218], [224, 225]]}, "Context.check_call_arg_value": {"executed_lines": [], "summary": {"covered_lines": 0, "num_statements": 9, "percent_covered": 0.0, "percent_covered_display": "0", "missing_lines": 9, "excluded_lines": 0, "percent_statements_covered": 0.0, "percent_statements_covered_display": "0", "num_branches": 8, "num_partial_branches": 0, "covered_branches": 0, "missing_branches": 8, "percent_branches_covered": 0.0, "percent_branches_covered_display": "0"}, "missing_lines": [236, 237, 238, 240, 241, 242, 243, 244, 248], "excluded_lines": [], "start_line": 227, "executed_branches": [], "missing_branches": [[237, 238], [237, 248], [238, 240], [238, 241], [241, 242], [241, 244], [242, 241], [242, 243]]}, "Context.get_lineno_for_call_arg": {"executed_lines": [], "summary": {"covered_lines": 0, "num_statements": 4, "percent_covered": 0.0, "percent_covered_display": "0", "missing_lines": 4, "excluded_lines": 0, "percent_statements_covered": 0.0, "percent_statements_covered_display": "0", "num_branches": 6, "num_partial_branches": 0, "covered_branches": 0, "missing_branches": 6, "percent_branches_covered": 0.0, "percent_branches_covered_display": "0"}, "missing_lines": [258, 259, 260, 261], "excluded_lines": [], "start_line": 250, "executed_branches": [], "missing_branches": [[258, -250], [258, 259], [259, -250], [259, 260], [260, 259], [260, 261]]}, "Context.get_call_arg_at_position": {"executed_lines": [], "summary": {"covered_lines": 0, "num_statements": 5, "percent_covered": 0.0, "percent_covered_display": "0", "missing_lines": 5, "excluded_lines": 0, "percent_statements_covered": 0.0, "percent_statements_covered_display": "0", "num_branches": 2, "num_partial_branches": 0, "covered_branches": 0, "missing_branches": 2, "percent_branches_covered": 0.0, "percent_branches_covered_display": "0"}, "missing_lines": [269, 270, 271, 272, 274], "excluded_lines": [], "start_line": 263, "executed_branches": [], "missing_branches": [[270, 271], [270, 274]]}, "Context.is_module_being_imported": {"executed_lines": [], "summary": {"covered_lines": 0, "num_statements": 1, "percent_covered": 0.0, "percent_covered_display": "0", "missing_lines": 1, "excluded_lines": 0, "percent_statements_covered": 0.0, "percent_statements_covered_display": "0", "num_branches": 0, "num_partial_branches": 0, "covered_branches": 0, "missing_branches": 0, "percent_branches_covered": 100.0, "percent_branches_covered_display": "100"}, "missing_lines": [282], "excluded_lines": [], "start_line": 276, "executed_branches": [], "missing_branches": []}, "Context.is_module_imported_exact": {"executed_lines": [], "summary": {"covered_lines": 0, "num_statements": 1, "percent_covered": 0.0, "percent_covered_display": "0", "missing_lines": 1, "excluded_lines": 0, "percent_statements_covered": 0.0, "percent_statements_covered_display": "0", "num_branches": 0, "num_partial_branches": 0, "covered_branches": 0, "missing_branches": 0, "percent_branches_covered": 100.0, "percent_branches_covered_display": "100"}, "missing_lines": [290], "excluded_lines": [], "start_line": 284, "executed_branches": [], "missing_branches": []}, "Context.is_module_imported_like": {"executed_lines": [], "summary": {"covered_lines": 0, "num_statements": 5, "percent_covered": 0.0, "percent_covered_display": "0", "missing_lines": 5, "excluded_lines": 0, "percent_statements_covered": 0.0, "percent_statements_covered_display": "0", "num_branches": 6, "num_partial_branches": 0, "covered_branches": 0, "missing_branches": 6, "percent_branches_covered": 0.0, "percent_branches_covered_display": "0"}, "missing_lines": [300, 301, 302, 303, 304], "excluded_lines": [], "start_line": 292, "executed_branches": [], "missing_branches": [[300, 301], [300, 304], [301, 302], [301, 304], [302, 301], [302, 303]]}, "Context.filename": {"executed_lines": [], "summary": {"covered_lines": 0, "num_statements": 1, "percent_covered": 0.0, "percent_covered_display": "0", "missing_lines": 1, "excluded_lines": 0, "percent_statements_covered": 0.0, "percent_statements_covered_display": "0", "num_branches": 0, "num_partial_branches": 0, "covered_branches": 0, "missing_branches": 0, "percent_branches_covered": 100.0, "percent_branches_covered_display": "100"}, "missing_lines": [308], "excluded_lines": [], "start_line": 307, "executed_branches": [], "missing_branches": []}, "Context.file_data": {"executed_lines": [], "summary": {"covered_lines": 0, "num_statements": 1, "percent_covered": 0.0, "percent_covered_display": "0", "missing_lines": 1, "excluded_lines": 0, "percent_statements_covered": 0.0, "percent_statements_covered_display": "0", "num_branches": 0, "num_partial_branches": 0, "covered_branches": 0, "missing_branches": 0, "percent_branches_covered": 100.0, "percent_branches_covered_display": "100"}, "missing_lines": [312], "excluded_lines": [], "start_line": 311, "executed_branches": [], "missing_branches": []}, "Context.import_aliases": {"executed_lines": [], "summary": {"covered_lines": 0, "num_statements": 1, "percent_covered": 0.0, "percent_covered_display": "0", "missing_lines": 1, "excluded_lines": 0, "percent_statements_covered": 0.0, "percent_statements_covered_display": "0", "num_branches": 0, "num_partial_branches": 0, "covered_branches": 0, "missing_branches": 0, "percent_branches_covered": 100.0, "percent_branches_covered_display": "100"}, "missing_lines": [316], "excluded_lines": [], "start_line": 315, "executed_branches": [], "missing_branches": []}, "": {"executed_lines": [5, 7, 10, 11, 22, 39, 40, 54, 55, 65, 66, 73, 74, 81, 82, 100, 101, 108, 109, 116, 117, 124, 125, 147, 148, 155, 156, 175, 218, 227, 250, 263, 276, 284, 292, 306, 307, 310, 311, 314, 315], "summary": {"covered_lines": 41, "num_statements": 41, "percent_covered": 100.0, "percent_covered_display": "100", "missing_lines": 0, "excluded_lines": 0, "percent_statements_covered": 100.0, "percent_statements_covered_display": "100", "num_branches": 0, "num_partial_branches": 0, "covered_branches": 0, "missing_branches": 0, "percent_branches_covered": 100.0, "percent_branches_covered_display": "100"}, "missing_lines": [], "excluded_lines": [], "start_line": 1, "executed_branches": [], "missing_branches": []}}, "classes": {"Context": {"executed_lines": [], "summary": {"covered_lines": 0, "num_statements": 98, "percent_covered": 0.0, "percent_covered_display": "0", "missing_lines": 98, "excluded_lines": 0, "percent_statements_covered": 0.0, "percent_statements_covered_display": "0", "num_branches": 70, "num_partial_branches": 0, "covered_branches": 0, "missing_branches": 70, "percent_branches_covered": 0.0, "percent_branches_covered_display": "0"}, "missing_lines": [17, 18, 20, 37, 45, 46, 47, 48, 49, 51, 52, 60, 61, 63, 71, 79, 87, 90, 91, 92, 93, 95, 96, 98, 106, 114, 122, 136, 137, 139, 141, 142, 143, 145, 153, 161, 162, 167, 168, 173, 181, 182, 183, 184, 185, 187, 189, 190, 191, 192, 193, 195, 196, 197, 198, 199, 201, 202, 203, 204, 205, 207, 208, 210, 211, 214, 216, 223, 224, 225, 236, 237, 238, 240, 241, 242, 243, 244, 248, 258, 259, 260, 261, 269, 270, 271, 272, 274, 282, 290, 300, 301, 302, 303, 304, 308, 312, 316], "excluded_lines": [], "start_line": 10, "executed_branches": [], "missing_branches": [[17, 18], [17, 20], [46, 47], [46, 52], [47, 48], [47, 52], [48, 49], [48, 51], [60, 61], [60, 63], [87, 90], [87, 98], [91, 92], [91, 96], [92, 93], [92, 95], [137, 139], [137, 141], [142, 143], [142, 145], [162, 167], [162, 173], [167, 168], [167, 173], [181, 182], [181, 189], [182, 183], [182, 184], [184, 185], [184, 187], [189, 190], [189, 195], [191, 192], [191, 193], [195, 196], [195, 201], [197, 198], [197, 199], [201, 202], [201, 207], [203, 204], [203, 205], [207, 208], [207, 210], [210, 211], [210, 214], [224, -218], [224, 225], [237, 238], [237, 248], [238, 240], [238, 241], [241, 242], [241, 244], [242, 241], [242, 243], [258, -250], [258, 259], [259, -250], [259, 260], [260, 259], [260, 261], [270, 271], [270, 274], [300, 301], [300, 304], [301, 302], [301, 304], [302, 301], [302, 303]]}, "": {"executed_lines": [5, 7, 10, 11, 22, 39, 40, 54, 55, 65, 66, 73, 74, 81, 82, 100, 101, 108, 109, 116, 117, 124, 125, 147, 148, 155, 156, 175, 218, 227, 250, 263, 276, 284, 292, 306, 307, 310, 311, 314, 315], "summary": {"covered_lines": 41, "num_statements": 41, "percent_covered": 100.0, "percent_covered_display": "100", "missing_lines": 0, "excluded_lines": 0, "percent_statements_covered": 100.0, "percent_statements_covered_display": "100", "num_branches": 0, "num_partial_branches": 0, "covered_branches": 0, "missing_branches": 0, "percent_branches_covered": 100.0, "percent_branches_covered_display": "100"}, "missing_lines": [], "excluded_lines": [], "start_line": 1, "executed_branches": [], "missing_branches": []}}}, "bandit/core/docs_utils.py": {"executed_lines": [5, 8], "summary": {"covered_lines": 2, "num_statements": 23, "percent_covered": 6.060606060606060
[...]
, "percent_branches_covered": 0.0, "percent_branches_covered_display": "0"}, "missing_lines": [98, 99, 100, 101], "excluded_lines": [], "start_line": 97, "executed_branches": [], "missing_branches": [[98, -97], [98, 99], [99, 98], [99, 100]]}, "tarfile_unsafe_members": {"executed_lines": [], "summary": {"covered_lines": 0, "num_statements": 9, "percent_covered": 0.0, "percent_covered_display": "0", "missing_lines": 9, "excluded_lines": 0, "percent_statements_covered": 0.0, "percent_statements_covered_display": "0", "num_branches": 8, "num_partial_branches": 0, "covered_branches": 0, "missing_branches": 8, "percent_branches_covered": 0.0, "percent_branches_covered_display": "0"}, "missing_lines": [107, 113, 114, 115, 116, 117, 118, 120, 121], "excluded_lines": [], "start_line": 106, "executed_branches": [], "missing_branches": [[107, -104], [107, 113], [113, 114], [113, 115], [115, 116], [115, 121], [117, 118], [117, 120]]}, "": {"executed_lines": [49, 51, 52, 53, 56, 86, 97, 104, 105, 106], "summary": {"covered_lines": 10, "num_statements": 10, "percent_covered": 100.0, "percent_covered_display": "100", "missing_lines": 0, "excluded_lines": 0, "percent_statements_covered": 100.0, "percent_statements_covered_display": "100", "num_branches": 0, "num_partial_branches": 0, "covered_branches": 0, "missing_branches": 0, "percent_branches_covered": 100.0, "percent_branches_covered_display": "100"}, "missing_lines": [], "excluded_lines": [], "start_line": 1, "executed_branches": [], "missing_branches": []}}, "classes": {"": {"executed_lines": [49, 51, 52, 53, 56, 86, 97, 104, 105, 106], "summary": {"covered_lines": 10, "num_statements": 35, "percent_covered": 17.54385964912281, "percent_covered_display": "18", "missing_lines": 25, "excluded_lines": 0, "percent_statements_covered": 28.571428571428573, "percent_statements_covered_display": "29", "num_branches": 22, "num_partial_branches": 0, "covered_branches": 0, "missing_branches": 22, "percent_branches_covered": 0.0, "percent_branches_covered_display": "0"}, "missing_lines": [57, 58, 66, 67, 77, 87, 88, 89, 90, 91, 93, 94, 98, 99, 100, 101, 107, 113, 114, 115, 116, 117, 118, 120, 121], "excluded_lines": [], "start_line": 1, "executed_branches": [], "missing_branches": [[57, 58], [57, 66], [66, 67], [66, 77], [87, -86], [87, 88], [88, 87], [88, 89], [90, 91], [90, 93], [98, -97], [98, 99], [99, 98], [99, 100], [107, -104], [107, 113], [113, 114], [113, 115], [115, 116], [115, 121], [117, 118], [117, 120]]}}}, "bandit/plugins/trojansource.py": {"executed_lines": [33, 35, 36, 37, 40, 54, 55, 56], "summary": {"covered_lines": 8, "num_statements": 22, "percent_covered": 30.76923076923077, "percent_covered_display": "31", "missing_lines": 14, "excluded_lines": 0, "percent_statements_covered": 36.36363636363637, "percent_statements_covered_display": "36", "num_branches": 4, "num_partial_branches": 0, "covered_branches": 0, "missing_branches": 4, "percent_branches_covered": 0.0, "percent_branches_covered_display": "0"}, "missing_lines": [57, 58, 59, 60, 61, 64, 65, 66, 67, 68, 69, 73, 81, 82], "excluded_lines": [], "executed_branches": [], "missing_branches": [[61, -54], [61, 64], [64, 61], [64, 65]], "functions": {"trojansource": {"executed_lines": [], "summary": {"covered_lines": 0, "num_statements": 14, "percent_covered": 0.0, "percent_covered_display": "0", "missing_lines": 14, "excluded_lines": 0, "percent_statements_covered": 0.0, "percent_statements_covered_display": "0", "num_branches": 4, "num_partial_branches": 0, "covered_branches": 0, "missing_branches": 4, "percent_branches_covered": 0.0, "percent_branches_covered_display": "0"}, "missing_lines": [57, 58, 59, 60, 61, 64, 65, 66, 67, 68, 69, 73, 81, 82], "excluded_lines": [], "start_line": 56, "executed_branches": [], "missing_branches": [[61, -54], [61, 64], [64, 61], [64, 65]]}, "": {"executed_lines": [33, 35, 36, 37, 40, 54, 55, 56], "summary": {"covered_lines": 8, "num_statements": 8, "percent_covered": 100.0, "percent_covered_display": "100", "missing_lines": 0, "excluded_lines": 0, "percent_statements_covered": 100.0, "percent_statements_covered_display": "100", "num_branches": 0, "num_partial_branches": 0, "covered_branches": 0, "missing_branches": 0, "percent_branches_covered": 100.0, "percent_branches_covered_display": "100"}, "missing_lines": [], "excluded_lines": [], "start_line": 1, "executed_branches": [], "missing_branches": []}}, "classes": {"": {"executed_lines": [33, 35, 36, 37, 40, 54, 55, 56], "summary": {"covered_lines": 8, "num_statements": 22, "percent_covered": 30.76923076923077, "percent_covered_display": "31", "missing_lines": 14, "excluded_lines": 0, "percent_statements_covered": 36.36363636363637, "percent_statements_covered_display": "36", "num_branches": 4, "num_partial_branches": 0, "covered_branches": 0, "missing_branches": 4, "percent_branches_covered": 0.0, "percent_branches_covered_display": "0"}, "missing_lines": [57, 58, 59, 60, 61, 64, 65, 66, 67, 68, 69, 73, 81, 82], "excluded_lines": [], "start_line": 1, "executed_branches": [], "missing_branches": [[61, -54], [61, 64], [64, 61], [64, 65]]}}}, "bandit/plugins/try_except_continue.py": {"executed_lines": [77, 79, 80, 81, 84, 89, 90, 91, 92], "summary": {"covered_lines": 9, "num_statements": 17, "percent_covered": 36.0, "percent_covered_display": "36", "missing_lines": 8, "excluded_lines": 0, "percent_statements_covered": 52.94117647058823, "percent_statements_covered_display": "53", "num_branches": 8, "num_partial_branches": 0, "covered_branches": 0, "missing_branches": 8, "percent_branches_covered": 0.0, "percent_branches_covered_display": "0"}, "missing_lines": [85, 86, 93, 94, 95, 100, 102, 103], "excluded_lines": [], "executed_branches": [], "missing_branches": [[85, -84], [85, 86], [94, -89], [94, 95], [95, 100], [95, 102], [102, -89], [102, 103]], "functions": {"gen_config": {"executed_lines": [], "summary": {"covered_lines": 0, "num_statements": 2, "percent_covered": 0.0, "percent_covered_display": "0", "missing_lines": 2, "excluded_lines": 0, "percent_statements_covered": 0.0, "percent_statements_covered_display": "0", "num_branches": 2, "num_partial_branches": 0, "covered_branches": 0, "missing_branches": 2, "percent_branches_covered": 0.0, "percent_branches_covered_display": "0"}, "missing_lines": [85, 86], "excluded_lines": [], "start_line": 84, "executed_branches": [], "missing_branches": [[85, -84], [85, 86]]}, "try_except_continue": {"executed_lines": [], "summary": {"covered_lines": 0, "num_statements": 6, "percent_covered": 0.0, "percent_covered_display": "0", "missing_lines": 6, "excluded_lines": 0, "percent_statements_covered": 0.0, "percent_statements_covered_display": "0", "num_branches": 6, "num_partial_branches": 0, "covered_branches": 0, "missing_branches": 6, "percent_branches_covered": 0.0, "percent_branches_covered_display": "0"}, "missing_lines": [93, 94, 95, 100, 102, 103], "excluded_lines": [], "start_line": 92, "executed_branches": [], "missing_branches": [[94, -89], [94, 95], [95, 100], [95, 102], [102, -89], [102, 103]]}, "": {"executed_lines": [77, 79, 80, 81, 84, 89, 90, 91, 92], "summary": {"covered_lines": 9, "num_statements": 9, "percent_covered": 100.0, "percent_covered_display": "100", "missing_lines": 0, "excluded_lines": 0, "percent_statements_covered": 100.0, "percent_statements_covered_display": "100", "num_branches": 0, "num_partial_branches": 0, "covered_branches": 0, "missing_branches": 0, "percent_branches_covered": 100.0, "percent_branches_covered_display": "100"}, "missing_lines": [], "excluded_lines": [], "start_line": 1, "executed_branches": [], "missing_branches": []}}, "classes": {"": {"executed_lines": [77, 79, 80, 81, 84, 89, 90, 91, 92], "summary": {"covered_lines": 9, "num_statements": 17, "percent_covered": 36.0, "percent_covered_display": "36", "missing_lines": 8, "excluded_lines": 0, "percent_statements_covered": 52.94117647058823, "percent_statements_covered_display": "53", "num_branches": 8, "num_partial_branches": 0, "covered_branches": 0, "missing_branches": 8, "percent_branches_covered": 0.0, "percent_branches_covered_display": "0"}, "missing_lines": [85, 86, 93, 94, 95, 100, 102, 103], "excluded_lines": [], "start_line": 1, "executed_branches": [], "missing_branches": [[85, -84], [85, 86], [94, -89], [94, 95], [95, 100], [95, 102], [102, -89], [102, 103]]}}}, "bandit/plugins/try_except_pass.py": {"executed_lines": [75, 77, 78, 79, 82, 87, 88, 89, 90], "summary": {"covered_lines": 9, "num_statements": 17, "percent_covered": 36.0, "percent_covered_display": "36", "missing_lines": 8, "excluded_lines": 0, "percent_statements_covered": 52.94117647058823, "percent_statements_covered_display": "53", "num_branches": 8, "num_partial_branches": 0, "covered_branches": 0, "missing_branches": 8, "percent_branches_covered": 0.0, "percent_branches_covered_display": "0"}, "missing_lines": [83, 84, 91, 92, 93, 98, 100, 101], "excluded_lines": [], "executed_branches": [], "missing_branches": [[83, -82], [83, 84], [92, -87], [92, 93], [93, 98], [93, 100], [100, -87], [100, 101]], "functions": {"gen_config": {"executed_lines": [], "summary": {"covered_lines": 0, "num_statements": 2, "percent_covered": 0.0, "percent_covered_display": "0", "missing_lines": 2, "excluded_lines": 0, "percent_statements_covered": 0.0, "percent_statements_covered_display": "0", "num_branches": 2, "num_partial_branches": 0, "covered_branches": 0, "missing_branches": 2, "percent_branches_covered": 0.0, "percent_branches_covered_display": "0"}, "missing_lines": [83, 84], "excluded_lines": [], "start_line": 82, "executed_branches": [], "missing_branches": [[83, -82], [83, 84]]}, "try_except_pass": {"executed_lines": [], "summary": {"covered_lines": 0, "num_statements": 6, "percent_covered": 0.0, "percent_covered_display": "0", "missing_lines": 6, "excluded_lines": 0, "percent_statements_covered": 0.0, "percent_statements_covered_display": "0", "num_branches": 6, "num_partial_branches": 0, "covered_branches": 0, "missing_branches": 6, "percent_branches_covered": 0.0, "percent_branches_covered_display": "0"}, "missing_lines": [91, 92, 93, 98, 100, 101], "excluded_lines": [], "start_line": 90, "executed_branches": [], "missing_branches": [[92, -87], [92, 93], [93, 98], [93, 100], [100, -87], [100, 101]]}, "": {"executed_lines": [75, 77, 78, 79, 82, 87, 88, 89, 90], "summary": {"covered_lines": 9, "num_statements": 9, "percent_covered": 100.0, "percent_covered_display": "100", "missing_lines": 0, "excluded_lines": 0, "percent_statements_covered": 100.0, "percent_statements_covered_display": "100", "num_branches": 0, "num_partial_branches": 0, "covered_branches": 0, "missing_branches": 0, "percent_branches_covered": 100.0, "percent_branches_covered_display": "100"}, "missing_lines": [], "excluded_lines": [], "start_line": 1, "executed_branches": [], "missing_branches": []}}, "classes": {"": {"executed_lines": [75, 77, 78, 79, 82, 87, 88, 89, 90], "summary": {"covered_lines": 9, "num_statements": 17, "percent_covered": 36.0, "percent_covered_display": "36", "missing_lines": 8, "excluded_lines": 0, "percent_statements_covered": 52.94117647058823, "percent_statements_covered_display": "53", "num_branches": 8, "num_partial_branches": 0, "covered_branches": 0, "missing_branches": 8, "percent_branches_covered": 0.0, "percent_branches_covered_display": "0"}, "missing_lines": [83, 84, 91, 92, 93, 98, 100, 101], "excluded_lines": [], "start_line": 1, "executed_branches": [], "missing_branches": [[83, -82], [83, 84], [92, -87], [92, 93], [93, 98], [93, 100], [100, -87], [100, 101]]}}}, "bandit/plugins/weak_cryptographic_key.py": {"executed_lines": [42, 43, 44, 47, 59, 90, 142, 159, 160, 161, 162], "summary": {"covered_lines": 11, "num_statements": 36, "percent_covered": 22.0, "percent_covered_display": "22", "missing_lines": 25, "excluded_lines": 0, "percent_statements_covered": 30.555555555555557, "percent_statements_covered_display": "31", "num_branches": 14, "num_partial_branches": 0, "covered_branches": 0, "missing_branches": 14, "percent_branches_covered": 0.0, "percent_branches_covered_display": "0"}, "missing_lines": [48, 49, 60, 62, 64, 79, 80, 81, 91, 99, 104, 105, 106, 111, 112, 113, 134, 138, 139, 143, 149, 150, 151, 156, 163], "excluded_lines": [], "executed_branches": [], "missing_branches": [[48, -47], [48, 49], [60, 62], [60, 64], [79, -59], [79, 80], [80, 79], [80, 81], [105, 106], [105, 112], [112, -90], [112, 113], [150, -142], [150, 151]], "functions": {"gen_config": {"executed_lines": [], "summary": {"covered_lines": 0, "num_statements": 2, "percent_covered": 0.0, "percent_covered_display": "0", "missing_lines": 2, "excluded_lines": 0, "percent_statements_covered": 0.0, "percent_statements_covered_display": "0", "num_branches": 2, "num_partial_branches": 0, "covered_branches": 0, "missing_branches": 2, "percent_branches_covered": 0.0, "percent_branches_covered_display": "0"}, "missing_lines": [48, 49], "excluded_lines": [], "start_line": 47, "executed_branches": [], "missing_branches": [[48, -47], [48, 49]]}, "_classify_key_size": {"executed_lines": [], "summary": {"covered_lines": 0, "num_statements": 6, "percent_covered": 0.0, "percent_covered_display": "0", "missing_lines": 6, "excluded_lines": 0, "percent_statements_covered": 0.0, "percent_statements_covered_display": "0", "num_branches": 6, "num_partial_branches": 0, "covered_branches": 0, "missing_branches": 6, "percent_branches_covered": 0.0, "percent_branches_covered_display": "0"}, "missing_lines": [60, 62, 64, 79, 80, 81], "excluded_lines": [], "start_line": 59, "executed_branches": [], "missing_branches": [[60, 62], [60, 64], [79, -59], [79, 80], [80, 79], [80, 81]]}, "_weak_crypto_key_size_cryptography_io": {"executed_lines": [], "summary": {"covered_lines": 0, "num_statements": 11, "percent_covered": 0.0, "percent_covered_display": "0", "missing_lines": 11, "excluded_lines": 0, "percent_statements_covered": 0.0, "percent_statements_covered_display": "0", "num_branches": 4, "num_partial_branches": 0, "covered_branches": 0, "missing_branches": 4, "percent_branches_covered": 0.0, "percent_branches_covered_display": "0"}, "missing_lines": [91, 99, 104, 105, 106, 111, 112, 113, 134, 138, 139], "excluded_lines": [], "start_line": 90, "executed_branches": [], "missing_branches": [[105, 106], [105, 112], [112, -90], [112, 113]]}, "_weak_crypto_key_size_pycrypto": {"executed_lines": [], "summary": {"covered_lines": 0, "num_statements": 5, "percent_covered": 0.0, "percent_covered_display": "0", "missing_lines": 5, "excluded_lines": 0, "percent_statements_covered": 0.0, "percent_statements_covered_display": "0", "num_branches": 2, "num_partial_branches": 0, "covered_branches": 0, "missing_branches": 2, "percent_branches_covered": 0.0, "percent_branches_covered_display": "0"}, "missing_lines": [143, 149, 150, 151, 156], "excluded_lines": [], "start_line": 142, "executed_branches": [], "missing_branches": [[150, -142], [150, 151]]}, "weak_cryptographic_key": {"executed_lines": [], "summary": {"covered_lines": 0, "num_statements": 1, "percent_covered": 0.0, "percent_covered_display": "0", "missing_lines": 1, "excluded_lines": 0, "percent_statements_covered": 0.0, "percent_statements_covered_display": "0", "num_branches": 0, "num_partial_branches": 0, "covered_branches": 0, "missing_branches": 0, "percent_branches_covered": 100.0, "percent_branches_covered_display": "100"}, "missing_lines": [163], "excluded_lines": [], "start_line": 162, "executed_branches": [], "missing_branches": []}, "": {"executed_lines": [42, 43, 44, 47, 59, 90, 142, 159, 160, 161, 162], "summary": {"covered_lines": 11, "num_statements": 11, "percent_covered": 100.0, "percent_covered_display": "100", "missing_lines": 0, "excluded_lines": 0, "percent_statements_covered": 100.0, "percent_statements_covered_display": "100", "num_branches": 0, "num_partial_branches": 0, "covered_branches": 0, "missing_branches": 0, "percent_branches_covered": 100.0, "percent_branches_covered_display": "100"}, "missing_lines": [], "excluded_lines": [], "start_line": 1, "executed_branches": [], "missing_branches": []}}, "classes": {"": {"executed_lines": [42, 43, 44, 47, 59, 90, 142, 159, 160, 161, 162], "summary": {"covered_lines": 11, "num_statements": 36, "percent_covered": 22.0, "percent_covered_display": "22", "missing_lines": 25, "excluded_lines": 0, "percent_statements_covered": 30.555555555555557, "percent_statements_covered_display": "31", "num_branches": 14, "num_partial_branches": 0, "covered_branches": 0, "missing_branches": 14, "percent_branches_covered": 0.0, "percent_branches_covered_display": "0"}, "missing_lines": [48, 49, 60, 62, 64, 79, 80, 81, 91, 99, 104, 105, 106, 111, 112, 113, 134, 138, 139, 143, 149, 150, 151, 156, 163], "excluded_lines": [], "start_line": 1, "executed_branches": [], "missing_branches": [[48, -47], [48, 49], [60, 62], [60, 64], [79, -59], [79, 80], [80, 79], [80, 81], [105, 106], [105, 112], [112, -90], [112, 113], [150, -142], [150, 151]]}}}, "bandit/plugins/yaml_load.py": {"executed_lines": [44, 45, 46, 49, 50, 51], "summary": {"covered_lines": 6, "num_statements": 14, "percent_covered": 33.333333333333336, "percent_covered_display": "33", "missing_lines": 8, "excluded_lines": 0, "percent_statements_covered": 42.857142857142854, "percent_statements_covered_display": "43", "num_branches": 4, "num_partial_branches": 0, "covered_branches": 0, "missing_branches": 4, "percent_branches_covered": 0.0, "percent_branches_covered_display": "0"}, "missing_lines": [52, 53, 54, 55, 57, 58, 59, 69], "excluded_lines": [], "executed_branches": [], "missing_branches": [[54, 55], [54, 57], [59, -49], [59, 69]], "functions": {"yaml_load": {"executed_lines": [], "summary": {"covered_lines": 0, "num_statements": 8, "percent_covered": 0.0, "percent_covered_display": "0", "missing_lines": 8, "excluded_lines": 0, "percent_statements_covered": 0.0, "percent_statements_covered_display": "0", "num_branches": 4, "num_partial_branches": 0, "covered_branches": 0, "missing_branches": 4, "percent_branches_covered": 0.0, "percent_branches_covered_display": "0"}, "missing_lines": [52, 53, 54, 55, 57, 58, 59, 69], "excluded_lines": [], "start_line": 51, "executed_branches": [], "missing_branches": [[54, 55], [54, 57], [59, -49], [59, 69]]}, "": {"executed_lines": [44, 45, 46, 49, 50, 51], "summary": {"covered_lines": 6, "num_statements": 6, "percent_covered": 100.0, "percent_covered_display": "100", "missing_lines": 0, "excluded_lines": 0, "percent_statements_covered": 100.0, "percent_statements_covered_display": "100", "num_branches": 0, "num_partial_branches": 0, "covered_branches": 0, "missing_branches": 0, "percent_branches_covered": 100.0, "percent_branches_covered_display": "100"}, "missing_lines": [], "excluded_lines": [], "start_line": 1, "executed_branches": [], "missing_branches": []}}, "classes": {"": {"executed_lines": [44, 45, 46, 49, 50, 51], "summary": {"covered_lines": 6, "num_statements": 14, "percent_covered": 33.333333333333336, "percent_covered_display": "33", "missing_lines": 8, "excluded_lines": 0, "percent_statements_covered": 42.857142857142854, "percent_statements_covered_display": "43", "num_branches": 4, "num_partial_branches": 0, "covered_branches": 0, "missing_branches": 4, "percent_branches_covered": 0.0, "percent_branches_covered_display": "0"}, "missing_lines": [52, 53, 54, 55, 57, 58, 59, 69], "excluded_lines": [], "start_line": 1, "executed_branches": [], "missing_branches": [[54, 55], [54, 57], [59, -49], [59, 69]]}}}}, "totals": {"covered_lines": 899, "num_statements": 3276, "percent_covered": 20.220112214069918, "percent_covered_display": "20", "missing_lines": 2377, "excluded_lines": 0, "percent_statements_covered": 27.44200244200244, "percent_statements_covered_display": "27", "num_branches": 1358, "num_partial_branches": 16, "covered_branches": 38, "missing_branches": 1320, "percent_branches_covered": 2.7982326951399115, "percent_branches_covered_display": "3"}}