{"meta": {"format": 3, "version": "7.15.0", "timestamp": "2026-07-12T19:58:13.670706", "branch_coverage": true, "show_contexts": false}, "files": {"src/hypercorn/__init__.py": {"executed_lines": [1, 3, 5], "summary": {"covered_lines": 3, "num_statements": 3, "percent_covered": 100.0, "percent_covered_display": "100", "missing_lines": 0, "excluded_lines": 0, "percent_statements_covered": 100.0, "percent_statements_covered_display": "100", "num_branches": 0, "num_partial_branches": 0, "covered_branches": 0, "missing_branches": 0, "percent_branches_covered": 100.0, "percent_branches_covered_display": "100"}, "missing_lines": [], "excluded_lines": [], "executed_branches": [], "missing_branches": [], "functions": {"": {"executed_lines": [1, 3, 5], "summary": {"covered_lines": 3, "num_statements": 3, "percent_covered": 100.0, "percent_covered_display": "100", "missing_lines": 0, "excluded_lines": 0, "percent_statements_covered": 100.0, "percent_statements_covered_display": "100", "num_branches": 0, "num_partial_branches": 0, "covered_branches": 0, "missing_branches": 0, "percent_branches_covered": 100.0, "percent_branches_covered_display": "100"}, "missing_lines": [], "excluded_lines": [], "start_line": 1, "executed_branches": [], "missing_branches": []}}, "classes": {"": {"executed_lines": [1, 3, 5], "summary": {"covered_lines": 3, "num_statements": 3, "percent_covered": 100.0, "percent_covered_display": "100", "missing_lines": 0, "excluded_lines": 0, "percent_statements_covered": 100.0, "percent_statements_covered_display": "100", "num_branches": 0, "num_partial_branches": 0, "covered_branches": 0, "missing_branches": 0, "percent_branches_covered": 100.0, "percent_branches_covered_display": "100"}, "missing_lines": [], "excluded_lines": [], "start_line": 1, "executed_branches": [], "missing_branches": []}}}, "src/hypercorn/__main__.py": {"executed_lines": [], "summary": {"covered_lines": 0, "num_statements": 144, "percent_covered": 0.0, "percent_covered_display": "0", "missing_lines": 144, "excluded_lines": 0, "percent_statements_covered": 0.0, "percent_statements_covered_display": "0", "num_branches": 82, "num_partial_branches": 0, "covered_branches": 0, "missing_branches": 82, "percent_branches_covered": 0.0, "percent_branches_covered_display": "0"}, "missing_lines": [1, 3, 4, 5, 6, 8, 9, 11, 14, 15, 16, 17, 18, 19, 20, 22, 25, 26, 27, 30, 31, 36, 41, 44, 54, 55, 56, 57, 58, 64, 71, 77, 78, 85, 92, 98, 104, 111, 114, 123, 129, 130, 133, 142, 149, 152, 155, 164, 170, 173, 182, 185, 186, 193, 197, 198, 199, 200, 201, 203, 209, 216, 224, 225, 226, 228, 229, 230, 231, 232, 233, 237, 238, 239, 240, 241, 242, 243, 244, 245, 246, 247, 248, 249, 250, 251, 252, 253, 254, 255, 259, 260, 261, 262, 263, 264, 265, 266, 267, 268, 269, 270, 271, 272, 273, 274, 275, 276, 277, 278, 279, 280, 281, 282, 283, 284, 285, 286, 287, 288, 289, 290, 291, 292, 293, 294, 295, 296, 297, 298, 299, 300, 301, 303, 304, 305, 306, 307, 308, 309, 310, 312, 315, 316], "excluded_lines": [], "executed_branches": [], "missing_branches": [[15, 16], [15, 17], [17, 18], [17, 19], [19, 20], [19, 22], [228, 229], [228, 230], [230, 231], [230, 232], [232, 233], [232, 238], [238, 239], [238, 240], [240, 241], [240, 242], [242, 243], [242, 244], [244, 245], [244, 246], [246, 247], [246, 248], [248, 249], [248, 250], [250, 251], [250, 252], [252, 253], [252, 254], [254, 255], [254, 260], [260, 261], [260, 262], [262, 263], [262, 264], [264, 265], [264, 266], [266, 267], [266, 268], [268, 269], [268, 270], [270, 271], [270, 272], [272, 273], [272, 274], [274, 275], [274, 276], [276, 277], [276, 278], [278, 279], [278, 280], [280, 281], [280, 282], [282, 283], [282, 284], [284, 285], [284, 286], [286, 287], [286, 288], [288, 289], [288, 290], [290, 291], [290, 292], [292, 293], [292, 294], [294, 295], [294, 296], [296, 297], [296, 298], [298, 299], [298, 300], [300, 301], [300, 303], [303, 304], [303, 305], [305, 306], [305, 307], [307, 308], [307, 309], [309, 310], [309, 312], [315, -1], [315, 316]], "functions": {"_load_config": {"executed_lines": [], "summary": {"covered_lines": 0, "num_statements": 7, "percent_covered": 0.0, "percent_covered_display": "0", "missing_lines": 7, "excluded_lines": 0, "percent_statements_covered": 0.0, "percent_statements_covered_display": "0", "num_branches": 6, "num_partial_branches": 0, "covered_branches": 0, "missing_branches": 6, "percent_branches_covered": 0.0, "percent_branches_covered_display": "0"}, "missing_lines": [15, 16, 17, 18, 19, 20, 22], "excluded_lines": [], "start_line": 14, "executed_branches": [], "missing_branches": [[15, 16], [15, 17], [17, 18], [17, 19], [19, 20], [19, 22]]}, "main": {"executed_lines": [], "summary": {"covered_lines": 0, "num_statements": 121, "percent_covered": 0.0, "percent_covered_display": "0", "missing_lines": 121, "excluded_lines": 0, "percent_statements_covered": 0.0, "percent_statements_covered_display": "0", "num_branches": 74, "num_partial_branches": 0, "covered_branches": 0, "missing_branches": 74, "percent_branches_covered": 0.0, "percent_branches_covered_display": "0"}, "missing_lines": [26, 27, 30, 31, 36, 41, 44, 54, 55, 56, 57, 58, 64, 71, 77, 78, 85, 92, 98, 104, 111, 114, 123, 129, 130, 133, 142, 149, 152, 155, 164, 170, 173, 182, 185, 186, 193, 197, 203, 209, 216, 224, 225, 226, 228, 229, 230, 231, 232, 233, 237, 238, 239, 240, 241, 242, 243, 244, 245, 246, 247, 248, 249, 250, 251, 252, 253, 254, 255, 259, 260, 261, 262, 263, 264, 265, 266, 267, 268, 269, 270, 271, 272, 273, 274, 275, 276, 277, 278, 279, 280, 281, 282, 283, 284, 285, 286, 287, 288, 289, 290, 291, 292, 293, 294, 295, 296, 297, 298, 299, 300, 301, 303, 304, 305, 306, 307, 308, 309, 310, 312], "excluded_lines": [], "start_line": 25, "executed_branches": [], "missing_branches": [[228, 229], [228, 230], [230, 231], [230, 232], [232, 233], [232, 238], [238, 239], [238, 240], [240, 241], [240, 242], [242, 243], [242, 244], [244, 245], [244, 246], [246, 247], [246, 248], [248, 249], [248, 250], [250, 251], [250, 252], [252, 253], [252, 254], [254, 255], [254, 260], [260, 261], [260, 262], [262, 263], [262, 264], [264, 265], [264, 266], [266, 267], [266, 268], [268, 269], [268, 270], [270, 271], [270, 272], [272, 273], [272, 274], [274, 275], [274, 276], [276, 277], [276, 278], [278, 279], [278, 280], [280, 281], [280, 282], [282, 283], [282, 284], [284, 285], [284, 286], [286, 287], [286, 288], [288, 289], [288, 290], [290, 291], [290, 292], [292, 293], [292, 294], [294, 295], [294, 296], [296, 297], [296, 298], [298, 299], [298, 300], [300, 301], [300, 303], [303, 304], [303, 305], [305, 306], [305, 307], [307, 308], [307, 309], [309, 310], [309, 312]]}, "main._convert_verify_mode": {"executed_lines": [], "summary": {"covered_lines": 0, "num_statements": 4, "percent_covered": 0.0, "percent_covered_display": "0", "missing_lines": 4, "excluded_lines": 0, "percent_statements_covered": 0.0, "percent_statements_covered_display": "0", "num_branches": 0, "num_partial_branches": 0, "covered_branches": 0, "missing_branches": 0, "percent_branches_covered": 100.0, "percent_branches_covered_display": "100"}, "missing_lines": [198, 199, 200, 201], "excluded_lines": [], "start_line": 197, "executed_branches": [], "missing_branches": []}, "": {"executed_lines": [], "summary": {"covered_lines": 0, "num_statements": 12, "percent_covered": 0.0, "percent_covered_display": "0", "missing_lines": 12, "excluded_lines": 0, "percent_statements_covered": 0.0, "percent_statements_covered_display": "0", "num_branches": 2, "num_partial_branches": 0, "covered_branches": 0, "missing_branches": 2, "percent_branches_covered": 0.0, "percent_branches_covered_display": "0"}, "missing_lines": [1, 3, 4, 5, 6, 8, 9, 11, 14, 25, 315, 316], "excluded_lines": [], "start_line": 1, "executed_branches": [], "missing_branches": [[315, -1], [315, 316]]}}, "classes": {"": {"executed_lines": [], "summary": {"covered_lines": 0, "num_statements": 144, "percent_covered": 0.0, "percent_covered_display": "0", "missing_lines": 144, "excluded_lines": 0, "percent_statements_covered": 0.0, "percent_statements_covered_display": "0", "num_branches": 82, "num_partial_branches": 0, "covered_branches": 0, "missing_branches": 82, "percent_branches_covered": 0.0, "percent_branches_covered_display": "0"}, "missing_lines": [1, 3, 4, 5, 6, 8, 9, 11, 14, 15, 16, 17, 18, 19, 20, 22, 25, 26, 27, 30, 31, 36, 41, 44, 54, 55, 56, 57, 58, 64, 71, 77, 78, 85, 92, 98, 104, 111, 114, 123, 129, 130, 133, 142, 149, 152, 155, 164, 170, 173, 182, 185, 186, 193, 197, 198, 199, 200, 201, 203, 209, 216, 224, 225, 226, 228, 229, 230, 231, 232, 233, 237, 238, 239, 240, 241, 242, 243, 244, 245, 246, 247, 248, 249, 250, 251, 252, 253, 254, 255, 259, 260, 261, 262, 263, 264, 265, 266, 267, 268, 269, 270, 271, 272, 273, 274, 275, 276, 277, 278, 279, 280, 281, 282, 283, 284, 285, 286, 287, 288, 289, 290, 291, 292, 293, 294, 295, 296, 297, 298, 299, 300, 301, 303, 304, 305, 306, 307, 308, 309, 310, 312, 315, 316], "excluded_lines": [], "start_line": 1, "executed_branches": [], "missing_branches": [[15, 16], [15, 17], [17, 18], [17, 19], [19, 20], [19, 22], [228, 229], [228, 230], [230, 231], [230, 232], [232, 233], [232, 238], [238, 239], [238, 240], [240, 241], [240, 242], [242, 243], [242, 244], [244, 245], [244, 246], [246, 247], [246, 248], [248, 249], [248, 250], [250, 251], [250, 252], [252, 253], [252, 254], [254, 255], [254, 260], [260, 261], [260, 262], [262, 263], [262, 264], [264, 265], [264, 266], [266, 267], [266, 268], [268, 269], [268, 270], [270, 271], [270, 272], [272, 273], [272, 274], [274, 275], [274, 276], [276, 277], [276, 278], [278, 279], [278, 280], [280, 281], [280, 282], [282, 283], [282, 284], [284, 285], [284, 286], [286, 287], [286, 288], [288, 289], [288, 290], [290, 291], [290, 292], [292, 293], [292, 294], [294, 295], [294, 296], [296, 297], [296, 298], [298, 299], [298, 300], [300, 301], [300, 303], [303, 304], [303, 305], [305, 306], [305, 307], [307, 308], [307, 309], [309, 310], [309, 312], [315, -1], [315, 316]]}}}, "src/hypercorn/app_wrappers.py": {"executed_lines": [1, 3, 4, 5, 6, 8, 18, 19, 22, 23, 26, 37, 38, 39, 40, 42, 50, 51, 59, 67, 68, 69, 70, 71, 72, 73, 74, 75, 76, 78, 79, 83, 84, 86, 88, 89, 91, 98, 99, 100, 104, 106, 108, 109, 110, 111, 112, 113, 115, 116, 118, 120, 124, 125, 126, 127, 128, 129, 130, 134, 151, 152, 154, 167], "summary": {"covered_lines": 64, "num_statements": 85, "percent_covered": 66.95652173913044, "percent_covered_display": "67", "missing_lines": 21, "excluded_lines": 0, "percent_statements_covered": 75.29411764705883, "percent_statements_covered_display": "75", "num_branches": 30, "num_partial_branches": 7, "covered_branches": 13, "missing_branches": 17, "percent_branches_covered": 43.333333333333336, "percent_branches_covered_display": "43"}, "missing_lines": [24, 34, 52, 53, 54, 55, 57, 80, 81, 121, 132, 155, 156, 157, 158, 159, 161, 163, 164, 165, 166], "excluded_lines": [], "executed_branches": [[50, 51], [71, 72], [71, 75], [75, 76], [110, 111], [110, 120], [111, 112], [112, 113], [112, 115], [120, -86], [128, 129], [151, 152], [154, 167]], "missing_branches": [[50, 52], [52, 53], [52, 54], [54, 55], [54, 57], [75, 68], [111, 118], [120, 121], [128, 132], [151, 154], [154, 155], [156, 157], [156, 158], [158, 159], [158, 161], [164, 165], [164, 166]], "functions": {"ASGIWrapper.__init__": {"executed_lines": [], "summary": {"covered_lines": 0, "num_statements": 1, "percent_covered": 0.0, "percent_covered_display": "0", "missing_lines": 1, "excluded_lines": 0, "percent_statements_covered": 0.0, "percent_statements_covered_display": "0", "num_branches": 0, "num_partial_branches": 0, "covered_branches": 0, "missing_branches": 0, "percent_branches_covered": 100.0, "percent_branches_covered_display": "100"}, "missing_lines": [24], "excluded_lines": [], "start_line": 23, "executed_branches": [], "missing_branches": []}, "ASGIWrapper.__call__": {"executed_lines": [], "summary": {"covered_lines": 0, "num_statements": 1, "percent_covered": 0.0, "percent_covered_display": "0", "missing_lines": 1, "excluded_lines": 0, "percent_statements_covered": 0.0, "percent_statements_covered_display": "0", "num_branches": 0, "num_partial_branches": 0, "covered_branches": 0, "missing_branches": 0, "percent_branches_covered": 100.0, "percent_branches_covered_display": "100"}, "missing_lines": [34], "excluded_lines": [], "start_line": 26, "executed_branches": [], "missing_branches": []}, "WSGIWrapper.__init__": {"executed_lines": [39, 40], "summary": {"covered_lines": 2, "num_statements": 2, "percent_covered": 100.0, "percent_covered_display": "100", "missing_lines": 0, "excluded_lines": 0, "percent_statements_covered": 100.0, "percent_statements_covered_display": "100", "num_branches": 0, "num_partial_branches": 0, "covered_branches": 0, "missing_branches": 0, "percent_branches_covered": 100.0, "percent_branches_covered_display": "100"}, "missing_lines": [], "excluded_lines": [], "start_line": 38, "executed_branches": [], "missing_branches": []}, "WSGIWrapper.__call__": {"executed_lines": [50, 51], "summary": {"covered_lines": 2, "num_statements": 7, "percent_covered": 23.076923076923077, "percent_covered_display": "23", "missing_lines": 5, "excluded_lines": 0, "percent_statements_covered": 28.571428571428573, "percent_statements_covered_display": "29", "num_branches": 6, "num_partial_branches": 1, "covered_branches": 1, "missing_branches": 5, "percent_branches_covered": 16.666666666666668, "percent_branches_covered_display": "17"}, "missing_lines": [52, 53, 54, 55, 57], "excluded_lines": [], "start_line": 42, "executed_branches": [[50, 51]], "missing_branches": [[50, 52], [52, 53], [52, 54], [54, 55], [54, 57]]}, "WSGIWrapper.handle_http": {"executed_lines": [67, 68, 69, 70, 71, 72, 73, 74, 75, 76, 78, 79, 83, 84], "summary": {"covered_lines": 14, "num_statements": 16, "percent_covered": 85.0, "percent_covered_display": "85", "missing_lines": 2, "excluded_lines": 0, "percent_statements_covered": 87.5, "percent_statements_covered_display": "88", "num_branches": 4, "num_partial_branches": 1, "covered_branches": 3, "missing_branches": 1, "percent_branches_covered": 75.0, "percent_branches_covered_display": "75"}, "missing_lines": [80, 81], "excluded_lines": [], "start_line": 59, "executed_branches": [[71, 72], [71, 75], [75, 76]], "missing_branches": [[75, 68]]}, "WSGIWrapper.run_app": {"executed_lines": [88, 89, 91, 106, 108, 109, 110, 111, 112, 113, 115, 116, 118, 120], "summary": {"covered_lines": 14, "num_statements": 15, "percent_covered": 86.95652173913044, "percent_covered_display": "87", "missing_lines": 1, "excluded_lines": 0, "percent_statements_covered": 93.33333333333333, "percent_statements_covered_display": "93", "num_branches": 8, "num_partial_branches": 2, "covered_branches": 6, "missing_branches": 2, "percent_branches_covered": 75.0, "percent_branches_covered_display": "75"}, "missing_lines": [121], "excluded_lines": [], "start_line": 86, "executed_branches": [[110, 111], [110, 120], [111, 112], [112, 113], [112, 115], [120, -86]], "missing_branches": [[111, 118], [120, 121]]}, "WSGIWrapper.run_app.start_response": {"executed_lines": [98, 99, 100, 104], "summary": {"covered_lines": 4, "num_statements": 4, "percent_covered": 100.0, "percent_covered_display": "100", "missing_lines": 0, "excluded_lines": 0, "percent_statements_covered": 100.0, "percent_statements_covered_display": "100", "num_branches": 0, "num_partial_branches": 0, "covered_branches": 0, "missing_branches": 0, "percent_branches_covered": 100.0, "percent_branches_covered_display": "100"}, "missing_lines": [], "excluded_lines": [], "start_line": 91, "executed_branches": [], "missing_branches": []}, "_build_environ": {"executed_lines": [125, 126, 127, 128, 129, 130, 134, 151, 152, 154, 167], "summary": {"covered_lines": 11, "num_statements": 22, "percent_covered": 41.1764705882353, "percent_covered_display": "41", "missing_lines": 11, "excluded_lines": 0, "percent_statements_covered": 50.0, "percent_statements_covered_display": "50", "num_branches": 12, "num_partial_branches": 3, "covered_branches": 3, "missing_branches": 9, "percent_branches_covered": 25.0, "percent_branches_covered_display": "25"}, "missing_lines": [132, 155, 156, 157, 158, 159, 161, 163, 164, 165, 166], "excluded_lines": [], "start_line": 124, "executed_branches": [[128, 129], [151, 152], [154, 167]], "missing_branches": [[128, 132], [151, 154], [154, 155], [156, 157], [156, 158], [158, 159], [158, 161], [164, 165], [164, 166]]}, "": {"executed_lines": [1, 3, 4, 5, 6, 8, 18, 19, 22, 23, 26, 37, 38, 42, 59, 86, 124], "summary": {"covered_lines": 17, "num_statements": 17, "percent_covered": 100.0, "percent_covered_display": "100", "missing_lines": 0, "excluded_lines": 0, "percent_statements_covered": 100.0, "percent_statements_covered_display": "100", "num_branches": 0, "num_partial_branches": 0, "covered_branches": 0, "missing_branches": 0, "percent_branches_covered": 100.0, "percent_branches_covered_display": "100"}, "missing_lines": [], "excluded_lines": [], "start_line": 1, "executed_branches": [], "missing_branches": []}}, "classes": {"InvalidPathError": {"executed_lines": [], "summary": {"covered_lines": 0, "num_statements": 0, "percent_covered": 100.0, "percent_covered_display": "100", "missing_lines": 0, "excluded_lines": 0, "percent_statements_covered": 100.0, "percent_statements_covered_display": "100", "num_branches": 0, "num_partial_branches": 0, "covered_branches": 0, "missing_branches": 0, "percent_branches_covered": 100.0, "percent_branches_covered_display": "100"}, "missing_lines": [], "excluded_lines": [], "start_line": 18, "executed_branches": [], "missing_branches": []}, "ASGIWrapper": {"executed_lines": [], "summary": {"covered_lines": 0, "num_statements": 2, "percent_covered": 0.0, "percent_covered_display": "0", "missing_lines": 2, "excluded_lines": 0, "percent_statements_covered": 0.0, "percent_statements_covered_display": "0", "num_branches": 0, "num_partial_branches": 0, "covered_branches": 0, "missing_branches": 0, "percent_branches_covered": 100.0, "percent_branches_covered_display": "100"}, "missing_lines": [24, 34], "excluded_lines": [], "start_line": 22, "executed_branches": [], "missing_branches": []}, "WSGIWrapper": {"executed_lines": [39, 40, 50, 51, 67, 68, 69, 70, 71, 72, 73, 74, 75, 76, 78, 79, 83, 84, 88, 89, 91, 98, 99, 100, 104, 106, 108, 109, 110, 111, 112, 113, 115, 116, 118, 120], "summary": {"covered_lines": 36, "num_statements": 44, "percent_covered": 74.19354838709677, "percent_covered_display": "74", "missing_lines": 8, "excluded_lines": 0, "percent_statements_covered": 81.81818181818181, "percent_statements_covered_display": "82", "num_branches": 18, "num_partial_branches": 4, "covered_branches": 10, "missing_branches": 8, "percent_branches_covered": 55.55555555555556, "percent_branches_covered_display": "56"}, "missing_lines": [52, 53, 54, 55, 57, 80, 81, 121], "excluded_lines": [], "start_line": 37, "executed_branches": [[50, 51], [71, 72], [71, 75], [75, 76], [110, 111], [110, 120], [111, 112], [112, 113], [112, 115], [120, -86]], "missing_branches": [[50, 52], [52, 53], [52, 54], [54, 55], [54, 57], [75, 68], [111, 118], [120, 121]]}, "": {"executed_lines": [1, 3, 4, 5, 6, 8, 18, 19, 22, 23, 26, 37, 38, 42, 59, 86, 124, 125, 126, 127, 128, 129, 130, 134, 151, 152, 154, 167], "summary": {"covered_lines": 28, "num_statements": 39, "percent_covered": 60.78431372549019, "percent_covered_display": "61", "missing_lines": 11, "excluded_lines": 0, "percent_statements_covered": 71.7948717948718, "percent_statements_covered_display": "72", "num_branches": 12, "num_partial_branches": 3, "covered_branches": 3, "missing_branches": 9, "percent_branches_covered": 25.0, "percent_branches_covered_display": "25"}, "missing_lines": [132, 155, 156, 157, 158, 159, 161, 163, 164, 165, 166], "excluded_lines": [], "start_line": 1, "executed_branches": [[128, 129], [151, 152], [154, 167]], "missing_branches": [[128, 132], [151, 154], [154, 155], [156, 157], [156, 158], [158, 159], [158, 161], [164, 165], [164, 166]]}}}, "src/hypercorn/asyncio/__init__.py": {"executed_lines": [1, 3, 4, 5, 7, 8, 9, 10, 13], "summary": {"covered_lines": 9, "num_statements": 14, "percent_covered": 50.0, "percent_covered_display": "50", "missing_lines": 5, "excluded_lines": 0, "percent_statements_covered": 64.28571428571429, "percent_statements_covered_display": "64", "num_branches": 4, "num_partial_branches": 0, "covered_branches": 0, "missing_branches": 4, "percent_branches_covered": 0.0, "percent_branches_covered_display": "0"}, "missing_lines": [40, 41, 42, 43, 45], "excluded_lines": [], "executed_branches": [], "missing_branches": [[40, 41], [40, 42], [42, 43], [42, 45]], "functions": {"serve": {"executed_lines": [], "summary": {"covered_lines": 0, "num_statements": 5, "percent_covered": 0.0, "percent_covered_display": "0", "missing_lines": 5, "excluded_lines": 0, "percent_statements_covered": 0.0, "percent_statements_covered_display": "0", "num_branches": 4, "num_partial_branches": 0, "covered_branches": 0, "missing_branches": 4, "percent_branches_covered": 0.0, "percent_branches_covered_display": "0"}, "missing_lines": [40, 41, 42, 43, 45], "excluded_lines": [], "start_line": 13, "executed_branches": [], "missing_branches": [[40, 41], [40, 42], [42, 43], [42, 45]]}, "": {"executed_lines": [1, 3, 4, 5, 7, 8, 9, 10, 13], "summary": {"covered_lines": 9, "num_statements": 9, "percent_covered": 100.0, "percent_covered_display": "100", "missing_lines": 0, "excluded_lines": 0, "percent_statements_covered": 100.0, "percent_statements_covered_display": "100", "num_branches": 0, "num_partial_branches": 0, "covered_branches": 0, "missing_branches": 0, "percent_branches_covered": 100.0, "percent_branches_covered_display": "100"}, "missing_lines": [], "excluded_lines": [], "start_line": 1, "executed_branches": [], "missing_branches": []}}, "classes": {"": {"executed_lines": [1, 3, 4, 5, 7, 8, 9, 10, 13], "summary": {"covered_lines": 9, "num_statements": 14, "percent_covered": 50.0, "percent_covered_display": "50", "missing_lines": 5, "excluded_lines": 0, "percent_statements_covered": 64.28571428571429, "percent_statements_covered_display": "64", "num_branches": 4, "num_partial_branches": 0, "covered_branches": 0, "missing_branches": 4, "percent_branches_covered": 0.0, "percent_branches_covered_display": "0"}, "missing_lines": [40, 41, 42, 43, 45], "excluded_lines": [], "start_line": 1, "executed_branches": [], "missing_branches": [[40, 41], [40, 42], [42, 43], [42, 45]]}}}, "src/hypercorn/asyncio/lifespan.py": {"executed_lines": [1, 3, 4, 5, 6, 7, 9, 10, 11, 13, 14, 17, 18, 21, 22, 43, 86, 97, 108, 111], "summary": {"covered_lines": 20, "num_statements": 79, "percent_covered": 20.792079207920793, "percent_covered_display": "21", "missing_lines": 59, "excluded_lines": 0, "percent_statements_covered": 25.31645569620253, "percent_statements_covered_display": "25", "num_branches": 22, "num_partial_branches": 1, "covered_branches": 1, "missing_branches": 21, "percent_branches_covered": 4.545454545454546, "percent_branches_covered_display": "5"}, "missing_lines": [29, 30, 31, 32, 33, 34, 35, 36, 41, 44, 45, 51, 52, 53, 55, 56, 63, 64, 65, 66, 67, 68, 69, 71, 72, 73, 76, 77, 81, 83, 84, 87, 88, 89, 91, 92, 93, 94, 95, 98, 99, 100, 102, 103, 104, 105, 106, 109, 112, 113, 114, 115, 116, 117, 118, 119, 120, 121, 123], "excluded_lines": [], "executed_branches": [[13, 14]], "missing_branches": [[13, 17], [66, 67], [66, 71], [68, 69], [68, 71], [72, 73], [72, 76], [76, 77], [76, 81], [88, 89], [88, 91], [99, 100], [99, 102], [112, 113], [112, 114], [114, 115], [114, 116], [116, 117], [116, 119], [119, 120], [119, 123]], "functions": {"Lifespan.__init__": {"executed_lines": [], "summary": {"covered_lines": 0, "num_statements": 9, "percent_covered": 0.0, "percent_covered_display": "0", "missing_lines": 9, "excluded_lines": 0, "percent_statements_covered": 0.0, "percent_statements_covered_display": "0", "num_branches": 0, "num_partial_branches": 0, "covered_branches": 0, "missing_branches": 0, "percent_branches_covered": 100.0, "percent_branches_covered_display": "100"}, "missing_lines": [29, 30, 31, 32, 33, 34, 35, 36, 41], "excluded_lines": [], "start_line": 22, "executed_branches": [], "missing_branches": []}, "Lifespan.handle_lifespan": {"executed_lines": [], "summary": {"covered_lines": 0, "num_statements": 20, "percent_covered": 0.0, "percent_covered_display": "0", "missing_lines": 20, "excluded_lines": 0, "percent_statements_covered": 0.0, "percent_statements_covered_display": "0", "num_branches": 8, "num_partial_branches": 0, "covered_branches": 0, "missing_branches": 8, "percent_branches_covered": 0.0, "percent_branches_covered_display": "0"}, "missing_lines": [44, 45, 51, 55, 56, 63, 64, 65, 66, 67, 68, 69, 71, 72, 73, 76, 77, 81, 83, 84], "excluded_lines": [], "start_line": 43, "executed_branches": [], "missing_branches": [[66, 67], [66, 71], [68, 69], [68, 71], [72, 73], [72, 76], [76, 77], [76, 81]]}, "Lifespan.handle_lifespan._call_soon": {"executed_lines": [], "summary": {"covered_lines": 0, "num_statements": 2, "percent_covered": 0.0, "percent_covered_display": "0", "missing_lines": 2, "excluded_lines": 0, "percent_statements_covered": 0.0, "percent_statements_covered_display": "0", "num_branches": 0, "num_partial_branches": 0, "covered_branches": 0, "missing_branches": 0, "percent_branches_covered": 100.0, "percent_branches_covered_display": "100"}, "missing_lines": [52, 53], "excluded_lines": [], "start_line": 51, "executed_branches": [], "missing_branches": []}, "Lifespan.wait_for_startup": {"executed_lines": [], "summary": {"covered_lines": 0, "num_statements": 8, "percent_covered": 0.0, "percent_covered_display": "0", "missing_lines": 8, "excluded_lines": 0, "percent_statements_covered": 0.0, "percent_statements_covered_display": "0", "num_branches": 2, "num_partial_branches": 0, "covered_branches": 0, "missing_branches": 2, "percent_branches_covered": 0.0, "percent_branches_covered_display": "0"}, "missing_lines": [87, 88, 89, 91, 92, 93, 94, 95], "excluded_lines": [], "start_line": 86, "executed_branches": [], "missing_branches": [[88, 89], [88, 91]]}, "Lifespan.wait_for_shutdown": {"executed_lines": [], "summary": {"covered_lines": 0, "num_statements": 8, "percent_covered": 0.0, "percent_covered_display": "0", "missing_lines": 8, "excluded_lines": 0, "percent_statements_covered": 0.0, "percent_statements_covered_display": "0", "num_branches": 2, "num_partial_branches": 0, "covered_branches": 0, "missing_branches": 2, "percent_branches_covered": 0.0, "percent_branches_covered_display": "0"}, "missing_lines": [98, 99, 100, 102, 103, 104, 105, 106], "excluded_lines": [], "start_line": 97, "executed_branches": [], "missing_branches": [[99, 100], [99, 102]]}, "Lifespan.asgi_receive": {"executed_lines": [], "summary": {"covered_lines": 0, "num_statements": 1, "percent_covered": 0.0, "percent_covered_display": "0", "missing_lines": 1, "excluded_lines": 0, "percent_statements_covered": 0.0, "percent_statements_covered_display": "0", "num_branches": 0, "num_partial_branches": 0, "covered_branches": 0, "missing_branches": 0, "percent_branches_covered": 100.0, "percent_branches_covered_display": "100"}, "missing_lines": [109], "excluded_lines": [], "start_line": 108, "executed_branches": [], "missing_branches": []}, "Lifespan.asgi_send": {"executed_lines": [], "summary": {"covered_lines": 0, "num_statements": 11, "percent_covered": 0.0, "percent_covered_display": "0", "missing_lines": 11, "excluded_lines": 0, "percent_statements_covered": 0.0, "percent_statements_covered_display": "0", "num_branches": 8, "num_partial_branches": 0, "covered_branches": 0, "missing_branches": 8, "percent_branches_covered": 0.0, "percent_branches_covered_display": "0"}, "missing_lines": [112, 113, 114, 115, 116, 117, 118, 119, 120, 121, 123], "excluded_lines": [], "start_line": 111, "executed_branches": [], "missing_branches": [[112, 113], [112, 114], [114, 115], [114, 116], [116, 117], [116, 119], [119, 120], [119, 123]]}, "": {"executed_lines": [1, 3, 4, 5, 6, 7, 9, 10, 11, 13, 14, 17, 18, 21, 22, 43, 86, 97, 108, 111], "summary": {"covered_lines": 20, "num_statements": 20, "percent_covered": 95.45454545454545, "percent_covered_display": "95", "missing_lines": 0, "excluded_lines": 0, "percent_statements_covered": 100.0, "percent_statements_covered_display": "100", "num_branches": 2, "num_partial_branches": 1, "covered_branches": 1, "missing_branches": 1, "percent_branches_covered": 50.0, "percent_branches_covered_display": "50"}, "missing_lines": [], "excluded_lines": [], "start_line": 1, "executed_branches": [[13, 14]], "missing_branches": [[13, 17]]}}, "classes": {"UnexpectedMessageError": {"executed_lines": [], "summary": {"covered_lines": 0, "num_statements": 0, "percent_covered": 100.0, "percent_covered_display": "100", "missing_lines": 0, "excluded_lines": 0, "percent_statements_covered": 100.0, "percent_statements_covered_display": "100", "num_branches": 0, "num_partial_branches": 0, "covered_branches": 0, "missing_branches": 0, "percent_branches_covered": 100.0, "percent_branches_covered_display": "100"}, "missing_lines": [], "excluded_lines": [], "start_line": 17, "executed_branches": [], "missing_branches": []}, "Lifespan": {"executed_lines": [], "summary": {"covered_lines": 0, "num_statements": 59, "percent_covered": 0.0, "percent_covered_display": "0", "missing_lines": 59, "excluded_lines": 0, "percent_statements_covered": 0.0, "percent_statements_covered_display": "0", "num_branches": 20, "num_partial_branches": 0, "covered_branches": 0, "missing_branches": 20, "percent_branches_covered": 0.0, "percent_branches_covered_display": "0"}, "missing_lines": [29, 30, 31, 32, 33, 34, 35, 36, 41, 44, 45, 51, 52, 53, 55, 56, 63, 64, 65, 66, 67, 68, 69, 71, 72, 73, 76, 77, 81, 83, 84, 87, 88, 89, 91, 92, 93, 94, 95, 98, 99, 100, 102, 103, 104, 105, 106, 109, 112, 113, 114, 115, 116, 117, 118, 119, 120, 121, 123], "excluded_lines": [], "start_line": 21, "executed_branches": [], "missing_branches": [[66, 67], [66, 71], [68, 69], [68, 71], [72, 73], [72, 76], [76, 77], [76, 81], [88, 89], [88, 91], [99, 100], [99, 102], [112, 113], [112, 114], [114, 115], [114, 116], [116, 117], [116, 119], [119, 120], [119, 123]]}, "": {"executed_lines": [1, 3, 4, 5, 6, 7, 9, 10, 11, 13, 14, 17, 18, 21, 22, 43, 86, 97, 108, 111], "summary": {"covered_lines": 20, "num_statements": 20, "percent_covered": 95.45454545454545, "percent_covered_display": "95", "missing_lines": 0, "excluded_lines": 0, "percent_statements_covered": 100.0, "percent_statements_covered_display": "100", "num_branches": 2, "num_partial_branches": 1, "covered_branches": 1, "missing_branches": 1, "percent_branches_covered": 50.0, "percent_branches_covered_display": "50"}, "missing_lines": [], "excluded_lines": [], "start_line": 1, "executed_branches": [[13, 14]], "missing_branches": [[13, 17]]}}}, "src/hypercorn/asyncio/run.py": {"executed_lines": [1, 3, 4, 5, 6, 7, 8, 9, 10, 11, 12, 13, 14, 16, 17, 18, 19, 20, 21, 22, 23, 31, 32, 33, 34, 36, 37, 38, 39, 41, 42, 45, 54, 183, 202, 224, 236], "summary": {"covered_lines": 37, "num_statements": 145, "percent_covered": 20.32085561497326, "percent_covered_display": "20", "missing_lines": 108, "excluded_lines": 0, "percent_statements_covered": 25.517241379310345, "percent_statements_covered_display": "26", "num_branches": 42, "num_partial_branches": 1, "covered_branches": 1, "missing_branches": 41, "percent_branches_covered": 2.380952380952381, "percent_branches_covered_display": "2"}, "missing_lines": [48, 50, 51, 61, 63, 65, 66, 68, 69, 71, 72, 73, 74, 75, 77, 79, 81, 82, 84, 85, 86, 87, 88, 89, 91, 92, 94, 95, 96, 97, 99, 100, 101, 102, 103, 105, 106, 107, 108, 109, 111, 112, 113, 114, 116, 125, 126, 128, 129, 130, 132, 135, 136, 138, 139, 140, 142, 145, 146, 147, 148, 149, 151, 152, 153, 154, 155, 156, 157, 158, 159, 160, 162, 164, 165, 166, 168, 169, 170, 171, 172, 176, 178, 179, 180, 186, 188, 189, 190, 192, 193, 195, 205, 206, 207, 208, 210, 212, 213, 214, 216, 231, 232, 233, 237, 238, 239, 241], "excluded_lines": [], "executed_branches": [[41, 42]], "missing_branches": [[41, 45], [65, 66], [65, 81], [71, 72], [71, 79], [72, 71], [72, 73], [86, 87], [86, 91], [88, 89], [88, 91], [91, 92], [91, 94], [95, 96], [95, 99], [100, 101], [100, 102], [112, 113], [112, 128], [113, 114], [113, 116], [128, 129], [128, 138], [129, 130], [129, 132], [138, 139], [138, 151], [139, 140], [139, 142], [157, 158], [157, 162], [164, 165], [164, 168], [189, 190], [189, 192], [192, 193], [192, 195], [213, 214], [213, 216], [238, 239], [238, 241]], "functions": {"_share_socket": {"executed_lines": [], "summary": {"covered_lines": 0, "num_statements": 3, "percent_covered": 0.0, "percent_covered_display": "0", "missing_lines": 3, "excluded_lines": 0, "percent_statements_covered": 0.0, "percent_statements_covered_display": "0", "num_branches": 0, "num_partial_branches": 0, "covered_branches": 0, "missing_branches": 0, "percent_branches_covered": 100.0, "percent_branches_covered_display": "100"}, "missing_lines": [48, 50, 51], "excluded_lines": [], "start_line": 45, "executed_branches": [], "missing_branches": []}, "worker_serve": {"executed_lines": [], "summary": {"covered_lines": 0, "num_statements": 77, "percent_covered": 0.0, "percent_covered_display": "0", "missing_lines": 77, "excluded_lines": 0, "percent_statements_covered": 0.0, "percent_statements_covered_display": "0", "num_branches": 32, "num_partial_branches": 0, "covered_branches": 0, "missing_branches": 32, "percent_branches_covered": 0.0, "percent_branches_covered_display": "0"}, "missing_lines": [61, 63, 65, 66, 68, 71, 72, 73, 74, 75, 77, 79, 81, 82, 84, 85, 86, 87, 88, 89, 91, 92, 94, 95, 96, 97, 99, 100, 101, 102, 103, 105, 111, 112, 113, 114, 116, 125, 126, 128, 129, 130, 132, 135, 136, 138, 139, 140, 142, 145, 146, 147, 148, 149, 151, 152, 153, 154, 155, 156, 157, 158, 159, 160, 162, 164, 165, 166, 168, 169, 170, 171, 172, 176, 178, 179, 180], "excluded_lines": [], "start_line": 54, "executed_branches": [], "missing_branches": [[65, 66], [65, 81], [71, 72], [71, 79], [72, 71], [72, 73], [86, 87], [86, 91], [88, 89], [88, 91], [91, 92], [91, 94], [95, 96], [95, 99], [100, 101], [100, 102], [112, 113], [112, 128], [113, 114], [113, 116], [128, 129], [128, 138], [129, 130], [129, 132], [138, 139], [138, 151], [139, 140], [139, 142], [157, 158], [157, 162], [164, 165], [164, 168]]}, "worker_serve._signal_handler": {"executed_lines": [], "summary": {"covered_lines": 0, "num_statements": 1, "percent_covered": 0.0, "percent_covered_display": "0", "missing_lines": 1, "excluded_lines": 0, "percent_statements_covered": 0.0, "percent_statements_covered_display": "0", "num_branches": 0, "num_partial_branches": 0, "covered_branches": 0, "missing_branches": 0, "percent_branches_covered": 100.0, "percent_branches_covered_display": "100"}, "missing_lines": [69], "excluded_lines": [], "start_line": 68, "executed_branches": [], "missing_branches": []}, "worker_serve._server_callback": {"executed_lines": [], "summary": {"covered_lines": 0, "num_statements": 4, "percent_covered": 0.0, "percent_covered_display": "0", "missing_lines": 4, "excluded_lines": 0, "percent_statements_covered": 0.0, "percent_statements_covered_display": "0", "num_branches": 0, "num_partial_branches": 0, "covered_branches": 0, "missing_branches": 0, "percent_branches_covered": 100.0, "percent_branches_covered_display": "100"}, "missing_lines": [106, 107, 108, 109], "excluded_lines": [], "start_line": 105, "executed_branches": [], "missing_branches": []}, "asyncio_worker": {"executed_lines": [], "summary": {"covered_lines": 0, "num_statements": 7, "percent_covered": 0.0, "percent_covered_display": "0", "missing_lines": 7, "excluded_lines": 0, "percent_statements_covered": 0.0, "percent_statements_covered_display": "0", "num_branches": 4, "num_partial_branches": 0, "covered_branches": 0, "missing_branches": 4, "percent_branches_covered": 0.0, "percent_branches_covered_display": "0"}, "missing_lines": [186, 188, 189, 190, 192, 193, 195], "excluded_lines": [], "start_line": 183, "executed_branches": [], "missing_branches": [[189, 190], [189, 192], [192, 193], [192, 195]]}, "uvloop_worker": {"executed_lines": [], "summary": {"covered_lines": 0, "num_statements": 9, "percent_covered": 0.0, "percent_covered_display": "0", "missing_lines": 9, "excluded_lines": 0, "percent_statements_covered": 0.0, "percent_statements_covered_display": "0", "num_branches": 2, "num_partial_branches": 0, "covered_branches": 0, "missing_branches": 2, "percent_branches_covered": 0.0, "percent_branches_covered_display": "0"}, "missing_lines": [205, 206, 207, 208, 210, 212, 213, 214, 216], "excluded_lines": [], "start_line": 202, "executed_branches": [], "missing_branches": [[213, 214], [213, 216]]}, "_run": {"executed_lines": [], "summary": {"covered_lines": 0, "num_statements": 3, "percent_covered": 0.0, "percent_covered_display": "0", "missing_lines": 3, "excluded_lines": 0, "percent_statements_covered": 0.0, "percent_statements_covered_display": "0", "num_branches": 0, "num_partial_branches": 0, "covered_branches": 0, "missing_branches": 0, "percent_branches_covered": 100.0, "percent_branches_covered_display": "100"}, "missing_lines": [231, 232, 233], "excluded_lines": [], "start_line": 224, "executed_branches": [], "missing_branches": []}, "_exception_handler": {"executed_lines": [], "summary": {"covered_lines": 0, "num_statements": 4, "percent_covered": 0.0, "percent_covered_display": "0", "missing_lines": 4, "excluded_lines": 0, "percent_statements_covered": 0.0, "percent_statements_covered_display": "0", "num_branches": 2, "num_partial_branches": 0, "covered_branches": 0, "missing_branches": 2, "percent_branches_covered": 0.0, "percent_branches_covered_display": "0"}, "missing_lines": [237, 238, 239, 241], "excluded_lines": [], "start_line": 236, "executed_branches": [], "missing_branches": [[238, 239], [238, 241]]}, "": {"executed_lines": [1, 3, 4, 5, 6, 7, 8, 9, 10, 11, 12, 13, 14, 16, 17, 18, 19, 20, 21, 22, 23, 31, 32, 33, 34, 36, 37, 38, 39, 41, 42, 45, 54, 183, 202, 224, 236], "summary": {"covered_lines": 37, "num_statements": 37, "percent_covered": 97.43589743589743, "percent_covered_display": "97", "missing_lines": 0, "excluded_lines": 0, "percent_statements_covered": 100.0, "percent_statements_covered_display": "100", "num_branches": 2, "num_partial_branches": 1, "covered_branches": 1, "missing_branches": 1, "percent_branches_covered": 50.0, "percent_branches_covered_display": "50"}, "missing_lines": [], "excluded_lines": [], "start_line": 1, "executed_branches": [[41, 42]], "missing_branches": [[41, 45]]}}, "classes": {"": {"executed_lines": [1, 3, 4, 5, 6, 7, 8, 9, 10, 11, 12, 13, 14, 16, 17, 18, 19, 20, 21, 22, 23, 31, 32, 33, 34, 36, 37, 38, 39, 41, 42, 45, 54, 183, 202, 224, 236], "summary": {"covered_lines": 37, "num_statements": 145, "percent_covered": 20.32085561497326, "percent_covered_display": "20", "missing_lines": 108, "excluded_lines": 0, "percent_statements_covered": 25.517241379310345, "percent_statements_covered_display": "26", "num_branches": 42, "num_partial_branches": 1, "covered_branches": 1, "missing_branches": 41, "percent_branches_covered": 2.380952380952381, "percent_branches_covered_display": "2"}, "missing_lines": [48, 50, 51, 61, 63, 65, 66, 68, 69, 71, 72, 73, 74, 75, 77, 79, 81, 82, 84, 85, 86, 87, 88, 89, 91, 92, 94, 95, 96, 97, 99, 100, 101, 102, 103, 105, 106, 107, 108, 109, 111, 112, 113, 114, 116, 125, 126, 128, 129, 130, 132, 135, 136, 138, 139, 140, 142, 145, 146, 147, 148, 149, 151, 152, 153, 154, 155, 156, 157, 158, 159, 160, 162, 164, 165, 166, 168, 169, 170, 171, 172, 176, 178, 179, 180, 186, 188, 189, 190, 192, 193, 195, 205, 206, 207, 208, 210, 212, 213, 214, 216, 231, 232, 233, 237, 238, 239, 241], "excluded_lines": [], "start_line": 1, "executed_branches": [[41, 42]], "missing_branches": [[41, 45], [65, 66], [65, 81], [71, 72], [71, 79], [72, 71], [72, 73], [86, 87], [86, 91], [88, 89], [88, 91], [91, 92], [91, 94], [95, 96], [95, 99], [100, 101], [100, 102], [112, 113], [112, 128], [113, 114], [113, 116], [128, 129], [128, 138], [129, 130], [129, 132], [138, 139], [138, 151], [139, 140], [139, 142], [157, 158], [157, 162], [164, 165], [164, 168], [189, 190], [189, 192], [192, 193], [192, 195], [213, 214], [213, 216], [238, 239], [238, 241]]}}}, "src/hypercorn/asyncio/statsd.py": {"executed_lines": [1, 3, 5, 6, 9, 10, 13, 14, 19], "summary": {"covered_lines": 9, "num_statements": 15, "percent_covered": 52.94117647058823, "percent_covered_display": "53", "missing_lines": 6, "excluded_lines": 0, "percent_statements_covered": 60.0, "percent_statements_covered_display": "60", "num_branches": 2, "num_partial_branches": 0, "covered_branches": 0, "missing_branches": 2, "percent_branches_covered": 0.0, "percent_branches_covered_display": "0"}, "missing_lines": [15, 16, 17, 20, 21, 25], "excluded_lines": [], "executed_branches": [], "missing_branches": [[20, 21], [20, 25]], "functions": {"StatsdLogger.__init__": {"executed_lines": [], "summary": {"covered_lines": 0, "num_statements": 3, "percent_covered": 0.0, "percent_covered_display": "0", "missing_lines": 3, "excluded_lines": 0, "percent_statements_covered": 0.0, "percent_statements_covered_display": "0", "num_branches": 0, "num_partial_branches": 0, "covered_branches": 0, "missing_branches": 0, "percent_branches_covered": 100.0, "percent_branches_covered_display": "100"}, "missing_lines": [15, 16, 17], "excluded_lines": [], "start_line": 14, "executed_branches": [], "missing_branches": []}, "StatsdLogger._socket_send": {"executed_lines": [], "summary": {"covered_lines": 0, "num_statements": 3, "percent_covered": 0.0, "percent_covered_display": "0", "missing_lines": 3, "excluded_lines": 0, "percent_statements_covered": 0.0, "percent_statements_covered_display": "0", "num_branches": 2, "num_partial_branches": 0, "covered_branches": 0, "missing_branches": 2, "percent_branches_covered": 0.0, "percent_branches_covered_display": "0"}, "missing_lines": [20, 21, 25], "excluded_lines": [], "start_line": 19, "executed_branches": [], "missing_branches": [[20, 21], [20, 25]]}, "": {"executed_lines": [1, 3, 5, 6, 9, 10, 13, 14, 19], "summary": {"covered_lines": 9, "num_statements": 9, "percent_covered": 100.0, "percent_covered_display": "100", "missing_lines": 0, "excluded_lines": 0, "percent_statements_covered": 100.0, "percent_statements_covered_display": "100", "num_branches": 0, "num_partial_branches": 0, "covered_branches": 0, "missing_branches": 0, "percent_branches_covered": 100.0, "percent_branches_covered_display": "100"}, "missing_lines": [], "excluded_lines": [], "start_line": 1, "executed_branches": [], "missing_branches": []}}, "classes": {"_DummyProto": {"executed_lines": [], "summary": {"covered_lines": 0, "num_statements": 0, "percent_covered": 100.0, "percent_covered_display": "100", "missing_lines": 0, "excluded_lines": 0, "percent_statements_covered": 100.0, "percent_statements_covered_display": "100", "num_branches": 0, "num_partial_branches": 0, "covered_branches": 0, "missing_branches": 0, "percent_branches_covered": 100.0, "percent_branches_covered_display": "100"}, "missing_lines": [], "excluded_lines": [], "start_line": 9, "executed_branches": [], "missing_branches": []}, "StatsdLogger": {"executed_lines": [], "summary": {"covered_lines": 0, "num_statements": 6, "percent_covered": 0.0, "percent_covered_display": "0", "missing_lines": 6, "excluded_lines": 0, "percent_statements_covered": 0.0, "percent_statements_covered_display": "0", "num_branches": 2, "num_partial_branches": 0, "covered_branches": 0, "missing_branches": 2, "percent_branches_covered": 0.0, "percent_branches_covered_display": "0"}, "missing_lines": [15, 16, 17, 20, 21, 25], "excluded_lines": [], "start_line": 13, "executed_branches": [], "missing_branches": [[20, 21], [20, 25]]}, "": {"executed_lines": [1, 3, 5, 6, 9, 10, 13, 14, 19], "summary": {"covered_lines": 9, "num_statements": 9, "percent_covered": 100.0, "percent_covered_display": "100", "missing_lines": 0, "excluded_lines": 0, "percent_statements_covered": 100.0, "percent_statements_covered_display": "100", "num_branches": 0, "num_partial_branches": 0, "covered_branches": 0, "missing_branches": 0, "percent_branches_covered": 100.0, "percent_branches_covered_display": "100"}, "missing_lines": [], "excluded_lines": [], "start_line": 1, "executed_branches": [], "missing_branches": []}}}, "src/hypercorn/asyncio/task_group.py": {"executed_lines": [1, 3, 4, 5, 6, 7, 9, 10, 12, 13, 14, 15, 18, 37, 38, 39, 40, 42, 67, 68, 70, 71, 72, 74, 75], "summary": {"covered_lines": 25, "num_statements": 38, "percent_covered": 65.78947368421052, "percent_covered_display": "66", "missing_lines": 13, "excluded_lines": 0, "percent_statements_covered": 65.78947368421052, "percent_statements_covered_display": "66", "num_branches": 0, "num_partial_branches": 0, "covered_branches": 0, "missing_branches": 0, "percent_branches_covered": 100.0, "percent_branches_covered_display": "100"}, "missing_lines": [27, 28, 29, 30, 31, 32, 34, 49, 51, 52, 53, 55, 65], "excluded_lines": [], "executed_branches": [], "missing_branches": [], "functions": {"_handle": {"executed_lines": [], "summary": {"covered_lines": 0, "num_statements": 7, "percent_covered": 0.0, "percent_covered_display": "0", "missing_lines": 7, "excluded_lines": 0, "percent_statements_covered": 0.0, "percent_statements_covered_display": "0", "num_branches": 0, "num_partial_branches": 0, "covered_branches": 0, "missing_branches": 0, "percent_branches_covered": 100.0, "percent_branches_covered_display": "100"}, "missing_lines": [27, 28, 29, 30, 31, 32, 34], "excluded_lines": [], "start_line": 18, "executed_branches": [], "missing_branches": []}, "TaskGroup.__init__": {"executed_lines": [39, 40], "summary": {"covered_lines": 2, "num_statements": 2, "percent_covered": 100.0, "percent_covered_display": "100", "missing_lines": 0, "excluded_lines": 0, "percent_statements_covered": 100.0, "percent_statements_covered_display": "100", "num_branches": 0, "num_partial_branches": 0, "covered_branches": 0, "missing_branches": 0, "percent_branches_covered": 100.0, "percent_branches_covered_display": "100"}, "missing_lines": [], "excluded_lines": [], "start_line": 38, "executed_branches": [], "missing_branches": []}, "TaskGroup.spawn_app": {"executed_lines": [], "summary": {"covered_lines": 0, "num_statements": 4, "percent_covered": 0.0, "percent_covered_display": "0", "missing_lines": 4, "excluded_lines": 0, "percent_statements_covered": 0.0, "percent_statements_covered_display": "0", "num_branches": 0, "num_partial_branches": 0, "covered_branches": 0, "missing_branches": 0, "percent_branches_covered": 100.0, "percent_branches_covered_display": "100"}, "missing_lines": [49, 51, 55, 65], "excluded_lines": [], "start_line": 42, "executed_branches": [], "missing_branches": []}, "TaskGroup.spawn_app._call_soon": {"executed_lines": [], "summary": {"covered_lines": 0, "num_statements": 2, "percent_covered": 0.0, "percent_covered_display": "0", "missing_lines": 2, "excluded_lines": 0, "percent_statements_covered": 0.0, "percent_statements_covered_display": "0", "num_branches": 0, "num_partial_branches": 0, "covered_branches": 0, "missing_branches": 0, "percent_branches_covered": 100.0, "percent_branches_covered_display": "100"}, "missing_lines": [52, 53], "excluded_lines": [], "start_line": 51, "executed_branches": [], "missing_branches": []}, "TaskGroup.spawn": {"executed_lines": [68], "summary": {"covered_lines": 1, "num_statements": 1, "percent_covered": 100.0, "percent_covered_display": "100", "missing_lines": 0, "excluded_lines": 0, "percent_statements_covered": 100.0, "percent_statements_covered_display": "100", "num_branches": 0, "num_partial_branches": 0, "covered_branches": 0, "missing_branches": 0, "percent_branches_covered": 100.0, "percent_branches_covered_display": "100"}, "missing_lines": [], "excluded_lines": [], "start_line": 67, "executed_branches": [], "missing_branches": []}, "TaskGroup.__aenter__": {"executed_lines": [71, 72], "summary": {"covered_lines": 2, "num_statements": 2, "percent_covered": 100.0, "percent_covered_display": "100", "missing_lines": 0, "excluded_lines": 0, "percent_statements_covered": 100.0, "percent_statements_covered_display": "100", "num_branches": 0, "num_partial_branches": 0, "covered_branches": 0, "missing_branches": 0, "percent_branches_covered": 100.0, "percent_branches_covered_display": "100"}, "missing_lines": [], "excluded_lines": [], "start_line": 70, "executed_branches": [], "missing_branches": []}, "TaskGroup.__aexit__": {"executed_lines": [75], "summary": {"covered_lines": 1, "num_statements": 1, "percent_covered": 100.0, "percent_covered_display": "100", "missing_lines": 0, "excluded_lines": 0, "percent_statements_covered": 100.0, "percent_statements_covered_display": "100", "num_branches": 0, "num_partial_branches": 0, "covered_branches": 0, "missing_branches": 0, "percent_branches_covered": 100.0, "percent_branches_covered_display": "100"}, "missing_lines": [], "excluded_lines": [], "start_line": 74, "executed_branches": [], "missing_branches": []}, "": {"executed_lines": [1, 3, 4, 5, 6, 7, 9, 10, 12, 13, 14, 15, 18, 37, 38, 42, 67, 70, 74], "summary": {"covered_lines": 19, "num_statements": 19, "percent_covered": 100.0, "percent_covered_display": "100", "missing_lines": 0, "excluded_lines": 0, "percent_statements_covered": 100.0, "percent_statements_covered_display": "100", "num_branches": 0, "num_partial_branches": 0, "covered_branches": 0, "missing_branches": 0, "percent_branches_covered": 100.0, "percent_branches_covered_display": "100"}, "missing_lines": [], "excluded_lines": [], "start_line": 1, "executed_branches": [], "missing_branches": []}}, "classes": {"TaskGroup": {"executed_lines": [39, 40, 68, 71, 72, 75], "summary": {"covered_lines": 6, "num_statements": 12, "percent_covered": 50.0, "percent_covered_display": "50", "missing_lines": 6, "excluded_lines": 0, "percent_statements_covered": 50.0, "percent_statements_covered_display": "50", "num_branches": 0, "num_partial_branches": 0, "covered_branches": 0, "missing_branches": 0, "percent_branches_covered": 100.0, "percent_branches_covered_display": "100"}, "missing_lines": [49, 51, 52, 53, 55, 65], "excluded_lines": [], "start_line": 37, "executed_branches": [], "missing_branches": []}, "": {"executed_lines": [1, 3, 4, 5, 6, 7, 9, 10, 12, 13, 14, 15, 18, 37, 38, 42, 67, 70, 74], "summary": {"covered_lines": 19, "num_statements": 26, "percent_covered": 73.07692307692308, "percent_covered_display": "73", "missing_lines": 7, "excluded_lines": 0, "percent_statements_covered": 73.07692307692308, "percent_statements_covered_display": "73", "num_branches": 0, "num_partial_branches": 0, "covered_branches": 0, "missing_branches": 0, "percent_branches_covered": 100.0, "percent_branches_covered_display": "100"}, "missing_lines": [27, 28, 29, 30, 31, 32, 34], "excluded_lines": [], "start_line": 1, "executed_branches": [], "missing_branches": []}}}, "src/hypercorn/asyncio/tcp_server.py": {"executed_lines": [1, 3, 4, 5, 6, 8, 9, 10, 11, 12, 13, 14, 16, 19, 20, 41, 44, 79, 95, 112, 132, 136], "summary": {"covered_lines": 22, "num_statements": 89, "percent_covered": 21.782178217821784, "percent_covered_display": "22", "missing_lines": 67, "excluded_lines": 0, "percent_statements_covered": 24.719101123595507, "percent_statements_covered_display": "25", "num_branches": 12, "num_partial_branches": 0, "covered_branches": 0, "missing_branches": 12, "percent_branches_covered": 0.0, "percent_branches_covered_display": "0"}, "missing_lines": [30, 31, 32, 33, 34, 35, 36, 37, 38, 39, 42, 45, 46, 47, 48, 49, 50, 51, 52, 54, 55, 57, 58, 59, 71, 72, 73, 74, 75, 77, 80, 81, 82, 83, 84, 85, 86, 87, 88, 89, 90, 91, 93, 96, 97, 98, 99, 106, 108, 110, 113, 114, 115, 116, 118, 119, 120, 121, 128, 130, 133, 134, 137, 138, 139, 140, 141], "excluded_lines": [], "executed_branches": [], "missing_branches": [[50, 51], [50, 54], [80, 81], [80, 87], [87, 88], [87, 89], [89, -79], [89, 90], [90, 91], [90, 93], [96, 97], [96, 110]], "functions": {"TCPServer.__init__": {"executed_lines": [], "summary": {"covered_lines": 0, "num_statements": 10, "percent_covered": 0.0, "percent_covered_display": "0", "missing_lines": 10, "excluded_lines": 0, "percent_statements_covered": 0.0, "percent_statements_covered_display": "0", "num_branches": 0, "num_partial_branches": 0, "covered_branches": 0, "missing_branches": 0, "percent_branches_covered": 100.0, "percent_branches_covered_display": "100"}, "missing_lines": [30, 31, 32, 33, 34, 35, 36, 37, 38, 39], "excluded_lines": [], "start_line": 20, "executed_branches": [], "missing_branches": []}, "TCPServer.__await__": {"executed_lines": [], "summary": {"covered_lines": 0, "num_statements": 1, "percent_covered": 0.0, "percent_covered_display": "0", "missing_lines": 1, "excluded_lines": 0, "percent_statements_covered": 0.0, "percent_statements_covered_display": "0", "num_branches": 0, "num_partial_branches": 0, "covered_branches": 0, "missing_branches": 0, "percent_branches_covered": 100.0, "percent_branches_covered_display": "100"}, "missing_lines": [42], "excluded_lines": [], "start_line": 41, "executed_branches": [], "missing_branches": []}, "TCPServer.run": {"executed_lines": [], "summary": {"covered_lines": 0, "num_statements": 19, "percent_covered": 0.0, "percent_covered_display": "0", "missing_lines": 19, "excluded_lines": 0, "percent_statements_covered": 0.0, "percent_statements_covered_display": "0", "num_branches": 2, "num_partial_branches": 0, "covered_branches": 0, "missing_branches": 2, "percent_branches_covered": 0.0, "percent_branches_covered_display": "0"}, "missing_lines": [45, 46, 47, 48, 49, 50, 51, 52, 54, 55, 57, 58, 59, 71, 72, 73, 74, 75, 77], "excluded_lines": [], "start_line": 44, "executed_branches": [], "missing_branches": [[50, 51], [50, 54]]}, "TCPServer.protocol_send": {"executed_lines": [], "summary": {"covered_lines": 0, "num_statements": 13, "percent_covered": 0.0, "percent_covered_display": "0", "missing_lines": 13, "excluded_lines": 0, "percent_statements_covered": 0.0, "percent_statements_covered_display": "0", "num_branches": 8, "num_partial_branches": 0, "covered_branches": 0, "missing_branches": 8, "percent_branches_covered": 0.0, "percent_branches_covered_display": "0"}, "missing_lines": [80, 81, 82, 83, 84, 85, 86, 87, 88, 89, 90, 91, 93], "excluded_lines": [], "start_line": 79, "executed_branches": [], "missing_branches": [[80, 81], [80, 87], [87, 88], [87, 89], [89, -79], [89, 90], [90, 91], [90, 93]]}, "TCPServer._read_data": {"executed_lines": [], "summary": {"covered_lines": 0, "num_statements": 7, "percent_covered": 0.0, "percent_covered_display": "0", "missing_lines": 7, "excluded_lines": 0, "percent_statements_covered": 0.0, "percent_statements_covered_display": "0", "num_branches": 2, "num_partial_branches": 0, "covered_branches": 0, "missing_branches": 2, "percent_branches_covered": 0.0, "percent_branches_covered_display": "0"}, "missing_lines": [96, 97, 98, 99, 106, 108, 110], "excluded_lines": [], "start_line": 95, "executed_branches": [], "missing_branches": [[96, 97], [96, 110]]}, "TCPServer._close": {"executed_lines": [], "summary": {"covered_lines": 0, "num_statements": 10, "percent_covered": 0.0, "percent_covered_display": "0", "missing_lines": 10, "excluded_lines": 0, "percent_statements_covered": 0.0, "percent_statements_covered_display": "0", "num_branches": 0, "num_partial_branches": 0, "covered_branches": 0, "missing_branches": 0, "percent_branches_covered": 100.0, "percent_branches_covered_display": "100"}, "missing_lines": [113, 114, 115, 116, 118, 119, 120, 121, 128, 130], "excluded_lines": [], "start_line": 112, "executed_branches": [], "missing_branches": []}, "TCPServer._initiate_server_close": {"executed_lines": [], "summary": {"covered_lines": 0, "num_statements": 2, "percent_covered": 0.0, "percent_covered_display": "0", "missing_lines": 2, "excluded_lines": 0, "percent_statements_covered": 0.0, "percent_statements_covered_display": "0", "num_branches": 0, "num_partial_branches": 0, "covered_branches": 0, "missing_branches": 0, "percent_branches_covered": 100.0, "percent_branches_covered_display": "100"}, "missing_lines": [133, 134], "excluded_lines": [], "start_line": 132, "executed_branches": [], "missing_branches": []}, "TCPServer._idle_timeout": {"executed_lines": [], "summary": {"covered_lines": 0, "num_statements": 5, "percent_covered": 0.0, "percent_covered_display": "0", "missing_lines": 5, "excluded_lines": 0, "percent_statements_covered": 0.0, "percent_statements_covered_display": "0", "num_branches": 0, "num_partial_branches": 0, "covered_branches": 0, "missing_branches": 0, "percent_branches_covered": 100.0, "percent_branches_covered_display": "100"}, "missing_lines": [137, 138, 139, 140, 141], "excluded_lines": [], "start_line": 136, "executed_branches": [], "missing_branches": []}, "": {"executed_lines": [1, 3, 4, 5, 6, 8, 9, 10, 11, 12, 13, 14, 16, 19, 20, 41, 44, 79, 95, 112, 132, 136], "summary": {"covered_lines": 22, "num_statements": 22, "percent_covered": 100.0, "percent_covered_display": "100", "missing_lines": 0, "excluded_lines": 0, "percent_statements_covered": 100.0, "percent_statements_covered_display": "100", "num_branches": 0, "num_partial_branches": 0, "covered_branches": 0, "missing_branches": 0, "percent_branches_covered": 100.0, "percent_branches_covered_display": "100"}, "missing_lines": [], "excluded_lines": [], "start_line": 1, "executed_branches": [], "missing_branches": []}}, "classes": {"TCPServer": {"executed_lines": [], "summary": {"covered_lines": 0, "num_statements": 67, "percent_covered": 0.0, "percent_covered_display": "0", "missing_lines": 67, "excluded_lines": 0, "percent_statements_covered": 0.0, "percent_statements_covered_display": "0", "num_branches": 12, "num_partial_branches": 0, "covered_branches": 0, "missing_branches": 12, "percent_branches_covered": 0.0, "percent_branches_covered_display": "0"}, "missing_lines": [30, 31, 32, 33, 34, 35, 36, 37, 38, 39, 42, 45, 46, 47, 48, 49, 50, 51, 52, 54, 55, 57, 58, 59, 71, 72, 73, 74, 75, 77, 80, 81, 82, 83, 84, 85, 86, 87, 88, 89, 90, 91, 93, 96, 97, 98, 99, 106, 108, 110, 113, 114, 115, 116, 118, 119, 120, 121, 128, 130, 133, 134, 137, 138, 139, 140, 141], "excluded_lines": [], "start_line": 19, "executed_branches": [], "missing_branches": [[50, 51], [50, 54], [80, 81], [80, 87], [87, 88], [87, 89], [89, -79], [89, 90], [90, 91], [90, 93], [96, 97], [96, 110]]}, "": {"executed_lines": [1, 3, 4, 5, 6, 8, 9, 10, 11, 12, 13, 14, 16, 19, 20, 41, 44, 79, 95, 112, 132, 136], "summary": {"covered_lines": 22, "num_statements": 22, "percent_covered": 100.0, "percent_covered_display": "100", "missing_lines": 0, "excluded_lines": 0, "percent_statements_covered": 100.0, "percent_statements_covered_display": "100", "num_branches": 0, "num_partial_branches": 0, "covered_branches": 0, "missing_branches": 0, "percent_branches_covered": 100.0, "percent_branches_covered_display": "100"}, "missing_lines": [], "excluded_lines": [], "start_line": 1, "executed_branches": [], "missing_branches": []}}}, "src/hypercorn/asyncio/udp_server.py": {"executed_lines": [1, 3, 4, 6, 7, 8, 9, 10, 11, 18, 19, 36, 39, 45, 66], "summary": {"covered_lines": 15, "num_statements": 38, "percent_covered": 35.714285714285715, "percent_covered_display": "36", "missing_lines": 23, "excluded_lines": 2, "percent_statements_covered": 39.473684210526315, "percent_statements_covered_display": "39", "num_branches": 4, "num_partial_branches": 0, "covered_branches": 0, "missing_branches": 4, "percent_branches_covered": 0.0, "percent_branches_covered_display": "0"}, "missing_lines": [27, 28, 29, 30, 31, 32, 33, 34, 37, 40, 41, 42, 43, 47, 49, 50, 51, 52, 62, 63, 64, 67, 68], "excluded_lines": [13, 15], "executed_branches": [], "missing_branches": [[62, -45], [62, 63], [67, -66], [67, 68]], "functions": {"UDPServer.__init__": {"executed_lines": [], "summary": {"covered_lines": 0, "num_statements": 8, "percent_covered": 0.0, "percent_covered_display": "0", "missing_lines": 8, "excluded_lines": 0, "percent_statements_covered": 0.0, "percent_statements_covered_display": "0", "num_branches": 0, "num_partial_branches": 0, "covered_branches": 0, "missing_branches": 0, "percent_branches_covered": 100.0, "percent_branches_covered_display": "100"}, "missing_lines": [27, 28, 29, 30, 31, 32, 33, 34], "excluded_lines": [], "start_line": 19, "executed_branches": [], "missing_branches": []}, "UDPServer.connection_made": {"executed_lines": [], "summary": {"covered_lines": 0, "num_statements": 1, "percent_covered": 0.0, "percent_covered_display": "0", "missing_lines": 1, "excluded_lines": 0, "percent_statements_covered": 0.0, "percent_statements_covered_display": "0", "num_branches": 0, "num_partial_branches": 0, "covered_branches": 0, "missing_branches": 0, "percent_branches_covered": 100.0, "percent_branches_covered_display": "100"}, "missing_lines": [37], "excluded_lines": [], "start_line": 36, "executed_branches": [], "missing_branches": []}, "UDPServer.datagram_received": {"executed_lines": [], "summary": {"covered_lines": 0, "num_statements": 4, "percent_covered": 0.0, "percent_covered_display": "0", "missing_lines": 4, "excluded_lines": 0, "percent_statements_covered": 0.0, "percent_statements_covered_display": "0", "num_branches": 0, "num_partial_branches": 0, "covered_branches": 0, "missing_branches": 0, "percent_branches_covered": 100.0, "percent_branches_covered_display": "100"}, "missing_lines": [40, 41, 42, 43], "excluded_lines": [], "start_line": 39, "executed_branches": [], "missing_branches": []}, "UDPServer.run": {"executed_lines": [], "summary": {"covered_lines": 0, "num_statements": 8, "percent_covered": 0.0, "percent_covered_display": "0", "missing_lines": 8, "excluded_lines": 0, "percent_statements_covered": 0.0, "percent_statements_covered_display": "0", "num_branches": 2, "num_partial_branches": 0, "covered_branches": 0, "missing_branches": 2, "percent_branches_covered": 0.0, "percent_branches_covered_display": "0"}, "missing_lines": [47, 49, 50, 51, 52, 62, 63, 64], "excluded_lines": [], "start_line": 45, "executed_branches": [], "missing_branches": [[62, -45], [62, 63]]}, "UDPServer.protocol_send": {"executed_lines": [], "summary": {"covered_lines": 0, "num_statements": 2, "percent_covered": 0.0, "percent_covered_display": "0", "missing_lines": 2, "excluded_lines": 0, "percent_statements_covered": 0.0, "percent_statements_covered_display": "0", "num_branches": 2, "num_partial_branches": 0, "covered_branches": 0, "missing_branches": 2, "percent_branches_covered": 0.0, "percent_branches_covered_display": "0"}, "missing_lines": [67, 68], "excluded_lines": [], "start_line": 66, "executed_branches": [], "missing_branches": [[67, -66], [67, 68]]}, "": {"executed_lines": [1, 3, 4, 6, 7, 8, 9, 10, 11, 18, 19, 36, 39, 45, 66], "summary": {"covered_lines": 15, "num_statements": 15, "percent_covered": 100.0, "percent_covered_display": "100", "missing_lines": 0, "excluded_lines": 2, "percent_statements_covered": 100.0, "percent_statements_covered_display": "100", "num_branches": 0, "num_partial_branches": 0, "covered_branches": 0, "missing_branches": 0, "percent_branches_covered": 100.0, "percent_branches_covered_display": "100"}, "missing_lines": [], "excluded_lines": [13, 15], "start_line": 1, "executed_branches": [], "missing_branches": []}}, "classes": {"UDPServer": {"executed_lines": [], "summary": {"covered_lines": 0, "num_statements": 23, "percent_covered": 0.0, "percent_covered_display": "0", "missing_lines": 23, "excluded_lines": 0, "percent_statements_covered": 0.0, "percent_statements_covered_display": "0", "num_branches": 4, "num_partial_branches": 0, "covered_branches": 0, "missing_branches": 4, "percent_branches_covered": 0.0, "percent_branches_covered_display": "0"}, "missing_lines": [27, 28, 29, 30, 31, 32, 33, 34, 37, 40, 41, 42, 43, 47, 49, 50, 51, 52, 62, 63, 64, 67, 68], "excluded_lines": [], "start_line": 18, "executed_branches": [], "missing_branches": [[62, -45], [62, 63], [67, -66], [67, 68]]}, "": {"executed_lines": [1, 3, 4, 6, 7, 8, 9, 10, 11, 18, 19, 36, 39, 45, 66], "summary": {"covered_lines": 15, "num_statements": 15, "percent_covered": 100.0, "percent_covered_display": "100", "missing_lines": 0, "excluded_lines": 2, "percent_statements_covered": 100.0, "percent_statements_covered_display": "100", "num_branches": 0, "num_partial_branches": 0, "covered_branches": 0, "missing_branches": 0, "percent_branches_covered": 100.0, "percent_branches_covered_display": "100"}, "missing_lines": [], "excluded_lines": [13, 15], "start_line": 1, "executed_branches": [], "missing_branches": []}}}, "src/hypercorn/asyncio/worker_context.py": {"executed_lines": [1, 3, 4, 6, 9, 10, 14, 25, 37, 38, 41, 44, 47, 50, 54, 55, 56, 58, 64, 72, 73, 76, 77], "summary": {"covered_lines": 23, "num_statements": 57, "percent_covered": 35.38461538461539, "percent_covered_display": "35", "missing_lines": 34, "excluded_lines": 0, "percent_statements_covered": 40.35087719298246, "percent_statements_covered_display": "40", "num_branches": 8, "num_partial_branches": 0, "covered_branches": 0, "missing_branches": 8, "percent_branches_covered": 0.0, "percent_branches_covered_display": "0"}, "missing_lines": [11, 12, 15, 16, 17, 18, 19, 20, 21, 23, 26, 27, 28, 29, 30, 31, 32, 34, 39, 42, 45, 48, 51, 59, 60, 61, 62, 65, 66, 68, 69, 70, 74, 78], "excluded_lines": [], "executed_branches": [], "missing_branches": [[16, 17], [16, 23], [27, 28], [27, 34], [65, 66], [65, 68], [69, -64], [69, 70]], "functions": {"AsyncioSingleTask.__init__": {"executed_lines": [], "summary": {"covered_lines": 0, "num_statements": 2, "percent_covered": 0.0, "percent_covered_display": "0", "missing_lines": 2, "excluded_lines": 0, "percent_statements_covered": 0.0, "percent_statements_covered_display": "0", "num_branches": 0, "num_partial_branches": 0, "covered_branches": 0, "missing_branches": 0, "percent_branches_covered": 100.0, "percent_branches_covered_display": "100"}, "missing_lines": [11, 12], "excluded_lines": [], "start_line": 10, "executed_branches": [], "missing_branches": []}, "AsyncioSingleTask.restart": {"executed_lines": [], "summary": {"covered_lines": 0, "num_statements": 8, "percent_covered": 0.0, "percent_covered_display": "0", "missing_lines": 8, "excluded_lines": 0, "percent_statements_covered": 0.0, "percent_statements_covered_display": "0", "num_branches": 2, "num_partial_branches": 0, "covered_branches": 0, "missing_branches": 2, "percent_branches_covered": 0.0, "percent_branches_covered_display": "0"}, "missing_lines": [15, 16, 17, 18, 19, 20, 21, 23], "excluded_lines": [], "start_line": 14, "executed_branches": [], "missing_branches": [[16, 17], [16, 23]]}, "AsyncioSingleTask.stop": {"executed_lines": [], "summary": {"covered_lines": 0, "num_statements": 8, "percent_covered": 0.0, "percent_covered_display": "0", "missing_lines": 8, "excluded_lines": 0, "percent_statements_covered": 0.0, "percent_statements_covered_display": "0", "num_branches": 2, "num_partial_branches": 0, "covered_branches": 0, "missing_branches": 2, "percent_branches_covered": 0.0, "percent_branches_covered_display": "0"}, "missing_lines": [26, 27, 28, 29, 30, 31, 32, 34], "excluded_lines": [], "start_line": 25, "executed_branches": [], "missing_branches": [[27, 28], [27, 34]]}, "EventWrapper.__init__": {"executed_lines": [], "summary": {"covered_lines": 0, "num_statements": 1, "percent_covered": 0.0, "percent_covered_display": "0", "missing_lines": 1, "excluded_lines": 0, "percent_statements_covered": 0.0, "percent_statements_covered_display": "0", "num_branches": 0, "num_partial_branches": 0, "covered_branches": 0, "missing_branches": 0, "percent_branches_covered": 100.0, "percent_branches_covered_display": "100"}, "missing_lines": [39], "excluded_lines": [], "start_line": 38, "executed_branches": [], "missing_branches": []}, "EventWrapper.clear": {"executed_lines": [], "summary": {"covered_lines": 0, "num_statements": 1, "percent_covered": 0.0, "percent_covered_display": "0", "missing_lines": 1, "excluded_lines": 0, "percent_statements_covered": 0.0, "percent_statements_covered_display": "0", "num_branches": 0, "num_partial_branches": 0, "covered_branches": 0, "missing_branches": 0, "percent_branches_covered": 100.0, "percent_branches_covered_display": "100"}, "missing_lines": [42], "excluded_lines": [], "start_line": 41, "executed_branches": [], "missing_branches": []}, "EventWrapper.wait": {"executed_lines": [], "summary": {"covered_lines": 0, "num_statements": 1, "percent_covered": 0.0, "percent_covered_display": "0", "missing_lines": 1, "excluded_lines": 0, "percent_statements_covered": 0.0, "percent_statements_covered_display": "0", "num_branches": 0, "num_partial_branches": 0, "covered_branches": 0, "missing_branches": 0, "percent_branches_covered": 100.0, "percent_branches_covered_display": "100"}, "missing_lines": [45], "excluded_lines": [], "start_line": 44, "executed_branches": [], "missing_branches": []}, "EventWrapper.set": {"executed_lines": [], "summary": {"covered_lines": 0, "num_statements": 1, "percent_covered": 0.0, "percent_covered_display": "0", "missing_lines": 1, "excluded_lines": 0, "percent_statements_covered": 0.0, "percent_statements_covered_display": "0", "num_branches": 0, "num_partial_branches": 0, "covered_branches": 0, "missing_branches": 0, "percent_branches_covered": 100.0, "percent_branches_covered_display": "100"}, "missing_lines": [48], "excluded_lines": [], "start_line": 47, "executed_branches": [], "missing_branches": []}, "EventWrapper.is_set": {"executed_lines": [], "summary": {"covered_lines": 0, "num_statements": 1, "percent_covered": 0.0, "percent_covered_display": "0", "missing_lines": 1, "excluded_lines": 0, "percent_statements_covered": 0.0, "percent_statements_covered_display": "0", "num_branches": 0, "num_partial_branches": 0, "covered_branches": 0, "missing_branches": 0, "percent_branches_covered": 100.0, "percent_branches_covered_display": "100"}, "missing_lines": [51], "excluded_lines": [], "start_line": 50, "executed_branches": [], "missing_branches": []}, "WorkerContext.__init__": {"executed_lines": [], "summary": {"covered_lines": 0, "num_statements": 4, "percent_covered": 0.0, "percent_covered_display": "0", "missing_lines": 4, "excluded_lines": 0, "percent_statements_covered": 0.0, "percent_statements_covered_display": "0", "num_branches": 0, "num_partial_branches": 0, "covered_branches": 0, "missing_branches": 0, "percent_branches_covered": 100.0, "percent_branches_covered_display": "100"}, "missing_lines": [59, 60, 61, 62], "excluded_lines": [], "start_line": 58, "executed_branches": [], "missing_branches": []}, "WorkerContext.mark_request": {"executed_lines": [], "summary": {"covered_lines": 0, "num_statements": 5, "percent_covered": 0.0, "percent_covered_display": "0", "missing_lines": 5, "excluded_lines": 0, "percent_statements_covered": 0.0, "percent_statements_covered_display": "0", "num_branches": 4, "num_partial_branches": 0, "covered_branches": 0, "missing_branches": 4, "percent_branches_covered": 0.0, "percent_branches_covered_display": "0"}, "missing_lines": [65, 66, 68, 69, 70], "excluded_lines": [], "start_line": 64, "executed_branches": [], "missing_branches": [[65, 66], [65, 68], [69, -64], [69, 70]]}, "WorkerContext.sleep": {"executed_lines": [], "summary": {"covered_lines": 0, "num_statements": 1, "percent_covered": 0.0, "percent_covered_display": "0", "missing_lines": 1, "excluded_lines": 0, "percent_statements_covered": 0.0, "percent_statements_covered_display": "0", "num_branches": 0, "num_partial_branches": 0, "covered_branches": 0, "missing_branches": 0, "percent_branches_covered": 100.0, "percent_branches_covered_display": "100"}, "missing_lines": [74], "excluded_lines": [], "start_line": 73, "executed_branches": [], "missing_branches": []}, "WorkerContext.time": {"executed_lines": [], "summary": {"covered_lines": 0, "num_statements": 1, "percent_covered": 0.0, "percent_covered_display": "0", "missing_lines": 1, "excluded_lines": 0, "percent_statements_covered": 0.0, "percent_statements_covered_display": "0", "num_branches": 0, "num_partial_branches": 0, "covered_branches": 0, "missing_branches": 0, "percent_branches_covered": 100.0, "percent_branches_covered_display": "100"}, "missing_lines": [78], "excluded_lines": [], "start_line": 77, "executed_branches": [], "missing_branches": []}, "": {"executed_lines": [1, 3, 4, 6, 9, 10, 14, 25, 37, 38, 41, 44, 47, 50, 54, 55, 56, 58, 64, 72, 73, 76, 77], "summary": {"covered_lines": 23, "num_statements": 23, "percent_covered": 100.0, "percent_covered_display": "100", "missing_lines": 0, "excluded_lines": 0, "percent_statements_covered": 100.0, "percent_statements_covered_display": "100", "num_branches": 0, "num_partial_branches": 0, "covered_branches": 0, "missing_branches": 0, "percent_branches_covered": 100.0, "percent_branches_covered_display": "100"}, "missing_lines": [], "excluded_lines": [], "start_line": 1, "executed_branches": [], "missing_branches": []}}, "classes": {"AsyncioSingleTask": {"executed_lines": [], "summary": {"covered_lines": 0, "num_statements": 18, "percent_covered": 0.0, "percent_covered_display": "0", "missing_lines": 18, "excluded_lines": 0, "percent_statements_covered": 0.0, "percent_statements_covered_display": "0", "num_branches": 4, "num_partial_branches": 0, "covered_branches": 0, "missing_branches": 4, "percent_branches_covered": 0.0, "percent_branches_covered_display": "0"}, "missing_lines": [11, 12, 15, 16, 17, 18, 19, 20, 21, 23, 26, 27, 28, 29, 30, 31, 32, 34], "excluded_lines": [], "start_line": 9, "executed_branches": [], "missing_branches": [[16, 17], [16, 23], [27, 28], [27, 34]]}, "EventWrapper": {"executed_lines": [], "summary": {"covered_lines": 0, "num_statements": 5, "percent_covered": 0.0, "percent_covered_display": "0", "missing_lines": 5, "excluded_lines": 0, "percent_statements_covered": 0.0, "percent_statements_covered_display": "0", "num_branches": 0, "num_partial_branches": 0, "covered_branches": 0, "missing_branches": 0, "percent_branches_covered": 100.0, "percent_branches_covered_display": "100"}, "missing_lines": [39, 42, 45, 48, 51], "excluded_lines": [], "start_line": 37, "executed_branches": [], "missing_branches": []}, "WorkerContext": {"executed_lines": [], "summary": {"covered_lines": 0, "num_statements": 11, "percent_covered": 0.0, "percent_covered_display": "0", "missing_lines": 11, "excluded_lines": 0, "percent_statements_covered": 0.0, "percent_statements_covered_display": "0", "num_branches": 4, "num_partial_branches": 0, "covered_branches": 0, "missing_branches": 4, "percent_branches_covered": 0.0, "percent_branches_covered_display": "0"}, "missing_lines": [59, 60, 61, 62, 65, 66, 68, 69, 70, 74, 78], "excluded_lines": [], "start_line": 54, "executed_branches": [], "missing_branches": [[65, 66], [65, 68], [69, -64], [69, 70]]}, "": {"executed_lines": [1, 3, 4, 6, 9, 10, 14, 25, 37, 38, 41, 44, 47, 50, 54, 55, 56, 58, 64, 72, 73, 76, 77], "summary": {"covered_lines": 23, "num_statements": 23, "percent_covered": 100.0, "percent_covered_display": "100", "missing_lines": 0, "excluded_lines": 0, "percent_statements_covered": 100.0, "percent_statements_covered_display": "100", "num_branches": 0, "num_partial_branches": 0, "covered_branches": 0, "missing_branches": 0, "percent_branches_covered": 100.0, "percent_branches_covered_display": "100"}, "missing_lines": [], "excluded_lines": [], "start_line": 1, "executed_branches": [], "missing_branches": []}}}, "src/hypercorn/config.py": {"executed_lines": [1, 3, 4, 5, 6, 7, 8, 9, 10, 11, 12, 13, 14, 23, 24, 25, 27, 30, 32, 34, 35, 36, 38, 39, 42, 43, 44, 45, 46, 49, 50, 57, 58, 59, 60, 61, 62, 63, 65, 66, 67, 68, 69, 70, 71, 72, 73, 74, 75, 76, 77, 78, 79, 80, 81, 82, 83, 84, 85, 86, 87, 88, 89, 90, 91, 92, 93, 94, 95, 96, 97, 98, 99, 100, 101, 102, 103, 104, 105, 106, 107, 108, 109, 110, 111, 112, 113, 114, 115, 117, 121, 123, 124, 129, 130, 131, 133, 134, 135, 136, 140, 141, 144, 145, 151, 152, 155, 156, 162, 163, 166, 167, 170, 196, 197, 200, 212, 224, 285, 286, 287, 289, 290, 292, 294, 302, 304, 308, 309, 328, 329, 330, 331, 332, 333, 334, 335, 339, 341, 342, 352, 353, 354, 355, 356, 358, 359, 371, 372, 373, 374, 376, 377, 397, 398, 399, 405, 410], "summary": {"covered_lines": 158, "num_statements": 273, "percent_covered": 49.56268221574344, "percent_covered_display": "50", "missing_lines": 115, "excluded_lines": 0, "percent_statements_covered": 57.875457875457876, "percent_statements_covered_display": "58", "num_branches": 70, "num_partial_branches": 6, "covered_branches": 12, "missing_branches": 58, "percent_branches_covered": 17.142857142857142, "percent_branches_covered_display": "17"}, "missing_lines": [28, 51, 118, 119, 125, 126, 127, 138, 142, 146, 147, 149, 153, 157, 158, 160, 164, 168, 171, 172, 174, 175, 176, 177, 178, 180, 181, 187, 188, 189, 190, 191, 192, 194, 198, 201, 202, 203, 204, 205, 207, 208, 209, 210, 213, 214, 215, 216, 217, 219, 227, 228, 229, 230, 231, 232, 233, 234, 235, 236, 237, 238, 239, 240, 241, 242, 244, 245, 246, 247, 248, 249, 250, 252, 253, 255, 256, 257, 258, 259, 260, 262, 264, 265, 266, 267, 268, 269, 270, 271, 272, 273, 275, 277, 278, 279, 280, 281, 282, 283, 288, 293, 295, 297, 298, 299, 300, 305, 306, 336, 337, 400, 401, 402, 403], "excluded_lines": [], "executed_branches": [[27, 30], [135, 136], [287, 289], [289, 290], [289, 292], [292, 294], [294, 302], [329, 330], [333, 334], [333, 339], [397, 398], [397, 405]], "missing_branches": [[27, 28], [125, 126], [125, 127], [135, 138], [146, 147], [146, 149], [157, 158], [157, 160], [171, 172], [171, 174], [180, 181], [180, 187], [187, 188], [187, 189], [189, 190], [189, 191], [191, 192], [191, 194], [201, 202], [201, 207], [214, -212], [214, 215], [216, 217], [216, 219], [228, 229], [228, 283], [230, 231], [230, 238], [234, 235], [234, 262], [238, 239], [238, 244], [241, 242], [241, 262], [252, 253], [252, 255], [255, 256], [255, 260], [264, 265], [264, 272], [265, 266], [265, 267], [268, 269], [268, 270], [270, 271], [270, 277], [272, 273], [272, 275], [287, 288], [292, 293], [294, 295], [297, 298], [297, 302], [298, 297], [298, 299], [305, -304], [305, 306], [329, 331]], "functions": {"SocketTypeError.__init__": {"executed_lines": [], "summary": {"covered_lines": 0, "num_statements": 1, "percent_covered": 0.0, "percent_covered_display": "0", "missing_lines": 1, "excluded_lines": 0, "percent_statements_covered": 0.0, "percent_statements_covered_display": "0", "num_branches": 0, "num_partial_branches": 0, "covered_branches": 0, "missing_branches": 0, "percent_branches_covered": 100.0, "percent_branches_covered_display": "100"}, "missing_lines": [51], "excluded_lines": [], "start_line": 50, "executed_branches": [], "missing_branches": []}, "Config.set_cert_reqs": {"executed_lines": [], "summary": {"covered_lines": 0, "num_statements": 2, "percent_covered": 0.0, "percent_covered_display": "0", "missing_lines": 2, "excluded_lines": 0, "percent_statements_covered": 0.0, "percent_statements_covered_display": "0", "num_branches": 0, "num_partial_branches": 0, "covered_branches": 0, "missing_branches": 0, "percent_branches_covered": 100.0, "percent_branches_covered_display": "100"}, "missing_lines": [118, 119], "excluded_lines": [], "start_line": 117, "executed_branches": [], "missing_branches": []}, "Config.log": {"executed_lines": [], "summary": {"covered_lines": 0, "num_statements": 3, "percent_covered": 0.0, "percent_covered_display": "0", "missing_lines": 3, "excluded_lines": 0, "percent_statements_covered": 0.0, "percent_statements_covered_display": "0",
[...]
4, 15, 16, 18, 20, 22, 24, 27, 28, 29, 32, 33, 34, 35, 36, 37, 38, 39, 40, 41, 42, 43, 44, 45, 46, 49, 50, 51, 52, 53, 54, 55, 56, 57, 58, 59, 60, 61, 62, 63, 66, 67, 68, 69, 72, 73, 76, 77, 78, 79, 82, 83, 84, 85, 86, 89, 90, 91, 92, 95, 96, 97, 98, 101, 102, 103, 104, 107, 108, 109, 112, 113, 116, 117, 120, 121, 122, 123, 126, 127, 128, 129, 132, 133, 134, 135, 138, 139, 140, 141, 144, 145, 146, 147, 150, 151, 152, 155, 156, 157, 158, 161, 162, 165, 166, 169, 170, 173, 174, 175, 178, 179, 182, 183, 184, 187, 197, 215, 216, 218, 226, 227, 230, 231, 233, 236, 239, 242, 245, 255, 256, 258, 261, 264, 267, 270, 280, 281, 284, 287, 290, 293, 297, 298, 299, 300, 301, 303, 306, 307, 310, 311, 315, 316, 325, 328, 331, 335, 336, 337, 340, 341, 352, 353, 356, 359], "summary": {"covered_lines": 175, "num_statements": 175, "percent_covered": 100.0, "percent_covered_display": "100", "missing_lines": 0, "excluded_lines": 0, "percent_statements_covered": 100.0, "percent_statements_covered_display": "100", "num_branches": 0, "num_partial_branches": 0, "covered_branches": 0, "missing_branches": 0, "percent_branches_covered": 100.0, "percent_branches_covered_display": "100"}, "missing_lines": [], "excluded_lines": [], "start_line": 1, "executed_branches": [], "missing_branches": []}}}, "src/hypercorn/utils.py": {"executed_lines": [1, 3, 4, 5, 6, 7, 8, 9, 10, 11, 12, 14, 15, 16, 22, 23, 26, 27, 30, 31, 38, 39, 43, 44, 48, 49, 52, 56, 66, 81, 113, 124, 138, 152, 157, 166, 171, 180, 191, 203], "summary": {"covered_lines": 40, "num_statements": 144, "percent_covered": 20.0, "percent_covered_display": "20", "missing_lines": 104, "excluded_lines": 2, "percent_statements_covered": 27.77777777777778, "percent_statements_covered_display": "28", "num_branches": 56, "num_partial_branches": 0, "covered_branches": 0, "missing_branches": 56, "percent_branches_covered": 0.0, "percent_branches_covered_display": "0"}, "missing_lines": [32, 40, 45, 53, 58, 59, 60, 61, 62, 63, 67, 68, 69, 70, 71, 72, 73, 74, 75, 76, 77, 78, 82, 83, 84, 85, 86, 87, 88, 90, 92, 93, 94, 95, 97, 98, 99, 100, 101, 102, 104, 105, 106, 107, 108, 110, 116, 117, 118, 119, 121, 125, 126, 127, 128, 129, 130, 131, 132, 133, 134, 135, 139, 140, 141, 142, 143, 145, 146, 148, 149, 153, 154, 160, 161, 162, 163, 167, 168, 172, 173, 174, 175, 177, 181, 182, 183, 184, 185, 186, 188, 192, 193, 195, 196, 197, 198, 199, 200, 204, 205, 206, 207, 208], "excluded_lines": [18, 19], "executed_branches": [], "missing_branches": [[59, 60], [59, 63], [60, 61], [60, 62], [70, 71], [70, 77], [71, 72], [71, 73], [73, 74], [73, 75], [75, 70], [75, 76], [83, 84], [83, 85], [85, 86], [85, 90], [87, 88], [87, 92], [94, 95], [94, 97], [101, 102], [101, 104], [116, 117], [116, 118], [118, 119], [118, 121], [126, 127], [126, 135], [128, 129], [128, 130], [139, 140], [139, 149], [145, 146], [145, 148], [161, 162], [161, 163], [172, 173], [172, 174], [174, 175], [174, 177], [181, 182], [181, 183], [183, 184], [183, 185], [185, 186], [185, 188], [192, 193], [192, 195], [196, 197], [196, 200], [197, 196], [197, 198], [204, 205], [204, 206], [206, 207], [206, 208]], "functions": {"LifespanTimeoutError.__init__": {"executed_lines": [], "summary": {"covered_lines": 0, "num_statements": 1, "percent_covered": 0.0, "percent_covered_display": "0", "missing_lines": 1, "excluded_lines": 0, "percent_statements_covered": 0.0, "percent_statements_covered_display": "0", "num_branches": 0, "num_partial_branches": 0, "covered_branches": 0, "missing_branches": 0, "percent_branches_covered": 100.0, "percent_branches_covered_display": "100"}, "missing_lines": [32], "excluded_lines": [], "start_line": 31, "executed_branches": [], "missing_branches": []}, "LifespanFailureError.__init__": {"executed_lines": [], "summary": {"covered_lines": 0, "num_statements": 1, "percent_covered": 0.0, "percent_covered_display": "0", "missing_lines": 1, "excluded_lines": 0, "percent_statements_covered": 0.0, "percent_statements_covered_display": "0", "num_branches": 0, "num_partial_branches": 0, "covered_branches": 0, "missing_branches": 0, "percent_branches_covered": 100.0, "percent_branches_covered_display": "100"}, "missing_lines": [40], "excluded_lines": [], "start_line": 39, "executed_branches": [], "missing_branches": []}, "UnexpectedMessageError.__init__": {"executed_lines": [], "summary": {"covered_lines": 0, "num_statements": 1, "percent_covered": 0.0, "percent_covered_display": "0", "missing_lines": 1, "excluded_lines": 0, "percent_statements_covered": 0.0, "percent_statements_covered_display": "0", "num_branches": 0, "num_partial_branches": 0, "covered_branches": 0, "missing_branches": 0, "percent_branches_covered": 100.0, "percent_branches_covered_display": "100"}, "missing_lines": [45], "excluded_lines": [], "start_line": 44, "executed_branches": [], "missing_branches": []}, "suppress_body": {"executed_lines": [], "summary": {"covered_lines": 0, "num_statements": 1, "percent_covered": 0.0, "percent_covered_display": "0", "missing_lines": 1, "excluded_lines": 0, "percent_statements_covered": 0.0, "percent_statements_covered_display": "0", "num_branches": 0, "num_partial_branches": 0, "covered_branches": 0, "missing_branches": 0, "percent_branches_covered": 100.0, "percent_branches_covered_display": "100"}, "missing_lines": [53], "excluded_lines": [], "start_line": 52, "executed_branches": [], "missing_branches": []}, "build_and_validate_headers": {"executed_lines": [], "summary": {"covered_lines": 0, "num_statements": 6, "percent_covered": 0.0, "percent_covered_display": "0", "missing_lines": 6, "excluded_lines": 0, "percent_statements_covered": 0.0, "percent_statements_covered_display": "0", "num_branches": 4, "num_partial_branches": 0, "covered_branches": 0, "missing_branches": 4, "percent_branches_covered": 0.0, "percent_branches_covered_display": "0"}, "missing_lines": [58, 59, 60, 61, 62, 63], "excluded_lines": [], "start_line": 56, "executed_branches": [], "missing_branches": [[59, 60], [59, 63], [60, 61], [60, 62]]}, "filter_pseudo_headers": {"executed_lines": [], "summary": {"covered_lines": 0, "num_statements": 12, "percent_covered": 0.0, "percent_covered_display": "0", "missing_lines": 12, "excluded_lines": 0, "percent_statements_covered": 0.0, "percent_statements_covered_display": "0", "num_branches": 8, "num_partial_branches": 0, "covered_branches": 0, "missing_branches": 8, "percent_branches_covered": 0.0, "percent_branches_covered_display": "0"}, "missing_lines": [67, 68, 69, 70, 71, 72, 73, 74, 75, 76, 77, 78], "excluded_lines": [], "start_line": 66, "executed_branches": [], "missing_branches": [[70, 71], [70, 77], [71, 72], [71, 73], [73, 74], [73, 75], [75, 70], [75, 76]]}, "load_application": {"executed_lines": [], "summary": {"covered_lines": 0, "num_statements": 24, "percent_covered": 0.0, "percent_covered_display": "0", "missing_lines": 24, "excluded_lines": 0, "percent_statements_covered": 0.0, "percent_statements_covered_display": "0", "num_branches": 10, "num_partial_branches": 0, "covered_branches": 0, "missing_branches": 10, "percent_branches_covered": 0.0, "percent_branches_covered_display": "0"}, "missing_lines": [82, 83, 84, 85, 86, 87, 88, 90, 92, 93, 94, 95, 97, 98, 99, 100, 101, 102, 104, 105, 106, 107, 108, 110], "excluded_lines": [], "start_line": 81, "executed_branches": [], "missing_branches": [[83, 84], [83, 85], [85, 86], [85, 90], [87, 88], [87, 92], [94, 95], [94, 97], [101, 102], [101, 104]]}, "wrap_app": {"executed_lines": [], "summary": {"covered_lines": 0, "num_statements": 5, "percent_covered": 0.0, "percent_covered_display": "0", "missing_lines": 5, "excluded_lines": 0, "percent_statements_covered": 0.0, "percent_statements_covered_display": "0", "num_branches": 4, "num_partial_branches": 0, "covered_branches": 0, "missing_branches": 4, "percent_branches_covered": 0.0, "percent_branches_covered_display": "0"}, "missing_lines": [116, 117, 118, 119, 121], "excluded_lines": [], "start_line": 113, "executed_branches": [], "missing_branches": [[116, 117], [116, 118], [118, 119], [118, 121]]}, "files_to_watch": {"executed_lines": [], "summary": {"covered_lines": 0, "num_statements": 11, "percent_covered": 0.0, "percent_covered_display": "0", "missing_lines": 11, "excluded_lines": 0, "percent_statements_covered": 0.0, "percent_statements_covered_display": "0", "num_branches": 4, "num_partial_branches": 0, "covered_branches": 0, "missing_branches": 4, "percent_branches_covered": 0.0, "percent_branches_covered_display": "0"}, "missing_lines": [125, 126, 127, 128, 129, 130, 131, 132, 133, 134, 135], "excluded_lines": [], "start_line": 124, "executed_branches": [], "missing_branches": [[126, 127], [126, 135], [128, 129], [128, 130]]}, "check_for_updates": {"executed_lines": [], "summary": {"covered_lines": 0, "num_statements": 9, "percent_covered": 0.0, "percent_covered_display": "0", "missing_lines": 9, "excluded_lines": 0, "percent_statements_covered": 0.0, "percent_statements_covered_display": "0", "num_branches": 4, "num_partial_branches": 0, "covered_branches": 0, "missing_branches": 4, "percent_branches_covered": 0.0, "percent_branches_covered_display": "0"}, "missing_lines": [139, 140, 141, 142, 143, 145, 146, 148, 149], "excluded_lines": [], "start_line": 138, "executed_branches": [], "missing_branches": [[139, 140], [139, 149], [145, 146], [145, 148]]}, "raise_shutdown": {"executed_lines": [], "summary": {"covered_lines": 0, "num_statements": 2, "percent_covered": 0.0, "percent_covered_display": "0", "missing_lines": 2, "excluded_lines": 0, "percent_statements_covered": 0.0, "percent_statements_covered_display": "0", "num_branches": 0, "num_partial_branches": 0, "covered_branches": 0, "missing_branches": 0, "percent_branches_covered": 100.0, "percent_branches_covered_display": "100"}, "missing_lines": [153, 154], "excluded_lines": [], "start_line": 152, "executed_branches": [], "missing_branches": []}, "check_multiprocess_shutdown_event": {"executed_lines": [], "summary": {"covered_lines": 0, "num_statements": 4, "percent_covered": 0.0, "percent_covered_display": "0", "missing_lines": 4, "excluded_lines": 0, "percent_statements_covered": 0.0, "percent_statements_covered_display": "0", "num_branches": 2, "num_partial_branches": 0, "covered_branches": 0, "missing_branches": 2, "percent_branches_covered": 0.0, "percent_branches_covered_display": "0"}, "missing_lines": [160, 161, 162, 163], "excluded_lines": [], "start_line": 157, "executed_branches": [], "missing_branches": [[161, 162], [161, 163]]}, "write_pid_file": {"executed_lines": [], "summary": {"covered_lines": 0, "num_statements": 2, "percent_covered": 0.0, "percent_covered_display": "0", "missing_lines": 2, "excluded_lines": 0, "percent_statements_covered": 0.0, "percent_statements_covered_display": "0", "num_branches": 0, "num_partial_branches": 0, "covered_branches": 0, "missing_branches": 0, "percent_branches_covered": 100.0, "percent_branches_covered_display": "100"}, "missing_lines": [167, 168], "excluded_lines": [], "start_line": 166, "executed_branches": [], "missing_branches": []}, "parse_socket_addr": {"executed_lines": [], "summary": {"covered_lines": 0, "num_statements": 5, "percent_covered": 0.0, "percent_covered_display": "0", "missing_lines": 5, "excluded_lines": 0, "percent_statements_covered": 0.0, "percent_statements_covered_display": "0", "num_branches": 4, "num_partial_branches": 0, "covered_branches": 0, "missing_branches": 4, "percent_branches_covered": 0.0, "percent_branches_covered_display": "0"}, "missing_lines": [172, 173, 174, 175, 177], "excluded_lines": [], "start_line": 171, "executed_branches": [], "missing_branches": [[172, 173], [172, 174], [174, 175], [174, 177]]}, "repr_socket_addr": {"executed_lines": [], "summary": {"covered_lines": 0, "num_statements": 7, "percent_covered": 0.0, "percent_covered_display": "0", "missing_lines": 7, "excluded_lines": 0, "percent_statements_covered": 0.0, "percent_statements_covered_display": "0", "num_branches": 6, "num_partial_branches": 0, "covered_branches": 0, "missing_branches": 6, "percent_branches_covered": 0.0, "percent_branches_covered_display": "0"}, "missing_lines": [181, 182, 183, 184, 185, 186, 188], "excluded_lines": [], "start_line": 180, "executed_branches": [], "missing_branches": [[181, 182], [181, 183], [183, 184], [183, 185], [185, 186], [185, 188]]}, "valid_server_name": {"executed_lines": [], "summary": {"covered_lines": 0, "num_statements": 8, "percent_covered": 0.0, "percent_covered_display": "0", "missing_lines": 8, "excluded_lines": 0, "percent_statements_covered": 0.0, "percent_statements_covered_display": "0", "num_branches": 6, "num_partial_branches": 0, "covered_branches": 0, "missing_branches": 6, "percent_branches_covered": 0.0, "percent_branches_covered_display": "0"}, "missing_lines": [192, 193, 195, 196, 197, 198, 199, 200], "excluded_lines": [], "start_line": 191, "executed_branches": [], "missing_branches": [[192, 193], [192, 195], [196, 197], [196, 200], [197, 196], [197, 198]]}, "is_asgi": {"executed_lines": [], "summary": {"covered_lines": 0, "num_statements": 5, "percent_covered": 0.0, "percent_covered_display": "0", "missing_lines": 5, "excluded_lines": 0, "percent_statements_covered": 0.0, "percent_statements_covered_display": "0", "num_branches": 4, "num_partial_branches": 0, "covered_branches": 0, "missing_branches": 4, "percent_branches_covered": 0.0, "percent_branches_covered_display": "0"}, "missing_lines": [204, 205, 206, 207, 208], "excluded_lines": [], "start_line": 203, "executed_branches": [], "missing_branches": [[204, 205], [204, 206], [206, 207], [206, 208]]}, "": {"executed_lines": [1, 3, 4, 5, 6, 7, 8, 9, 10, 11, 12, 14, 15, 16, 22, 23, 26, 27, 30, 31, 38, 39, 43, 44, 48, 49, 52, 56, 66, 81, 113, 124, 138, 152, 157, 166, 171, 180, 191, 203], "summary": {"covered_lines": 40, "num_statements": 40, "percent_covered": 100.0, "percent_covered_display": "100", "missing_lines": 0, "excluded_lines": 2, "percent_statements_covered": 100.0, "percent_statements_covered_display": "100", "num_branches": 0, "num_partial_branches": 0, "covered_branches": 0, "missing_branches": 0, "percent_branches_covered": 100.0, "percent_branches_covered_display": "100"}, "missing_lines": [], "excluded_lines": [18, 19], "start_line": 1, "executed_branches": [], "missing_branches": []}}, "classes": {"ShutdownError": {"executed_lines": [], "summary": {"covered_lines": 0, "num_statements": 0, "percent_covered": 100.0, "percent_covered_display": "100", "missing_lines": 0, "excluded_lines": 0, "percent_statements_covered": 100.0, "percent_statements_covered_display": "100", "num_branches": 0, "num_partial_branches": 0, "covered_branches": 0, "missing_branches": 0, "percent_branches_covered": 100.0, "percent_branches_covered_display": "100"}, "missing_lines": [], "excluded_lines": [], "start_line": 22, "executed_branches": [], "missing_branches": []}, "NoAppError": {"executed_lines": [], "summary": {"covered_lines": 0, "num_statements": 0, "percent_covered": 100.0, "percent_covered_display": "100", "missing_lines": 0, "excluded_lines": 0, "percent_statements_covered": 100.0, "percent_statements_covered_display": "100", "num_branches": 0, "num_partial_branches": 0, "covered_branches": 0, "missing_branches": 0, "percent_branches_covered": 100.0, "percent_branches_covered_display": "100"}, "missing_lines": [], "excluded_lines": [], "start_line": 26, "executed_branches": [], "missing_branches": []}, "LifespanTimeoutError": {"executed_lines": [], "summary": {"covered_lines": 0, "num_statements": 1, "percent_covered": 0.0, "percent_covered_display": "0", "missing_lines": 1, "excluded_lines": 0, "percent_statements_covered": 0.0, "percent_statements_covered_display": "0", "num_branches": 0, "num_partial_branches": 0, "covered_branches": 0, "missing_branches": 0, "percent_branches_covered": 100.0, "percent_branches_covered_display": "100"}, "missing_lines": [32], "excluded_lines": [], "start_line": 30, "executed_branches": [], "missing_branches": []}, "LifespanFailureError": {"executed_lines": [], "summary": {"covered_lines": 0, "num_statements": 1, "percent_covered": 0.0, "percent_covered_display": "0", "missing_lines": 1, "excluded_lines": 0, "percent_statements_covered": 0.0, "percent_statements_covered_display": "0", "num_branches": 0, "num_partial_branches": 0, "covered_branches": 0, "missing_branches": 0, "percent_branches_covered": 100.0, "percent_branches_covered_display": "100"}, "missing_lines": [40], "excluded_lines": [], "start_line": 38, "executed_branches": [], "missing_branches": []}, "UnexpectedMessageError": {"executed_lines": [], "summary": {"covered_lines": 0, "num_statements": 1, "percent_covered": 0.0, "percent_covered_display": "0", "missing_lines": 1, "excluded_lines": 0, "percent_statements_covered": 0.0, "percent_statements_covered_display": "0", "num_branches": 0, "num_partial_branches": 0, "covered_branches": 0, "missing_branches": 0, "percent_branches_covered": 100.0, "percent_branches_covered_display": "100"}, "missing_lines": [45], "excluded_lines": [], "start_line": 43, "executed_branches": [], "missing_branches": []}, "FrameTooLargeError": {"executed_lines": [], "summary": {"covered_lines": 0, "num_statements": 0, "percent_covered": 100.0, "percent_covered_display": "100", "missing_lines": 0, "excluded_lines": 0, "percent_statements_covered": 100.0, "percent_statements_covered_display": "100", "num_branches": 0, "num_partial_branches": 0, "covered_branches": 0, "missing_branches": 0, "percent_branches_covered": 100.0, "percent_branches_covered_display": "100"}, "missing_lines": [], "excluded_lines": [], "start_line": 48, "executed_branches": [], "missing_branches": []}, "": {"executed_lines": [1, 3, 4, 5, 6, 7, 8, 9, 10, 11, 12, 14, 15, 16, 22, 23, 26, 27, 30, 31, 38, 39, 43, 44, 48, 49, 52, 56, 66, 81, 113, 124, 138, 152, 157, 166, 171, 180, 191, 203], "summary": {"covered_lines": 40, "num_statements": 141, "percent_covered": 20.304568527918782, "percent_covered_display": "20", "missing_lines": 101, "excluded_lines": 2, "percent_statements_covered": 28.368794326241133, "percent_statements_covered_display": "28", "num_branches": 56, "num_partial_branches": 0, "covered_branches": 0, "missing_branches": 56, "percent_branches_covered": 0.0, "percent_branches_covered_display": "0"}, "missing_lines": [53, 58, 59, 60, 61, 62, 63, 67, 68, 69, 70, 71, 72, 73, 74, 75, 76, 77, 78, 82, 83, 84, 85, 86, 87, 88, 90, 92, 93, 94, 95, 97, 98, 99, 100, 101, 102, 104, 105, 106, 107, 108, 110, 116, 117, 118, 119, 121, 125, 126, 127, 128, 129, 130, 131, 132, 133, 134, 135, 139, 140, 141, 142, 143, 145, 146, 148, 149, 153, 154, 160, 161, 162, 163, 167, 168, 172, 173, 174, 175, 177, 181, 182, 183, 184, 185, 186, 188, 192, 193, 195, 196, 197, 198, 199, 200, 204, 205, 206, 207, 208], "excluded_lines": [18, 19], "start_line": 1, "executed_branches": [], "missing_branches": [[59, 60], [59, 63], [60, 61], [60, 62], [70, 71], [70, 77], [71, 72], [71, 73], [73, 74], [73, 75], [75, 70], [75, 76], [83, 84], [83, 85], [85, 86], [85, 90], [87, 88], [87, 92], [94, 95], [94, 97], [101, 102], [101, 104], [116, 117], [116, 118], [118, 119], [118, 121], [126, 127], [126, 135], [128, 129], [128, 130], [139, 140], [139, 149], [145, 146], [145, 148], [161, 162], [161, 163], [172, 173], [172, 174], [174, 175], [174, 177], [181, 182], [181, 183], [183, 184], [183, 185], [185, 186], [185, 188], [192, 193], [192, 195], [196, 197], [196, 200], [197, 196], [197, 198], [204, 205], [204, 206], [206, 207], [206, 208]]}}}}, "totals": {"covered_lines": 1028, "num_statements": 3226, "percent_covered": 26.040681173131503, "percent_covered_display": "26", "missing_lines": 2198, "excluded_lines": 10, "percent_statements_covered": 31.866088034717915, "percent_statements_covered_display": "32", "num_branches": 1002, "num_partial_branches": 29, "covered_branches": 73, "missing_branches": 929, "percent_branches_covered": 7.285429141716567, "percent_branches_covered_display": "7"}}